2023-04-19 16:59:48,511 INFO    MainThread:15749 [internal.py:wandb_internal():86] W&B internal server running at pid: 15749, started at: 2023-04-19 16:59:48.510747
2023-04-19 16:59:48,515 DEBUG   HandlerThread:15749 [handler.py:handle_request():126] handle_request: check_version
2023-04-19 16:59:48,516 INFO    WriterThread:15749 [datastore.py:open_for_write():77] open: /home/utente/Scrivania/PROVA/LADD/wandb/run-20230419_165947-1sjmk8rf/run-1sjmk8rf.wandb
2023-04-19 16:59:48,518 DEBUG   SenderThread:15749 [sender.py:send():182] send: header
2023-04-19 16:59:48,518 DEBUG   SenderThread:15749 [sender.py:send_request():196] send_request: check_version
2023-04-19 16:59:48,648 DEBUG   SenderThread:15749 [sender.py:send():182] send: run
2023-04-19 16:59:48,652 INFO    SenderThread:15749 [sender.py:_maybe_setup_resume():421] checking resume status for alessandro-fella-1/federated_cityscapes/1sjmk8rf
2023-04-19 17:00:18,651 DEBUG   HandlerThread:15749 [handler.py:handle_request():126] handle_request: shutdown
2023-04-19 17:00:18,652 INFO    HandlerThread:15749 [handler.py:finish():683] shutting down handler
2023-04-19 17:00:18,664 INFO    WriterThread:15749 [datastore.py:close():281] close: /home/utente/Scrivania/PROVA/LADD/wandb/run-20230419_165947-1sjmk8rf/run-1sjmk8rf.wandb
2023-04-19 17:00:22,724 ERROR   SenderThread:15749 [retry.py:__call__():126] Retry attempt failed:
Traceback (most recent call last):
  File "/home/utente/anaconda3/envs/LADD/lib/python3.9/site-packages/urllib3/connectionpool.py", line 445, in _make_request
    six.raise_from(e, None)
  File "<string>", line 3, in raise_from
  File "/home/utente/anaconda3/envs/LADD/lib/python3.9/site-packages/urllib3/connectionpool.py", line 440, in _make_request
    httplib_response = conn.getresponse()
  File "/home/utente/anaconda3/envs/LADD/lib/python3.9/http/client.py", line 1371, in getresponse
    response.begin()
  File "/home/utente/anaconda3/envs/LADD/lib/python3.9/http/client.py", line 319, in begin
    version, status, reason = self._read_status()
  File "/home/utente/anaconda3/envs/LADD/lib/python3.9/http/client.py", line 280, in _read_status
    line = str(self.fp.readline(_MAXLINE + 1), "iso-8859-1")
  File "/home/utente/anaconda3/envs/LADD/lib/python3.9/socket.py", line 704, in readinto
    return self._sock.recv_into(b)
  File "/home/utente/anaconda3/envs/LADD/lib/python3.9/ssl.py", line 1241, in recv_into
    return self.read(nbytes, buffer)
  File "/home/utente/anaconda3/envs/LADD/lib/python3.9/ssl.py", line 1099, in read
    return self._sslobj.read(len, buffer)
socket.timeout: The read operation timed out

During handling of the above exception, another exception occurred:

Traceback (most recent call last):
  File "/home/utente/anaconda3/envs/LADD/lib/python3.9/site-packages/requests/adapters.py", line 440, in send
    resp = conn.urlopen(
  File "/home/utente/anaconda3/envs/LADD/lib/python3.9/site-packages/urllib3/connectionpool.py", line 755, in urlopen
    retries = retries.increment(
  File "/home/utente/anaconda3/envs/LADD/lib/python3.9/site-packages/urllib3/util/retry.py", line 532, in increment
    raise six.reraise(type(error), error, _stacktrace)
  File "/home/utente/anaconda3/envs/LADD/lib/python3.9/site-packages/urllib3/packages/six.py", line 770, in reraise
    raise value
  File "/home/utente/anaconda3/envs/LADD/lib/python3.9/site-packages/urllib3/connectionpool.py", line 699, in urlopen
    httplib_response = self._make_request(
  File "/home/utente/anaconda3/envs/LADD/lib/python3.9/site-packages/urllib3/connectionpool.py", line 447, in _make_request
    self._raise_timeout(err=e, url=url, timeout_value=read_timeout)
  File "/home/utente/anaconda3/envs/LADD/lib/python3.9/site-packages/urllib3/connectionpool.py", line 336, in _raise_timeout
    raise ReadTimeoutError(
urllib3.exceptions.ReadTimeoutError: HTTPSConnectionPool(host='api.wandb.ai', port=443): Read timed out. (read timeout=10)

During handling of the above exception, another exception occurred:

Traceback (most recent call last):
  File "/home/utente/anaconda3/envs/LADD/lib/python3.9/site-packages/wandb/sdk/lib/retry.py", line 102, in __call__
    result = self._call_fn(*args, **kwargs)
  File "/home/utente/anaconda3/envs/LADD/lib/python3.9/site-packages/wandb/sdk/internal/internal_api.py", line 130, in execute
    return self.client.execute(*args, **kwargs)
  File "/home/utente/anaconda3/envs/LADD/lib/python3.9/site-packages/wandb/vendor/gql-0.2.0/gql/client.py", line 52, in execute
    result = self._get_result(document, *args, **kwargs)
  File "/home/utente/anaconda3/envs/LADD/lib/python3.9/site-packages/wandb/vendor/gql-0.2.0/gql/client.py", line 60, in _get_result
    return self.transport.execute(document, *args, **kwargs)
  File "/home/utente/anaconda3/envs/LADD/lib/python3.9/site-packages/wandb/vendor/gql-0.2.0/gql/transport/requests.py", line 38, in execute
    request = requests.post(self.url, **post_args)
  File "/home/utente/anaconda3/envs/LADD/lib/python3.9/site-packages/requests/api.py", line 117, in post
    return request('post', url, data=data, json=json, **kwargs)
  File "/home/utente/anaconda3/envs/LADD/lib/python3.9/site-packages/requests/api.py", line 61, in request
    return session.request(method=method, url=url, **kwargs)
  File "/home/utente/anaconda3/envs/LADD/lib/python3.9/site-packages/requests/sessions.py", line 529, in request
    resp = self.send(prep, **send_kwargs)
  File "/home/utente/anaconda3/envs/LADD/lib/python3.9/site-packages/requests/sessions.py", line 645, in send
    r = adapter.send(request, **kwargs)
  File "/home/utente/anaconda3/envs/LADD/lib/python3.9/site-packages/requests/adapters.py", line 532, in send
    raise ReadTimeout(e, request=request)
requests.exceptions.ReadTimeout: HTTPSConnectionPool(host='api.wandb.ai', port=443): Read timed out. (read timeout=10)
2023-04-19 17:01:22,081 INFO    SenderThread:15749 [dir_watcher.py:__init__():169] watching files in: /home/utente/Scrivania/PROVA/LADD/wandb/run-20230419_165947-1sjmk8rf/files
2023-04-19 17:01:22,082 INFO    SenderThread:15749 [sender.py:_start_run_threads():740] run started: 1sjmk8rf with start time 1681916387
2023-04-19 17:01:22,082 INFO    SenderThread:15749 [sender.py:finish():979] shutting down sender
2023-04-19 17:01:22,082 INFO    SenderThread:15749 [dir_watcher.py:finish():283] shutting down directory watcher
2023-04-19 17:01:23,084 INFO    SenderThread:15749 [dir_watcher.py:finish():313] scan: /home/utente/Scrivania/PROVA/LADD/wandb/run-20230419_165947-1sjmk8rf/files
2023-04-19 17:01:23,085 INFO    SenderThread:15749 [dir_watcher.py:finish():327] scan save: /home/utente/Scrivania/PROVA/LADD/wandb/run-20230419_165947-1sjmk8rf/files/config.yaml config.yaml
2023-04-19 17:01:23,086 INFO    SenderThread:15749 [file_pusher.py:finish():177] shutting down file pusher
2023-04-19 17:01:23,086 INFO    SenderThread:15749 [file_pusher.py:join():182] waiting for file pusher
2023-04-19 17:01:24,331 INFO    Thread-15 :15749 [upload_job.py:push():137] Uploaded file /home/utente/Scrivania/PROVA/LADD/wandb/run-20230419_165947-1sjmk8rf/files/config.yaml
2023-04-19 17:01:26,783 INFO    MainThread:15749 [internal.py:handle_exit():76] Internal process exited
