Done.
Setting up the random seed for reproducibility...
Done.
dynamic_import - class_name:  OracleTrainer
Initializing model...
Done.
Initializing datasets...
Done.
Initializing clients...
dynamic_import - class_name:  OracleClient
Done.
Initializing server...
dynamic_import - class_name:  OracleServer
Running without server optimizer
Done.
Initialize return score, metrics, ckpt, ckpt step...
Setting up metrics...
Done.
Done.
Initializing optimizer and scheduler...
Done.
dynamic_import - class_name:  OracleClient
The experiment begins...
ROUND 1/15: Training 2 Clients...
CLIENT 1/2: erfurt5 RGB
EPOCH 1: ended.
end
CLIENT 2/2: weimar3 HHA
EPOCH 1: ended.
end
{'Total samples': array(56), 'Overall Acc': 0.30537238171881964, 'Mean Acc': 0.08740770913144058, 'Mean Precision': 0.09266676467202666, 'FreqW Acc': 0.19072756317411177, 'Mean IoU': 0.045890357917723466, 'Class IoU': {0: 0.27296723736773215, 1: 0.1349627510998669, 2: 0.2567974463513922, 3: 0.0, 4: 0.0, 5: 0.012112108912718925, 6: 0.0, 7: 0.0, 8: 0.030613880429491456, 9: 0.0, 10: 0.013390704471487682, 11: 0.00995278638776662, 12: 0.0, 13: 0.0034488116631195063, 14: 'X', 15: 'X', 16: 'X', 17: 0.0, 18: 0.0}, 'Class Acc': {0: 0.4667569081818276, 1: 0.14405103051246212, 2: 0.4093796651591994, 3: 0.0, 4: 0.0, 5: 0.013813463570586673, 6: 0.0, 7: 0.0, 8: 0.03812665635307309, 9: 0.0, 10: 0.25197288370408577, 11: 0.07044339534988228, 12: 0.0, 13: 0.003979343271932264, 14: 'X', 15: 'X', 16: 'X', 17: 0.0, 18: 0.0}, 'Class Prec': {0: 0.39666791606452023, 1: 0.6814461186465618, 2: 0.4079302512792905, 3: 0.0, 4: 0.0, 5: 0.08953460900318104, 6: 0.0, 7: 0.0, 8: 0.1344709075569531, 9: 0.0, 10: 0.013945058623860624, 11: 0.01145756485334424, 12: 0.0, 13: 0.02521610274079486, 14: 'X', 15: 'X', 16: 'X', 17: 0.0, 18: 0.0}}
QUI ARRIVA ALL'UPDATE
AGGREGATION: END OF THE ROUND
Traceback (most recent call last):
  File "/home/utente/Scrivania/PROVA/LADD/src/run.py", line 53, in <module>
    run_experiment()
  File "/home/utente/Scrivania/PROVA/LADD/src/run.py", line 21, in run_experiment
    max_score = trainer.train(*trainer.train_args, **trainer.train_kwargs)
  File "/home/utente/Scrivania/PROVA/LADD/src/federated/trainers/oracle_trainer.py", line 136, in train
    return self.perform_fed_oracle_training(
  File "/home/utente/Scrivania/PROVA/LADD/src/federated/trainers/oracle_trainer.py", line 81, in perform_fed_oracle_training
    self.server.update_model()
  File "/home/utente/Scrivania/PROVA/LADD/src/federated/servers/oracle_server.py", line 273, in update_model
    averaged_sol_n_hha, averaged_sol_n_rgb, averaged_sol_n_decoder = self._aggregation_second_exp()
  File "/home/utente/Scrivania/PROVA/LADD/src/federated/servers/oracle_server.py", line 183, in _aggregation_second_exp
    averaged_sol_n_hha = copy.deepcopy(self.hha_backbone_params_dict)
  File "/home/utente/anaconda3/envs/LADD/lib/python3.9/copy.py", line 159, in deepcopy
    reductor = getattr(x, "__reduce_ex__", None)
  File "/home/utente/anaconda3/envs/LADD/lib/python3.9/copy.py", line 159, in deepcopy
    reductor = getattr(x, "__reduce_ex__", None)
  File "_pydevd_bundle/pydevd_cython.pyx", line 1179, in _pydevd_bundle.pydevd_cython.SafeCallWrapper.__call__
  File "_pydevd_bundle/pydevd_cython.pyx", line 620, in _pydevd_bundle.pydevd_cython.PyDBFrame.trace_dispatch
  File "_pydevd_bundle/pydevd_cython.pyx", line 1095, in _pydevd_bundle.pydevd_cython.PyDBFrame.trace_dispatch
  File "_pydevd_bundle/pydevd_cython.pyx", line 1057, in _pydevd_bundle.pydevd_cython.PyDBFrame.trace_dispatch
  File "_pydevd_bundle/pydevd_cython.pyx", line 317, in _pydevd_bundle.pydevd_cython.PyDBFrame.do_wait_suspend
  File "/home/utente/pycharm/plugins/python-ce/helpers/pydev/pydevd.py", line 1160, in do_wait_suspend
    self._do_wait_suspend(thread, frame, event, arg, suspend_type, from_this_thread)
  File "/home/utente/pycharm/plugins/python-ce/helpers/pydev/pydevd.py", line 1175, in _do_wait_suspend
    time.sleep(0.01)
KeyboardInterrupt
During handling of the above exception, another exception occurred:
Traceback (most recent call last):
  File "/home/utente/pycharm/plugins/python-ce/helpers/pydev/pydevd.py", line 2195, in <module>
    main()
  File "/home/utente/pycharm/plugins/python-ce/helpers/pydev/pydevd.py", line 2179, in main
    handle_keyboard_interrupt()
  File "/home/utente/pycharm/plugins/python-ce/helpers/pydev/pydevd.py", line 1997, in handle_keyboard_interrupt
    traceback.print_exception(type(value), value, tb, limit=limit)
  File "/home/utente/anaconda3/envs/LADD/lib/python3.9/traceback.py", line 103, in print_exception
    for line in TracebackException(
  File "/home/utente/anaconda3/envs/LADD/lib/python3.9/traceback.py", line 517, in __init__
    self.stack = StackSummary.extract(
  File "/home/utente/anaconda3/envs/LADD/lib/python3.9/traceback.py", line 366, in extract
    f.line
  File "/home/utente/anaconda3/envs/LADD/lib/python3.9/traceback.py", line 288, in line
    self._line = linecache.getline(self.filename, self.lineno).strip()
  File "/home/utente/anaconda3/envs/LADD/lib/python3.9/linecache.py", line 30, in getline
    lines = getlines(filename, module_globals)
  File "/home/utente/anaconda3/envs/LADD/lib/python3.9/linecache.py", line 46, in getlines
    return updatecache(filename, module_globals)
  File "/home/utente/anaconda3/envs/LADD/lib/python3.9/linecache.py", line 88, in updatecache
    if not filename or (filename.startswith('<') and filename.endswith('>')):
KeyboardInterrupt