Done.
Setting up the random seed for reproducibility...
Done.
dynamic_import - class_name:  OracleTrainer
Initializing model...
Done.
Initializing datasets...
Done.
Initializing clients...
dynamic_import - class_name:  OracleClient
Traceback (most recent call last):
  File "/home/utente/pycharm/plugins/python-ce/helpers/pydev/pydevd.py", line 2177, in main
    globals = debugger.run(setup['file'], None, None, is_module)
  File "/home/utente/pycharm/plugins/python-ce/helpers/pydev/pydevd.py", line 1489, in run
    return self._exec(is_module, entry_point_fn, module_name, file, globals, locals)
  File "/home/utente/pycharm/plugins/python-ce/helpers/pydev/pydevd.py", line 1496, in _exec
    pydev_imports.execfile(file, globals, locals)  # execute the script
  File "/home/utente/pycharm/plugins/python-ce/helpers/pydev/_pydev_imps/_pydev_execfile.py", line 18, in execfile
    exec(compile(contents+"\n", file, 'exec'), glob, loc)
  File "/home/utente/Scrivania/PROVA/LADD/src/run.py", line 53, in <module>
    run_experiment()
  File "/home/utente/Scrivania/PROVA/LADD/src/run.py", line 15, in run_experiment
    trainer = trainer_class(args, writer, device, rank, world_size)
  File "/home/utente/Scrivania/PROVA/LADD/src/federated/trainers/oracle_trainer.py", line 8, in __init__
    super().__init__(args, writer, device, rank, world_size)
  File "/home/utente/Scrivania/PROVA/LADD/src/federated/trainers/trainer.py", line 11, in __init__
    super().__init__(args, writer, device, rank, world_size)
  File "/home/utente/Scrivania/PROVA/LADD/src/general_trainer.py", line 59, in __init__
    self.__clients_setup()
  File "/home/utente/Scrivania/PROVA/LADD/src/general_trainer.py", line 154, in __clients_setup
    cl = client_class(**cl_args, batch_size=batch_size, test_user=split == 'test')
  File "/home/utente/Scrivania/PROVA/LADD/src/clients/oracle_client.py", line 18, in __init__
    super().__init__(args, client_id, dataset, model, writer, batch_size, world_size, rank, num_gpu,
  File "/home/utente/Scrivania/PROVA/LADD/src/clients/client.py", line 99, in __init__
    for _, samples in enumerate(self.loader):
  File "/home/utente/anaconda3/envs/LADD/lib/python3.9/site-packages/torch/utils/data/dataloader.py", line 521, in __next__
    data = self._next_data()
  File "/home/utente/anaconda3/envs/LADD/lib/python3.9/site-packages/torch/utils/data/dataloader.py", line 1186, in _next_data
    idx, data = self._get_data()
  File "/home/utente/anaconda3/envs/LADD/lib/python3.9/site-packages/torch/utils/data/dataloader.py", line 1142, in _get_data
    success, data = self._try_get_data()
  File "/home/utente/anaconda3/envs/LADD/lib/python3.9/site-packages/torch/utils/data/dataloader.py", line 990, in _try_get_data
    data = self._data_queue.get(timeout=timeout)
  File "/home/utente/anaconda3/envs/LADD/lib/python3.9/queue.py", line 180, in get
    self.not_empty.wait(remaining)
  File "/home/utente/anaconda3/envs/LADD/lib/python3.9/threading.py", line 316, in wait
    gotit = waiter.acquire(True, timeout)
KeyboardInterrupt
During handling of the above exception, another exception occurred:
Traceback (most recent call last):
  File "/home/utente/pycharm/plugins/python-ce/helpers/pydev/_pydevd_bundle/pydevd_utils.py", line 268, in in_project_roots
    return filename_to_in_scope_cache[filename]
KeyError: '/home/utente/pycharm/plugins/python-ce/helpers/pydev/_pydev_imps/_pydev_execfile.py'
During handling of the above exception, another exception occurred:
Traceback (most recent call last):
  File "/home/utente/pycharm/plugins/python-ce/helpers/pydev/pydevd.py", line 2195, in <module>
    main()
  File "/home/utente/pycharm/plugins/python-ce/helpers/pydev/pydevd.py", line 2179, in main
    handle_keyboard_interrupt()
  File "/home/utente/pycharm/plugins/python-ce/helpers/pydev/pydevd.py", line 1972, in handle_keyboard_interrupt
    if debugger.in_project_scope(filename) and '_pydevd' not in filename:
  File "/home/utente/pycharm/plugins/python-ce/helpers/pydev/pydevd.py", line 612, in in_project_scope
    return pydevd_utils.in_project_roots(filename)
  File "/home/utente/pycharm/plugins/python-ce/helpers/pydev/_pydevd_bundle/pydevd_utils.py", line 304, in in_project_roots
    filename_to_in_scope_cache[original_filename] = in_project
KeyboardInterrupt