Done.
Setting up the random seed for reproducibility...
Done.
dynamic_import - class_name:  OracleTrainer
Initializing model...
Done.
Initializing datasets...
Done.
Initializing clients...
dynamic_import - class_name:  OracleClient
Done.
Initializing server...
dynamic_import - class_name:  OracleServer
Running without server optimizer
Running without server optimizer
Done.
Initialize return score, metrics, ckpt, ckpt step...
Setting up metrics...
Done.
Setting up metrics...
Done.
Done.
Initializing optimizer and scheduler...
Done.
dynamic_import - class_name:  OracleClient
The experiment begins...
ROUND 1/15: Training 2 Clients...
CLIENT 1/2: erfurt5 RGB
Traceback (most recent call last):
  File "/home/utente/Scrivania/PROVA/LADD/src/run.py", line 53, in <module>
    run_experiment()
  File "/home/utente/Scrivania/PROVA/LADD/src/run.py", line 19, in run_experiment
    max_score,max_score_2 = trainer.train(*trainer.train_args, **trainer.train_kwargs)
  File "/home/utente/Scrivania/PROVA/LADD/src/federated/trainers/oracle_trainer.py", line 127, in train
    return self.perform_fed_oracle_training(
  File "/home/utente/Scrivania/PROVA/LADD/src/federated/trainers/oracle_trainer.py", line 42, in perform_fed_oracle_training
    losses, losses_2 = self.server.train_clients(partial_metric=partial_train_metric,  partial_metric_2=partial_train_metric_2)
  File "/home/utente/Scrivania/PROVA/LADD/src/federated/servers/oracle_server.py", line 67, in train_clients
    out = c.train(partial_metric_2, r=r)
  File "/home/utente/Scrivania/PROVA/LADD/src/clients/oracle_client.py", line 208, in train
    return len(self.dataset), copy.deepcopy(self.model.state_dict()), dict_losses_list
  File "/home/utente/anaconda3/envs/LADD/lib/python3.9/copy.py", line 172, in deepcopy
    y = _reconstruct(x, memo, *rv)
  File "/home/utente/anaconda3/envs/LADD/lib/python3.9/copy.py", line 296, in _reconstruct
    value = deepcopy(value, memo)
  File "/home/utente/anaconda3/envs/LADD/lib/python3.9/copy.py", line 153, in deepcopy
    y = copier(memo)
  File "/home/utente/anaconda3/envs/LADD/lib/python3.9/site-packages/torch/_tensor.py", line 119, in __deepcopy__
    new_tensor = self.new_empty([])
KeyboardInterrupt
During handling of the above exception, another exception occurred:
Traceback (most recent call last):
  File "/home/utente/pycharm/plugins/python-ce/helpers/pydev/pydevd.py", line 2195, in <module>
    main()
  File "/home/utente/pycharm/plugins/python-ce/helpers/pydev/pydevd.py", line 2179, in main
    handle_keyboard_interrupt()
  File "/home/utente/pycharm/plugins/python-ce/helpers/pydev/pydevd.py", line 1997, in handle_keyboard_interrupt
    traceback.print_exception(type(value), value, tb, limit=limit)
  File "/home/utente/anaconda3/envs/LADD/lib/python3.9/traceback.py", line 103, in print_exception
    for line in TracebackException(
  File "/home/utente/anaconda3/envs/LADD/lib/python3.9/traceback.py", line 517, in __init__
    self.stack = StackSummary.extract(
  File "/home/utente/anaconda3/envs/LADD/lib/python3.9/traceback.py", line 366, in extract
    f.line
  File "/home/utente/anaconda3/envs/LADD/lib/python3.9/traceback.py", line 288, in line
    self._line = linecache.getline(self.filename, self.lineno).strip()
  File "/home/utente/anaconda3/envs/LADD/lib/python3.9/linecache.py", line 30, in getline
    lines = getlines(filename, module_globals)
  File "/home/utente/anaconda3/envs/LADD/lib/python3.9/linecache.py", line 46, in getlines
    return updatecache(filename, module_globals)
  File "/home/utente/anaconda3/envs/LADD/lib/python3.9/linecache.py", line 136, in updatecache
    with tokenize.open(fullname) as fp:
  File "/home/utente/anaconda3/envs/LADD/lib/python3.9/tokenize.py", line 394, in open
    encoding, lines = detect_encoding(buffer.readline)
  File "/home/utente/anaconda3/envs/LADD/lib/python3.9/tokenize.py", line 363, in detect_encoding
    first = read_or_stop()
  File "/home/utente/anaconda3/envs/LADD/lib/python3.9/tokenize.py", line 321, in read_or_stop
    return readline()
KeyboardInterrupt
EPOCH 1: ended.