2023-04-12 18:08:12,705 INFO    MainThread:5884 [internal.py:wandb_internal():86] W&B internal server running at pid: 5884, started at: 2023-04-12 18:08:12.704778
2023-04-12 18:08:12,709 DEBUG   HandlerThread:5884 [handler.py:handle_request():126] handle_request: check_version
2023-04-12 18:08:12,709 INFO    WriterThread:5884 [datastore.py:open_for_write():77] open: /home/utente/Scrivania/PROVA/LADD/wandb/run-20230412_180811-dtmgx0d7/run-dtmgx0d7.wandb
2023-04-12 18:08:12,715 DEBUG   SenderThread:5884 [sender.py:send():182] send: header
2023-04-12 18:08:12,716 DEBUG   SenderThread:5884 [sender.py:send_request():196] send_request: check_version
2023-04-12 18:08:12,909 DEBUG   SenderThread:5884 [sender.py:send():182] send: run
2023-04-12 18:08:12,916 INFO    SenderThread:5884 [sender.py:_maybe_setup_resume():421] checking resume status for alessandro-fella-1/federated_cityscapes/dtmgx0d7
2023-04-12 18:08:13,717 DEBUG   HandlerThread:5884 [handler.py:handle_request():126] handle_request: run_start
2023-04-12 18:08:13,722 INFO    SenderThread:5884 [dir_watcher.py:__init__():169] watching files in: /home/utente/Scrivania/PROVA/LADD/wandb/run-20230412_180811-dtmgx0d7/files
2023-04-12 18:08:13,723 INFO    SenderThread:5884 [sender.py:_start_run_threads():740] run started: dtmgx0d7 with start time 1681315691
2023-04-12 18:08:13,723 DEBUG   SenderThread:5884 [sender.py:send():182] send: summary
2023-04-12 18:08:13,724 INFO    SenderThread:5884 [sender.py:_save_file():873] saving file wandb-summary.json with policy end
2023-04-12 18:08:13,728 DEBUG   HandlerThread:5884 [meta.py:__init__():40] meta init
2023-04-12 18:08:13,728 DEBUG   HandlerThread:5884 [meta.py:__init__():54] meta init done
2023-04-12 18:08:13,728 DEBUG   HandlerThread:5884 [meta.py:probe():211] probe
2023-04-12 18:08:13,735 DEBUG   HandlerThread:5884 [meta.py:_setup_git():201] setup git
2023-04-12 18:08:13,758 DEBUG   HandlerThread:5884 [meta.py:_setup_git():208] setup git done
2023-04-12 18:08:13,758 DEBUG   HandlerThread:5884 [meta.py:_save_pip():58] save pip
2023-04-12 18:08:13,760 DEBUG   HandlerThread:5884 [meta.py:_save_pip():72] save pip done
2023-04-12 18:08:13,760 DEBUG   HandlerThread:5884 [meta.py:_save_conda():79] save conda
2023-04-12 18:08:14,728 INFO    Thread-13 :5884 [dir_watcher.py:_on_file_created():217] file/dir created: /home/utente/Scrivania/PROVA/LADD/wandb/run-20230412_180811-dtmgx0d7/files/wandb-summary.json
2023-04-12 18:08:14,728 INFO    Thread-13 :5884 [dir_watcher.py:_on_file_created():217] file/dir created: /home/utente/Scrivania/PROVA/LADD/wandb/run-20230412_180811-dtmgx0d7/files/conda-environment.yaml
2023-04-12 18:08:14,729 INFO    Thread-13 :5884 [dir_watcher.py:_on_file_created():217] file/dir created: /home/utente/Scrivania/PROVA/LADD/wandb/run-20230412_180811-dtmgx0d7/files/requirements.txt
2023-04-12 18:08:17,358 DEBUG   HandlerThread:5884 [meta.py:_save_conda():87] save conda done
2023-04-12 18:08:17,359 DEBUG   HandlerThread:5884 [meta.py:probe():249] probe done
2023-04-12 18:08:17,529 DEBUG   SenderThread:5884 [sender.py:send():182] send: files
2023-04-12 18:08:17,530 INFO    SenderThread:5884 [sender.py:_save_file():873] saving file wandb-metadata.json with policy now
2023-04-12 18:08:17,544 DEBUG   HandlerThread:5884 [handler.py:handle_request():126] handle_request: stop_status
2023-04-12 18:08:17,545 DEBUG   SenderThread:5884 [sender.py:send_request():196] send_request: stop_status
2023-04-12 18:08:17,724 INFO    Thread-13 :5884 [dir_watcher.py:_on_file_modified():230] file/dir modified: /home/utente/Scrivania/PROVA/LADD/wandb/run-20230412_180811-dtmgx0d7/files/conda-environment.yaml
2023-04-12 18:08:17,724 INFO    Thread-13 :5884 [dir_watcher.py:_on_file_created():217] file/dir created: /home/utente/Scrivania/PROVA/LADD/wandb/run-20230412_180811-dtmgx0d7/files/output.log
2023-04-12 18:08:17,725 INFO    Thread-13 :5884 [dir_watcher.py:_on_file_created():217] file/dir created: /home/utente/Scrivania/PROVA/LADD/wandb/run-20230412_180811-dtmgx0d7/files/wandb-metadata.json
2023-04-12 18:08:17,815 DEBUG   SenderThread:5884 [sender.py:send():182] send: metric
2023-04-12 18:08:17,816 DEBUG   SenderThread:5884 [sender.py:send():182] send: metric
2023-04-12 18:08:17,816 WARNING SenderThread:5884 [sender.py:send_metric():831] Seen metric with glob (shouldnt happen)
2023-04-12 18:08:17,816 DEBUG   SenderThread:5884 [sender.py:send():182] send: config
2023-04-12 18:08:18,304 INFO    Thread-16 :5884 [upload_job.py:push():137] Uploaded file /tmp/tmp34fztzbcwandb/3trrrqsm-wandb-metadata.json
2023-04-12 18:08:24,731 INFO    Thread-13 :5884 [dir_watcher.py:_on_file_modified():230] file/dir modified: /home/utente/Scrivania/PROVA/LADD/wandb/run-20230412_180811-dtmgx0d7/files/output.log
2023-04-12 18:08:26,731 INFO    Thread-13 :5884 [dir_watcher.py:_on_file_modified():230] file/dir modified: /home/utente/Scrivania/PROVA/LADD/wandb/run-20230412_180811-dtmgx0d7/files/output.log
2023-04-12 18:08:32,817 DEBUG   HandlerThread:5884 [handler.py:handle_request():126] handle_request: stop_status
2023-04-12 18:08:32,818 DEBUG   SenderThread:5884 [sender.py:send_request():196] send_request: stop_status
2023-04-12 18:08:42,051 DEBUG   SenderThread:5884 [sender.py:send():182] send: stats
2023-04-12 18:08:43,741 INFO    Thread-13 :5884 [dir_watcher.py:_on_file_modified():230] file/dir modified: /home/utente/Scrivania/PROVA/LADD/wandb/run-20230412_180811-dtmgx0d7/files/config.yaml
2023-04-12 18:08:51,021 DEBUG   HandlerThread:5884 [handler.py:handle_request():126] handle_request: stop_status
2023-04-12 18:08:51,021 DEBUG   SenderThread:5884 [sender.py:send_request():196] send_request: stop_status
2023-04-12 18:09:06,327 DEBUG   HandlerThread:5884 [handler.py:handle_request():126] handle_request: stop_status
2023-04-12 18:09:06,328 DEBUG   SenderThread:5884 [sender.py:send_request():196] send_request: stop_status
2023-04-12 18:09:12,421 DEBUG   SenderThread:5884 [sender.py:send():182] send: stats
2023-04-12 18:09:21,751 DEBUG   HandlerThread:5884 [handler.py:handle_request():126] handle_request: stop_status
2023-04-12 18:09:21,751 DEBUG   SenderThread:5884 [sender.py:send_request():196] send_request: stop_status
2023-04-12 18:09:37,066 DEBUG   HandlerThread:5884 [handler.py:handle_request():126] handle_request: stop_status
2023-04-12 18:09:37,066 DEBUG   SenderThread:5884 [sender.py:send_request():196] send_request: stop_status
2023-04-12 18:09:42,704 DEBUG   SenderThread:5884 [sender.py:send():182] send: stats
2023-04-12 18:09:52,380 DEBUG   HandlerThread:5884 [handler.py:handle_request():126] handle_request: stop_status
2023-04-12 18:09:52,380 DEBUG   SenderThread:5884 [sender.py:send_request():196] send_request: stop_status
2023-04-12 18:10:07,680 DEBUG   HandlerThread:5884 [handler.py:handle_request():126] handle_request: stop_status
2023-04-12 18:10:07,680 DEBUG   SenderThread:5884 [sender.py:send_request():196] send_request: stop_status
2023-04-12 18:10:12,977 DEBUG   SenderThread:5884 [sender.py:send():182] send: stats
2023-04-12 18:10:22,984 DEBUG   HandlerThread:5884 [handler.py:handle_request():126] handle_request: stop_status
2023-04-12 18:10:22,985 DEBUG   SenderThread:5884 [sender.py:send_request():196] send_request: stop_status
2023-04-12 18:10:38,286 DEBUG   HandlerThread:5884 [handler.py:handle_request():126] handle_request: stop_status
2023-04-12 18:10:38,286 DEBUG   SenderThread:5884 [sender.py:send_request():196] send_request: stop_status
2023-04-12 18:10:43,253 DEBUG   SenderThread:5884 [sender.py:send():182] send: stats
2023-04-12 18:10:53,584 DEBUG   HandlerThread:5884 [handler.py:handle_request():126] handle_request: stop_status
2023-04-12 18:10:53,584 DEBUG   SenderThread:5884 [sender.py:send_request():196] send_request: stop_status
2023-04-12 18:11:08,882 DEBUG   HandlerThread:5884 [handler.py:handle_request():126] handle_request: stop_status
2023-04-12 18:11:08,883 DEBUG   SenderThread:5884 [sender.py:send_request():196] send_request: stop_status
2023-04-12 18:11:13,574 DEBUG   SenderThread:5884 [sender.py:send():182] send: stats
2023-04-12 18:11:24,151 DEBUG   HandlerThread:5884 [handler.py:handle_request():126] handle_request: stop_status
2023-04-12 18:11:24,151 DEBUG   SenderThread:5884 [sender.py:send_request():196] send_request: stop_status
2023-04-12 18:11:39,483 DEBUG   HandlerThread:5884 [handler.py:handle_request():126] handle_request: stop_status
2023-04-12 18:11:39,484 DEBUG   SenderThread:5884 [sender.py:send_request():196] send_request: stop_status
2023-04-12 18:11:43,952 DEBUG   SenderThread:5884 [sender.py:send():182] send: stats
2023-04-12 18:11:54,779 DEBUG   HandlerThread:5884 [handler.py:handle_request():126] handle_request: stop_status
2023-04-12 18:11:54,780 DEBUG   SenderThread:5884 [sender.py:send_request():196] send_request: stop_status
2023-04-12 18:12:10,077 DEBUG   HandlerThread:5884 [handler.py:handle_request():126] handle_request: stop_status
2023-04-12 18:12:10,078 DEBUG   SenderThread:5884 [sender.py:send_request():196] send_request: stop_status
2023-04-12 18:12:14,234 DEBUG   SenderThread:5884 [sender.py:send():182] send: stats
2023-04-12 18:12:25,395 DEBUG   HandlerThread:5884 [handler.py:handle_request():126] handle_request: stop_status
2023-04-12 18:12:25,396 DEBUG   SenderThread:5884 [sender.py:send_request():196] send_request: stop_status
2023-04-12 18:12:40,727 DEBUG   HandlerThread:5884 [handler.py:handle_request():126] handle_request: stop_status
2023-04-12 18:12:40,728 DEBUG   SenderThread:5884 [sender.py:send_request():196] send_request: stop_status
2023-04-12 18:12:44,497 DEBUG   SenderThread:5884 [sender.py:send():182] send: stats
2023-04-12 18:12:56,022 DEBUG   HandlerThread:5884 [handler.py:handle_request():126] handle_request: stop_status
2023-04-12 18:12:56,022 DEBUG   SenderThread:5884 [sender.py:send_request():196] send_request: stop_status
2023-04-12 18:13:11,307 DEBUG   HandlerThread:5884 [handler.py:handle_request():126] handle_request: stop_status
2023-04-12 18:13:11,308 DEBUG   SenderThread:5884 [sender.py:send_request():196] send_request: stop_status
2023-04-12 18:13:14,760 DEBUG   SenderThread:5884 [sender.py:send():182] send: stats
2023-04-12 18:13:26,599 DEBUG   HandlerThread:5884 [handler.py:handle_request():126] handle_request: stop_status
2023-04-12 18:13:26,600 DEBUG   SenderThread:5884 [sender.py:send_request():196] send_request: stop_status
2023-04-12 18:13:41,968 DEBUG   HandlerThread:5884 [handler.py:handle_request():126] handle_request: stop_status
2023-04-12 18:13:41,968 DEBUG   SenderThread:5884 [sender.py:send_request():196] send_request: stop_status
2023-04-12 18:13:45,024 DEBUG   SenderThread:5884 [sender.py:send():182] send: stats
2023-04-12 18:13:57,249 DEBUG   HandlerThread:5884 [handler.py:handle_request():126] handle_request: stop_status
2023-04-12 18:13:57,251 DEBUG   SenderThread:5884 [sender.py:send_request():196] send_request: stop_status
2023-04-12 18:14:12,562 DEBUG   HandlerThread:5884 [handler.py:handle_request():126] handle_request: stop_status
2023-04-12 18:14:12,562 DEBUG   SenderThread:5884 [sender.py:send_request():196] send_request: stop_status
2023-04-12 18:14:15,291 DEBUG   SenderThread:5884 [sender.py:send():182] send: stats
2023-04-12 18:14:27,852 DEBUG   HandlerThread:5884 [handler.py:handle_request():126] handle_request: stop_status
2023-04-12 18:14:27,852 DEBUG   SenderThread:5884 [sender.py:send_request():196] send_request: stop_status
2023-04-12 18:14:43,128 DEBUG   HandlerThread:5884 [handler.py:handle_request():126] handle_request: stop_status
2023-04-12 18:14:43,129 DEBUG   SenderThread:5884 [sender.py:send_request():196] send_request: stop_status
2023-04-12 18:14:45,542 DEBUG   SenderThread:5884 [sender.py:send():182] send: stats
2023-04-12 18:14:58,428 DEBUG   HandlerThread:5884 [handler.py:handle_request():126] handle_request: stop_status
2023-04-12 18:14:58,428 DEBUG   SenderThread:5884 [sender.py:send_request():196] send_request: stop_status
2023-04-12 18:15:13,758 DEBUG   HandlerThread:5884 [handler.py:handle_request():126] handle_request: stop_status
2023-04-12 18:15:13,758 DEBUG   SenderThread:5884 [sender.py:send_request():196] send_request: stop_status
2023-04-12 18:15:15,807 DEBUG   SenderThread:5884 [sender.py:send():182] send: stats
2023-04-12 18:15:29,048 DEBUG   HandlerThread:5884 [handler.py:handle_request():126] handle_request: stop_status
2023-04-12 18:15:29,049 DEBUG   SenderThread:5884 [sender.py:send_request():196] send_request: stop_status
2023-04-12 18:15:44,383 DEBUG   HandlerThread:5884 [handler.py:handle_request():126] handle_request: stop_status
2023-04-12 18:15:44,383 DEBUG   SenderThread:5884 [sender.py:send_request():196] send_request: stop_status
2023-04-12 18:15:46,188 DEBUG   SenderThread:5884 [sender.py:send():182] send: stats
2023-04-12 18:15:59,689 DEBUG   HandlerThread:5884 [handler.py:handle_request():126] handle_request: stop_status
2023-04-12 18:15:59,690 DEBUG   SenderThread:5884 [sender.py:send_request():196] send_request: stop_status
2023-04-12 18:16:15,011 DEBUG   HandlerThread:5884 [handler.py:handle_request():126] handle_request: stop_status
2023-04-12 18:16:15,011 DEBUG   SenderThread:5884 [sender.py:send_request():196] send_request: stop_status
2023-04-12 18:16:16,730 DEBUG   SenderThread:5884 [sender.py:send():182] send: stats
2023-04-12 18:16:30,333 DEBUG   HandlerThread:5884 [handler.py:handle_request():126] handle_request: stop_status
2023-04-12 18:16:30,334 DEBUG   SenderThread:5884 [sender.py:send_request():196] send_request: stop_status
2023-04-12 18:16:45,691 DEBUG   HandlerThread:5884 [handler.py:handle_request():126] handle_request: stop_status
2023-04-12 18:16:45,692 DEBUG   SenderThread:5884 [sender.py:send_request():196] send_request: stop_status
2023-04-12 18:16:47,129 DEBUG   SenderThread:5884 [sender.py:send():182] send: stats
2023-04-12 18:17:01,052 DEBUG   HandlerThread:5884 [handler.py:handle_request():126] handle_request: stop_status
2023-04-12 18:17:01,053 DEBUG   SenderThread:5884 [sender.py:send_request():196] send_request: stop_status
2023-04-12 18:17:16,412 DEBUG   HandlerThread:5884 [handler.py:handle_request():126] handle_request: stop_status
2023-04-12 18:17:16,413 DEBUG   SenderThread:5884 [sender.py:send_request():196] send_request: stop_status
2023-04-12 18:17:17,452 DEBUG   SenderThread:5884 [sender.py:send():182] send: stats
2023-04-12 18:17:31,773 DEBUG   HandlerThread:5884 [handler.py:handle_request():126] handle_request: stop_status
2023-04-12 18:17:31,774 DEBUG   SenderThread:5884 [sender.py:send_request():196] send_request: stop_status
2023-04-12 18:17:47,134 DEBUG   HandlerThread:5884 [handler.py:handle_request():126] handle_request: stop_status
2023-04-12 18:17:47,135 DEBUG   SenderThread:5884 [sender.py:send_request():196] send_request: stop_status
2023-04-12 18:17:47,735 DEBUG   SenderThread:5884 [sender.py:send():182] send: stats
2023-04-12 18:18:02,494 DEBUG   HandlerThread:5884 [handler.py:handle_request():126] handle_request: stop_status
2023-04-12 18:18:02,495 DEBUG   SenderThread:5884 [sender.py:send_request():196] send_request: stop_status
2023-04-12 18:18:17,954 DEBUG   HandlerThread:5884 [handler.py:handle_request():126] handle_request: stop_status
2023-04-12 18:18:17,955 DEBUG   SenderThread:5884 [sender.py:send_request():196] send_request: stop_status
2023-04-12 18:18:18,325 DEBUG   SenderThread:5884 [sender.py:send():182] send: stats
2023-04-12 18:18:33,329 DEBUG   HandlerThread:5884 [handler.py:handle_request():126] handle_request: stop_status
2023-04-12 18:18:33,330 DEBUG   SenderThread:5884 [sender.py:send_request():196] send_request: stop_status
2023-04-12 18:18:48,352 DEBUG   SenderThread:5884 [sender.py:send():182] send: stats
2023-04-12 18:18:48,675 DEBUG   HandlerThread:5884 [handler.py:handle_request():126] handle_request: stop_status
2023-04-12 18:18:48,676 DEBUG   SenderThread:5884 [sender.py:send_request():196] send_request: stop_status
2023-04-12 18:19:04,037 DEBUG   HandlerThread:5884 [handler.py:handle_request():126] handle_request: stop_status
2023-04-12 18:19:04,038 DEBUG   SenderThread:5884 [sender.py:send_request():196] send_request: stop_status
2023-04-12 18:19:18,648 DEBUG   SenderThread:5884 [sender.py:send():182] send: stats
2023-04-12 18:19:19,431 DEBUG   HandlerThread:5884 [handler.py:handle_request():126] handle_request: stop_status
2023-04-12 18:19:19,432 DEBUG   SenderThread:5884 [sender.py:send_request():196] send_request: stop_status
2023-04-12 18:19:34,758 DEBUG   HandlerThread:5884 [handler.py:handle_request():126] handle_request: stop_status
2023-04-12 18:19:34,759 DEBUG   SenderThread:5884 [sender.py:send_request():196] send_request: stop_status
2023-04-12 18:19:48,921 DEBUG   SenderThread:5884 [sender.py:send():182] send: stats
2023-04-12 18:19:50,118 DEBUG   HandlerThread:5884 [handler.py:handle_request():126] handle_request: stop_status
2023-04-12 18:19:50,119 DEBUG   SenderThread:5884 [sender.py:send_request():196] send_request: stop_status
2023-04-12 18:20:05,681 DEBUG   HandlerThread:5884 [handler.py:handle_request():126] handle_request: stop_status
2023-04-12 18:20:05,682 DEBUG   SenderThread:5884 [sender.py:send_request():196] send_request: stop_status
2023-04-12 18:20:19,248 DEBUG   SenderThread:5884 [sender.py:send():182] send: stats
2023-04-12 18:20:21,043 DEBUG   HandlerThread:5884 [handler.py:handle_request():126] handle_request: stop_status
2023-04-12 18:20:21,044 DEBUG   SenderThread:5884 [sender.py:send_request():196] send_request: stop_status
2023-04-12 18:20:36,402 DEBUG   HandlerThread:5884 [handler.py:handle_request():126] handle_request: stop_status
2023-04-12 18:20:36,402 DEBUG   SenderThread:5884 [sender.py:send_request():196] send_request: stop_status
2023-04-12 18:20:49,546 DEBUG   SenderThread:5884 [sender.py:send():182] send: stats
2023-04-12 18:20:51,761 DEBUG   HandlerThread:5884 [handler.py:handle_request():126] handle_request: stop_status
2023-04-12 18:20:51,762 DEBUG   SenderThread:5884 [sender.py:send_request():196] send_request: stop_status
2023-04-12 18:21:07,124 DEBUG   HandlerThread:5884 [handler.py:handle_request():126] handle_request: stop_status
2023-04-12 18:21:07,125 DEBUG   SenderThread:5884 [sender.py:send_request():196] send_request: stop_status
2023-04-12 18:21:19,849 DEBUG   SenderThread:5884 [sender.py:send():182] send: stats
2023-04-12 18:21:22,484 DEBUG   HandlerThread:5884 [handler.py:handle_request():126] handle_request: stop_status
2023-04-12 18:21:22,485 DEBUG   SenderThread:5884 [sender.py:send_request():196] send_request: stop_status
2023-04-12 18:21:37,844 DEBUG   HandlerThread:5884 [handler.py:handle_request():126] handle_request: stop_status
2023-04-12 18:21:37,845 DEBUG   SenderThread:5884 [sender.py:send_request():196] send_request: stop_status
2023-04-12 18:21:50,250 DEBUG   SenderThread:5884 [sender.py:send():182] send: stats
2023-04-12 18:21:53,204 DEBUG   HandlerThread:5884 [handler.py:handle_request():126] handle_request: stop_status
2023-04-12 18:21:53,205 DEBUG   SenderThread:5884 [sender.py:send_request():196] send_request: stop_status
2023-04-12 18:22:08,565 DEBUG   HandlerThread:5884 [handler.py:handle_request():126] handle_request: stop_status
2023-04-12 18:22:08,566 DEBUG   SenderThread:5884 [sender.py:send_request():196] send_request: stop_status
2023-04-12 18:22:20,658 DEBUG   SenderThread:5884 [sender.py:send():182] send: stats
2023-04-12 18:22:23,919 DEBUG   HandlerThread:5884 [handler.py:handle_request():126] handle_request: stop_status
2023-04-12 18:22:23,919 DEBUG   SenderThread:5884 [sender.py:send_request():196] send_request: stop_status
2023-04-12 18:22:39,285 DEBUG   HandlerThread:5884 [handler.py:handle_request():126] handle_request: stop_status
2023-04-12 18:22:39,286 DEBUG   SenderThread:5884 [sender.py:send_request():196] send_request: stop_status
2023-04-12 18:22:50,958 DEBUG   SenderThread:5884 [sender.py:send():182] send: stats
2023-04-12 18:22:54,643 DEBUG   HandlerThread:5884 [handler.py:handle_request():126] handle_request: stop_status
2023-04-12 18:22:54,644 DEBUG   SenderThread:5884 [sender.py:send_request():196] send_request: stop_status
2023-04-12 18:23:10,000 DEBUG   HandlerThread:5884 [handler.py:handle_request():126] handle_request: stop_status
2023-04-12 18:23:10,001 DEBUG   SenderThread:5884 [sender.py:send_request():196] send_request: stop_status
2023-04-12 18:23:21,266 DEBUG   SenderThread:5884 [sender.py:send():182] send: stats
2023-04-12 18:23:25,466 DEBUG   HandlerThread:5884 [handler.py:handle_request():126] handle_request: stop_status
2023-04-12 18:23:25,466 DEBUG   SenderThread:5884 [sender.py:send_request():196] send_request: stop_status
2023-04-12 18:23:40,827 DEBUG   HandlerThread:5884 [handler.py:handle_request():126] handle_request: stop_status
2023-04-12 18:23:40,828 DEBUG   SenderThread:5884 [sender.py:send_request():196] send_request: stop_status
2023-04-12 18:23:51,610 DEBUG   SenderThread:5884 [sender.py:send():182] send: stats
2023-04-12 18:23:56,292 DEBUG   HandlerThread:5884 [handler.py:handle_request():126] handle_request: stop_status
2023-04-12 18:23:56,293 DEBUG   SenderThread:5884 [sender.py:send_request():196] send_request: stop_status
2023-04-12 18:24:11,652 DEBUG   HandlerThread:5884 [handler.py:handle_request():126] handle_request: stop_status
2023-04-12 18:24:11,653 DEBUG   SenderThread:5884 [sender.py:send_request():196] send_request: stop_status
2023-04-12 18:24:22,046 DEBUG   SenderThread:5884 [sender.py:send():182] send: stats
2023-04-12 18:24:27,011 DEBUG   HandlerThread:5884 [handler.py:handle_request():126] handle_request: stop_status
2023-04-12 18:24:27,012 DEBUG   SenderThread:5884 [sender.py:send_request():196] send_request: stop_status
2023-04-12 18:24:42,469 DEBUG   HandlerThread:5884 [handler.py:handle_request():126] handle_request: stop_status
2023-04-12 18:24:42,469 DEBUG   SenderThread:5884 [sender.py:send_request():196] send_request: stop_status
2023-04-12 18:24:52,328 DEBUG   SenderThread:5884 [sender.py:send():182] send: stats
2023-04-12 18:24:57,835 DEBUG   HandlerThread:5884 [handler.py:handle_request():126] handle_request: stop_status
2023-04-12 18:24:57,836 DEBUG   SenderThread:5884 [sender.py:send_request():196] send_request: stop_status
2023-04-12 18:25:13,195 DEBUG   HandlerThread:5884 [handler.py:handle_request():126] handle_request: stop_status
2023-04-12 18:25:13,196 DEBUG   SenderThread:5884 [sender.py:send_request():196] send_request: stop_status
2023-04-12 18:25:22,622 DEBUG   SenderThread:5884 [sender.py:send():182] send: stats
2023-04-12 18:25:28,555 DEBUG   HandlerThread:5884 [handler.py:handle_request():126] handle_request: stop_status
2023-04-12 18:25:28,556 DEBUG   SenderThread:5884 [sender.py:send_request():196] send_request: stop_status
2023-04-12 18:25:43,916 DEBUG   HandlerThread:5884 [handler.py:handle_request():126] handle_request: stop_status
2023-04-12 18:25:43,917 DEBUG   SenderThread:5884 [sender.py:send_request():196] send_request: stop_status
2023-04-12 18:25:52,975 DEBUG   SenderThread:5884 [sender.py:send():182] send: stats
2023-04-12 18:25:59,276 DEBUG   HandlerThread:5884 [handler.py:handle_request():126] handle_request: stop_status
2023-04-12 18:25:59,277 DEBUG   SenderThread:5884 [sender.py:send_request():196] send_request: stop_status
2023-04-12 18:26:14,636 DEBUG   HandlerThread:5884 [handler.py:handle_request():126] handle_request: stop_status
2023-04-12 18:26:14,637 DEBUG   SenderThread:5884 [sender.py:send_request():196] send_request: stop_status
2023-04-12 18:26:23,458 DEBUG   SenderThread:5884 [sender.py:send():182] send: stats
2023-04-12 18:26:30,099 DEBUG   HandlerThread:5884 [handler.py:handle_request():126] handle_request: stop_status
2023-04-12 18:26:30,100 DEBUG   SenderThread:5884 [sender.py:send_request():196] send_request: stop_status
2023-04-12 18:26:45,459 DEBUG   HandlerThread:5884 [handler.py:handle_request():126] handle_request: stop_status
2023-04-12 18:26:45,460 DEBUG   SenderThread:5884 [sender.py:send_request():196] send_request: stop_status
2023-04-12 18:27:00,658 ERROR   SenderThread:5884 [retry.py:__call__():126] Retry attempt failed:
Traceback (most recent call last):
  File "/home/utente/anaconda3/envs/LADD/lib/python3.9/site-packages/urllib3/connection.py", line 174, in _new_conn
    conn = connection.create_connection(
  File "/home/utente/anaconda3/envs/LADD/lib/python3.9/site-packages/urllib3/util/connection.py", line 73, in create_connection
    for res in socket.getaddrinfo(host, port, family, socket.SOCK_STREAM):
  File "/home/utente/anaconda3/envs/LADD/lib/python3.9/socket.py", line 954, in getaddrinfo
    for res in _socket.getaddrinfo(host, port, family, type, proto, flags):
socket.gaierror: [Errno -3] Temporary failure in name resolution

During handling of the above exception, another exception occurred:

Traceback (most recent call last):
  File "/home/utente/anaconda3/envs/LADD/lib/python3.9/site-packages/urllib3/connectionpool.py", line 699, in urlopen
    httplib_response = self._make_request(
  File "/home/utente/anaconda3/envs/LADD/lib/python3.9/site-packages/urllib3/connectionpool.py", line 382, in _make_request
    self._validate_conn(conn)
  File "/home/utente/anaconda3/envs/LADD/lib/python3.9/site-packages/urllib3/connectionpool.py", line 1010, in _validate_conn
    conn.connect()
  File "/home/utente/anaconda3/envs/LADD/lib/python3.9/site-packages/urllib3/connection.py", line 358, in connect
    conn = self._new_conn()
  File "/home/utente/anaconda3/envs/LADD/lib/python3.9/site-packages/urllib3/connection.py", line 186, in _new_conn
    raise NewConnectionError(
urllib3.exceptions.NewConnectionError: <urllib3.connection.HTTPSConnection object at 0x7f562c3713a0>: Failed to establish a new connection: [Errno -3] Temporary failure in name resolution

During handling of the above exception, another exception occurred:

Traceback (most recent call last):
  File "/home/utente/anaconda3/envs/LADD/lib/python3.9/site-packages/requests/adapters.py", line 440, in send
    resp = conn.urlopen(
  File "/home/utente/anaconda3/envs/LADD/lib/python3.9/site-packages/urllib3/connectionpool.py", line 755, in urlopen
    retries = retries.increment(
  File "/home/utente/anaconda3/envs/LADD/lib/python3.9/site-packages/urllib3/util/retry.py", line 574, in increment
    raise MaxRetryError(_pool, url, error or ResponseError(cause))
urllib3.exceptions.MaxRetryError: HTTPSConnectionPool(host='api.wandb.ai', port=443): Max retries exceeded with url: /graphql (Caused by NewConnectionError('<urllib3.connection.HTTPSConnection object at 0x7f562c3713a0>: Failed to establish a new connection: [Errno -3] Temporary failure in name resolution'))

During handling of the above exception, another exception occurred:

Traceback (most recent call last):
  File "/home/utente/anaconda3/envs/LADD/lib/python3.9/site-packages/wandb/sdk/lib/retry.py", line 102, in __call__
    result = self._call_fn(*args, **kwargs)
  File "/home/utente/anaconda3/envs/LADD/lib/python3.9/site-packages/wandb/sdk/internal/internal_api.py", line 130, in execute
    return self.client.execute(*args, **kwargs)
  File "/home/utente/anaconda3/envs/LADD/lib/python3.9/site-packages/wandb/vendor/gql-0.2.0/gql/client.py", line 52, in execute
    result = self._get_result(document, *args, **kwargs)
  File "/home/utente/anaconda3/envs/LADD/lib/python3.9/site-packages/wandb/vendor/gql-0.2.0/gql/client.py", line 60, in _get_result
    return self.transport.execute(document, *args, **kwargs)
  File "/home/utente/anaconda3/envs/LADD/lib/python3.9/site-packages/wandb/vendor/gql-0.2.0/gql/transport/requests.py", line 38, in execute
    request = requests.post(self.url, **post_args)
  File "/home/utente/anaconda3/envs/LADD/lib/python3.9/site-packages/requests/api.py", line 117, in post
    return request('post', url, data=data, json=json, **kwargs)
  File "/home/utente/anaconda3/envs/LADD/lib/python3.9/site-packages/requests/api.py", line 61, in request
    return session.request(method=method, url=url, **kwargs)
  File "/home/utente/anaconda3/envs/LADD/lib/python3.9/site-packages/requests/sessions.py", line 529, in request
    resp = self.send(prep, **send_kwargs)
  File "/home/utente/anaconda3/envs/LADD/lib/python3.9/site-packages/requests/sessions.py", line 645, in send
    r = adapter.send(request, **kwargs)
  File "/home/utente/anaconda3/envs/LADD/lib/python3.9/site-packages/requests/adapters.py", line 519, in send
    raise ConnectionError(e, request=request)
requests.exceptions.ConnectionError: HTTPSConnectionPool(host='api.wandb.ai', port=443): Max retries exceeded with url: /graphql (Caused by NewConnectionError('<urllib3.connection.HTTPSConnection object at 0x7f562c3713a0>: Failed to establish a new connection: [Errno -3] Temporary failure in name resolution'))
2023-04-12 18:51:15,059 WARNING FileStreamThread:5884 [file_stream.py:request_with_retry():461] requests_with_retry encountered retryable exception: HTTPSConnectionPool(host='api.wandb.ai', port=443): Read timed out. (read timeout=None). func: <bound method Session.post of <requests.sessions.Session object at 0x7f562ce02910>>, args: ('https://api.wandb.ai/files/alessandro-fella-1/federated_cityscapes/dtmgx0d7/file_stream',), kwargs: {'json': {'complete': False, 'failed': False, 'dropped': 0, 'uploaded': []}}
2023-04-12 18:51:17,222 WARNING FileStreamThread:5884 [file_stream.py:request_with_retry():461] requests_with_retry encountered retryable exception: HTTPSConnectionPool(host='api.wandb.ai', port=443): Max retries exceeded with url: /files/alessandro-fella-1/federated_cityscapes/dtmgx0d7/file_stream (Caused by NewConnectionError('<urllib3.connection.HTTPSConnection object at 0x7f562c2c38e0>: Failed to establish a new connection: [Errno -3] Temporary failure in name resolution')). func: <bound method Session.post of <requests.sessions.Session object at 0x7f562ce02910>>, args: ('https://api.wandb.ai/files/alessandro-fella-1/federated_cityscapes/dtmgx0d7/file_stream',), kwargs: {'json': {'complete': False, 'failed': False, 'dropped': 0, 'uploaded': []}}
2023-04-12 18:51:22,162 WARNING FileStreamThread:5884 [file_stream.py:request_with_retry():461] requests_with_retry encountered retryable exception: HTTPSConnectionPool(host='api.wandb.ai', port=443): Max retries exceeded with url: /files/alessandro-fella-1/federated_cityscapes/dtmgx0d7/file_stream (Caused by NewConnectionError('<urllib3.connection.HTTPSConnection object at 0x7f562c2c36d0>: Failed to establish a new connection: [Errno -3] Temporary failure in name resolution')). func: <bound method Session.post of <requests.sessions.Session object at 0x7f562ce02910>>, args: ('https://api.wandb.ai/files/alessandro-fella-1/federated_cityscapes/dtmgx0d7/file_stream',), kwargs: {'json': {'complete': False, 'failed': False, 'dropped': 0, 'uploaded': []}}
2023-04-12 18:51:31,213 WARNING FileStreamThread:5884 [file_stream.py:request_with_retry():461] requests_with_retry encountered retryable exception: HTTPSConnectionPool(host='api.wandb.ai', port=443): Max retries exceeded with url: /files/alessandro-fella-1/federated_cityscapes/dtmgx0d7/file_stream (Caused by NewConnectionError('<urllib3.connection.HTTPSConnection object at 0x7f562c2c5dc0>: Failed to establish a new connection: [Errno -3] Temporary failure in name resolution')). func: <bound method Session.post of <requests.sessions.Session object at 0x7f562ce02910>>, args: ('https://api.wandb.ai/files/alessandro-fella-1/federated_cityscapes/dtmgx0d7/file_stream',), kwargs: {'json': {'complete': False, 'failed': False, 'dropped': 0, 'uploaded': []}}
2023-04-12 18:51:50,012 WARNING FileStreamThread:5884 [file_stream.py:request_with_retry():461] requests_with_retry encountered retryable exception: HTTPSConnectionPool(host='api.wandb.ai', port=443): Max retries exceeded with url: /files/alessandro-fella-1/federated_cityscapes/dtmgx0d7/file_stream (Caused by NewConnectionError('<urllib3.connection.HTTPSConnection object at 0x7f562c2c5fd0>: Failed to establish a new connection: [Errno -3] Temporary failure in name resolution')). func: <bound method Session.post of <requests.sessions.Session object at 0x7f562ce02910>>, args: ('https://api.wandb.ai/files/alessandro-fella-1/federated_cityscapes/dtmgx0d7/file_stream',), kwargs: {'json': {'complete': False, 'failed': False, 'dropped': 0, 'uploaded': []}}
2023-04-12 18:52:23,190 WARNING FileStreamThread:5884 [file_stream.py:request_with_retry():461] requests_with_retry encountered retryable exception: HTTPSConnectionPool(host='api.wandb.ai', port=443): Max retries exceeded with url: /files/alessandro-fella-1/federated_cityscapes/dtmgx0d7/file_stream (Caused by NewConnectionError('<urllib3.connection.HTTPSConnection object at 0x7f562c2c53d0>: Failed to establish a new connection: [Errno -3] Temporary failure in name resolution')). func: <bound method Session.post of <requests.sessions.Session object at 0x7f562ce02910>>, args: ('https://api.wandb.ai/files/alessandro-fella-1/federated_cityscapes/dtmgx0d7/file_stream',), kwargs: {'json': {'complete': False, 'failed': False, 'dropped': 0, 'uploaded': []}}
2023-04-12 18:53:38,811 WARNING FileStreamThread:5884 [file_stream.py:request_with_retry():461] requests_with_retry encountered retryable exception: HTTPSConnectionPool(host='api.wandb.ai', port=443): Max retries exceeded with url: /files/alessandro-fella-1/federated_cityscapes/dtmgx0d7/file_stream (Caused by NewConnectionError('<urllib3.connection.HTTPSConnection object at 0x7f562c323c40>: Failed to establish a new connection: [Errno -3] Temporary failure in name resolution')). func: <bound method Session.post of <requests.sessions.Session object at 0x7f562ce02910>>, args: ('https://api.wandb.ai/files/alessandro-fella-1/federated_cityscapes/dtmgx0d7/file_stream',), kwargs: {'json': {'complete': False, 'failed': False, 'dropped': 0, 'uploaded': []}}
2023-04-12 18:56:15,078 WARNING FileStreamThread:5884 [file_stream.py:request_with_retry():461] requests_with_retry encountered retryable exception: HTTPSConnectionPool(host='api.wandb.ai', port=443): Max retries exceeded with url: /files/alessandro-fella-1/federated_cityscapes/dtmgx0d7/file_stream (Caused by NewConnectionError('<urllib3.connection.HTTPSConnection object at 0x7f562c371b50>: Failed to establish a new connection: [Errno -3] Temporary failure in name resolution')). func: <bound method Session.post of <requests.sessions.Session object at 0x7f562ce02910>>, args: ('https://api.wandb.ai/files/alessandro-fella-1/federated_cityscapes/dtmgx0d7/file_stream',), kwargs: {'json': {'complete': False, 'failed': False, 'dropped': 0, 'uploaded': []}}
2023-04-12 19:00:52,770 WARNING FileStreamThread:5884 [file_stream.py:request_with_retry():461] requests_with_retry encountered retryable exception: HTTPSConnectionPool(host='api.wandb.ai', port=443): Max retries exceeded with url: /files/alessandro-fella-1/federated_cityscapes/dtmgx0d7/file_stream (Caused by NewConnectionError('<urllib3.connection.HTTPSConnection object at 0x7f562c371910>: Failed to establish a new connection: [Errno -3] Temporary failure in name resolution')). func: <bound method Session.post of <requests.sessions.Session object at 0x7f562ce02910>>, args: ('https://api.wandb.ai/files/alessandro-fella-1/federated_cityscapes/dtmgx0d7/file_stream',), kwargs: {'json': {'complete': False, 'failed': False, 'dropped': 0, 'uploaded': []}}
2023-04-12 19:06:36,279 WARNING FileStreamThread:5884 [file_stream.py:request_with_retry():461] requests_with_retry encountered retryable exception: HTTPSConnectionPool(host='api.wandb.ai', port=443): Max retries exceeded with url: /files/alessandro-fella-1/federated_cityscapes/dtmgx0d7/file_stream (Caused by NewConnectionError('<urllib3.connection.HTTPSConnection object at 0x7f562c323610>: Failed to establish a new connection: [Errno -3] Temporary failure in name resolution')). func: <bound method Session.post of <requests.sessions.Session object at 0x7f562ce02910>>, args: ('https://api.wandb.ai/files/alessandro-fella-1/federated_cityscapes/dtmgx0d7/file_stream',), kwargs: {'json': {'complete': False, 'failed': False, 'dropped': 0, 'uploaded': []}}
2023-04-12 19:12:01,847 WARNING FileStreamThread:5884 [file_stream.py:request_with_retry():461] requests_with_retry encountered retryable exception: HTTPSConnectionPool(host='api.wandb.ai', port=443): Max retries exceeded with url: /files/alessandro-fella-1/federated_cityscapes/dtmgx0d7/file_stream (Caused by NewConnectionError('<urllib3.connection.HTTPSConnection object at 0x7f562c323640>: Failed to establish a new connection: [Errno -3] Temporary failure in name resolution')). func: <bound method Session.post of <requests.sessions.Session object at 0x7f562ce02910>>, args: ('https://api.wandb.ai/files/alessandro-fella-1/federated_cityscapes/dtmgx0d7/file_stream',), kwargs: {'json': {'complete': False, 'failed': False, 'dropped': 0, 'uploaded': []}}
2023-04-12 19:17:06,235 WARNING FileStreamThread:5884 [file_stream.py:request_with_retry():461] requests_with_retry encountered retryable exception: HTTPSConnectionPool(host='api.wandb.ai', port=443): Max retries exceeded with url: /files/alessandro-fella-1/federated_cityscapes/dtmgx0d7/file_stream (Caused by NewConnectionError('<urllib3.connection.HTTPSConnection object at 0x7f562c2c51f0>: Failed to establish a new connection: [Errno -3] Temporary failure in name resolution')). func: <bound method Session.post of <requests.sessions.Session object at 0x7f562ce02910>>, args: ('https://api.wandb.ai/files/alessandro-fella-1/federated_cityscapes/dtmgx0d7/file_stream',), kwargs: {'json': {'complete': False, 'failed': False, 'dropped': 0, 'uploaded': []}}
2023-04-12 19:22:20,454 WARNING FileStreamThread:5884 [file_stream.py:request_with_retry():461] requests_with_retry encountered retryable exception: HTTPSConnectionPool(host='api.wandb.ai', port=443): Max retries exceeded with url: /files/alessandro-fella-1/federated_cityscapes/dtmgx0d7/file_stream (Caused by NewConnectionError('<urllib3.connection.HTTPSConnection object at 0x7f562c2c5fd0>: Failed to establish a new connection: [Errno -3] Temporary failure in name resolution')). func: <bound method Session.post of <requests.sessions.Session object at 0x7f562ce02910>>, args: ('https://api.wandb.ai/files/alessandro-fella-1/federated_cityscapes/dtmgx0d7/file_stream',), kwargs: {'json': {'complete': False, 'failed': False, 'dropped': 0, 'uploaded': []}}
2023-04-12 19:27:38,126 WARNING FileStreamThread:5884 [file_stream.py:request_with_retry():461] requests_with_retry encountered retryable exception: HTTPSConnectionPool(host='api.wandb.ai', port=443): Max retries exceeded with url: /files/alessandro-fella-1/federated_cityscapes/dtmgx0d7/file_stream (Caused by NewConnectionError('<urllib3.connection.HTTPSConnection object at 0x7f562c2cd400>: Failed to establish a new connection: [Errno -3] Temporary failure in name resolution')). func: <bound method Session.post of <requests.sessions.Session object at 0x7f562ce02910>>, args: ('https://api.wandb.ai/files/alessandro-fella-1/federated_cityscapes/dtmgx0d7/file_stream',), kwargs: {'json': {'complete': False, 'failed': False, 'dropped': 0, 'uploaded': []}}
2023-04-12 19:32:42,037 WARNING FileStreamThread:5884 [file_stream.py:request_with_retry():461] requests_with_retry encountered retryable exception: HTTPSConnectionPool(host='api.wandb.ai', port=443): Max retries exceeded with url: /files/alessandro-fella-1/federated_cityscapes/dtmgx0d7/file_stream (Caused by NewConnectionError('<urllib3.connection.HTTPSConnection object at 0x7f562c2cdc40>: Failed to establish a new connection: [Errno -3] Temporary failure in name resolution')). func: <bound method Session.post of <requests.sessions.Session object at 0x7f562ce02910>>, args: ('https://api.wandb.ai/files/alessandro-fella-1/federated_cityscapes/dtmgx0d7/file_stream',), kwargs: {'json': {'complete': False, 'failed': False, 'dropped': 0, 'uploaded': []}}
2023-04-12 19:38:50,619 WARNING FileStreamThread:5884 [file_stream.py:request_with_retry():461] requests_with_retry encountered retryable exception: HTTPSConnectionPool(host='api.wandb.ai', port=443): Max retries exceeded with url: /files/alessandro-fella-1/federated_cityscapes/dtmgx0d7/file_stream (Caused by NewConnectionError('<urllib3.connection.HTTPSConnection object at 0x7f562c371370>: Failed to establish a new connection: [Errno -3] Temporary failure in name resolution')). func: <bound method Session.post of <requests.sessions.Session object at 0x7f562ce02910>>, args: ('https://api.wandb.ai/files/alessandro-fella-1/federated_cityscapes/dtmgx0d7/file_stream',), kwargs: {'json': {'complete': False, 'failed': False, 'dropped': 0, 'uploaded': []}}
2023-04-12 19:43:57,186 WARNING FileStreamThread:5884 [file_stream.py:request_with_retry():461] requests_with_retry encountered retryable exception: HTTPSConnectionPool(host='api.wandb.ai', port=443): Max retries exceeded with url: /files/alessandro-fella-1/federated_cityscapes/dtmgx0d7/file_stream (Caused by NewConnectionError('<urllib3.connection.HTTPSConnection object at 0x7f562c371b20>: Failed to establish a new connection: [Errno -3] Temporary failure in name resolution')). func: <bound method Session.post of <requests.sessions.Session object at 0x7f562ce02910>>, args: ('https://api.wandb.ai/files/alessandro-fella-1/federated_cityscapes/dtmgx0d7/file_stream',), kwargs: {'json': {'complete': False, 'failed': False, 'dropped': 0, 'uploaded': []}}
2023-04-12 19:49:19,989 WARNING FileStreamThread:5884 [file_stream.py:request_with_retry():461] requests_with_retry encountered retryable exception: HTTPSConnectionPool(host='api.wandb.ai', port=443): Max retries exceeded with url: /files/alessandro-fella-1/federated_cityscapes/dtmgx0d7/file_stream (Caused by NewConnectionError('<urllib3.connection.HTTPSConnection object at 0x7f562c323760>: Failed to establish a new connection: [Errno -3] Temporary failure in name resolution')). func: <bound method Session.post of <requests.sessions.Session object at 0x7f562ce02910>>, args: ('https://api.wandb.ai/files/alessandro-fella-1/federated_cityscapes/dtmgx0d7/file_stream',), kwargs: {'json': {'complete': False, 'failed': False, 'dropped': 0, 'uploaded': []}}
2023-04-12 19:55:34,654 WARNING FileStreamThread:5884 [file_stream.py:request_with_retry():461] requests_with_retry encountered retryable exception: HTTPSConnectionPool(host='api.wandb.ai', port=443): Max retries exceeded with url: /files/alessandro-fella-1/federated_cityscapes/dtmgx0d7/file_stream (Caused by NewConnectionError('<urllib3.connection.HTTPSConnection object at 0x7f562c2c5c70>: Failed to establish a new connection: [Errno -3] Temporary failure in name resolution')). func: <bound method Session.post of <requests.sessions.Session object at 0x7f562ce02910>>, args: ('https://api.wandb.ai/files/alessandro-fella-1/federated_cityscapes/dtmgx0d7/file_stream',), kwargs: {'json': {'complete': False, 'failed': False, 'dropped': 0, 'uploaded': []}}
2023-04-12 20:01:01,926 WARNING FileStreamThread:5884 [file_stream.py:request_with_retry():461] requests_with_retry encountered retryable exception: HTTPSConnectionPool(host='api.wandb.ai', port=443): Max retries exceeded with url: /files/alessandro-fella-1/federated_cityscapes/dtmgx0d7/file_stream (Caused by NewConnectionError('<urllib3.connection.HTTPSConnection object at 0x7f562c2c5940>: Failed to establish a new connection: [Errno -3] Temporary failure in name resolution')). func: <bound method Session.post of <requests.sessions.Session object at 0x7f562ce02910>>, args: ('https://api.wandb.ai/files/alessandro-fella-1/federated_cityscapes/dtmgx0d7/file_stream',), kwargs: {'json': {'complete': False, 'failed': False, 'dropped': 0, 'uploaded': []}}
2023-04-12 20:06:31,612 WARNING FileStreamThread:5884 [file_stream.py:request_with_retry():461] requests_with_retry encountered retryable exception: HTTPSConnectionPool(host='api.wandb.ai', port=443): Max retries exceeded with url: /files/alessandro-fella-1/federated_cityscapes/dtmgx0d7/file_stream (Caused by NewConnectionError('<urllib3.connection.HTTPSConnection object at 0x7f562c376f10>: Failed to establish a new connection: [Errno -3] Temporary failure in name resolution')). func: <bound method Session.post of <requests.sessions.Session object at 0x7f562ce02910>>, args: ('https://api.wandb.ai/files/alessandro-fella-1/federated_cityscapes/dtmgx0d7/file_stream',), kwargs: {'json': {'complete': False, 'failed': False, 'dropped': 0, 'uploaded': []}}
2023-04-12 20:11:49,011 WARNING FileStreamThread:5884 [file_stream.py:request_with_retry():461] requests_with_retry encountered retryable exception: HTTPSConnectionPool(host='api.wandb.ai', port=443): Max retries exceeded with url: /files/alessandro-fella-1/federated_cityscapes/dtmgx0d7/file_stream (Caused by NewConnectionError('<urllib3.connection.HTTPSConnection object at 0x7f562c376b20>: Failed to establish a new connection: [Errno -3] Temporary failure in name resolution')). func: <bound method Session.post of <requests.sessions.Session object at 0x7f562ce02910>>, args: ('https://api.wandb.ai/files/alessandro-fella-1/federated_cityscapes/dtmgx0d7/file_stream',), kwargs: {'json': {'complete': False, 'failed': False, 'dropped': 0, 'uploaded': []}}
2023-04-12 20:17:15,258 WARNING FileStreamThread:5884 [file_stream.py:request_with_retry():461] requests_with_retry encountered retryable exception: HTTPSConnectionPool(host='api.wandb.ai', port=443): Max retries exceeded with url: /files/alessandro-fella-1/federated_cityscapes/dtmgx0d7/file_stream (Caused by NewConnectionError('<urllib3.connection.HTTPSConnection object at 0x7f562c376a60>: Failed to establish a new connection: [Errno -3] Temporary failure in name resolution')). func: <bound method Session.post of <requests.sessions.Session object at 0x7f562ce02910>>, args: ('https://api.wandb.ai/files/alessandro-fella-1/federated_cityscapes/dtmgx0d7/file_stream',), kwargs: {'json': {'complete': False, 'failed': False, 'dropped': 0, 'uploaded': []}}
2023-04-12 20:22:51,460 WARNING FileStreamThread:5884 [file_stream.py:request_with_retry():461] requests_with_retry encountered retryable exception: HTTPSConnectionPool(host='api.wandb.ai', port=443): Max retries exceeded with url: /files/alessandro-fella-1/federated_cityscapes/dtmgx0d7/file_stream (Caused by NewConnectionError('<urllib3.connection.HTTPSConnection object at 0x7f562c376820>: Failed to establish a new connection: [Errno -3] Temporary failure in name resolution')). func: <bound method Session.post of <requests.sessions.Session object at 0x7f562ce02910>>, args: ('https://api.wandb.ai/files/alessandro-fella-1/federated_cityscapes/dtmgx0d7/file_stream',), kwargs: {'json': {'complete': False, 'failed': False, 'dropped': 0, 'uploaded': []}}
2023-04-12 20:28:04,973 WARNING FileStreamThread:5884 [file_stream.py:request_with_retry():461] requests_with_retry encountered retryable exception: HTTPSConnectionPool(host='api.wandb.ai', port=443): Max retries exceeded with url: /files/alessandro-fella-1/federated_cityscapes/dtmgx0d7/file_stream (Caused by NewConnectionError('<urllib3.connection.HTTPSConnection object at 0x7f562c3761f0>: Failed to establish a new connection: [Errno -3] Temporary failure in name resolution')). func: <bound method Session.post of <requests.sessions.Session object at 0x7f562ce02910>>, args: ('https://api.wandb.ai/files/alessandro-fella-1/federated_cityscapes/dtmgx0d7/file_stream',), kwargs: {'json': {'complete': False, 'failed': False, 'dropped': 0, 'uploaded': []}}
2023-04-12 20:33:10,929 WARNING FileStreamThread:5884 [file_stream.py:request_with_retry():461] requests_with_retry encountered retryable exception: HTTPSConnectionPool(host='api.wandb.ai', port=443): Max retries exceeded with url: /files/alessandro-fella-1/federated_cityscapes/dtmgx0d7/file_stream (Caused by NewConnectionError('<urllib3.connection.HTTPSConnection object at 0x7f562c376820>: Failed to establish a new connection: [Errno -3] Temporary failure in name resolution')). func: <bound method Session.post of <requests.sessions.Session object at 0x7f562ce02910>>, args: ('https://api.wandb.ai/files/alessandro-fella-1/federated_cityscapes/dtmgx0d7/file_stream',), kwargs: {'json': {'complete': False, 'failed': False, 'dropped': 0, 'uploaded': []}}
2023-04-12 20:38:19,018 WARNING FileStreamThread:5884 [file_stream.py:request_with_retry():461] requests_with_retry encountered retryable exception: HTTPSConnectionPool(host='api.wandb.ai', port=443): Max retries exceeded with url: /files/alessandro-fella-1/federated_cityscapes/dtmgx0d7/file_stream (Caused by NewConnectionError('<urllib3.connection.HTTPSConnection object at 0x7f562c32b1f0>: Failed to establish a new connection: [Errno -3] Temporary failure in name resolution')). func: <bound method Session.post of <requests.sessions.Session object at 0x7f562ce02910>>, args: ('https://api.wandb.ai/files/alessandro-fella-1/federated_cityscapes/dtmgx0d7/file_stream',), kwargs: {'json': {'complete': False, 'failed': False, 'dropped': 0, 'uploaded': []}}
2023-04-12 20:43:46,948 DEBUG   SenderThread:5884 [sender.py:send():182] send: stats
2023-04-12 20:43:46,950 DEBUG   SenderThread:5884 [sender.py:send():182] send: stats
2023-04-12 20:43:46,952 DEBUG   SenderThread:5884 [sender.py:send():182] send: stats
2023-04-12 20:43:46,954 DEBUG   SenderThread:5884 [sender.py:send():182] send: stats
2023-04-12 20:43:46,956 DEBUG   SenderThread:5884 [sender.py:send():182] send: stats
2023-04-12 20:43:46,958 DEBUG   SenderThread:5884 [sender.py:send():182] send: stats
2023-04-12 20:43:46,960 DEBUG   SenderThread:5884 [sender.py:send():182] send: stats
2023-04-12 20:43:46,961 DEBUG   SenderThread:5884 [sender.py:send():182] send: stats
2023-04-12 20:43:46,963 DEBUG   SenderThread:5884 [sender.py:send():182] send: stats
2023-04-12 20:43:46,965 DEBUG   SenderThread:5884 [sender.py:send():182] send: stats
2023-04-12 20:43:46,967 DEBUG   SenderThread:5884 [sender.py:send():182] send: stats
2023-04-12 20:43:46,968 DEBUG   SenderThread:5884 [sender.py:send():182] send: stats
2023-04-12 20:43:46,970 DEBUG   SenderThread:5884 [sender.py:send():182] send: stats
2023-04-12 20:43:46,971 DEBUG   SenderThread:5884 [sender.py:send():182] send: stats
2023-04-12 20:43:46,972 DEBUG   SenderThread:5884 [sender.py:send():182] send: stats
2023-04-12 20:43:46,973 DEBUG   SenderThread:5884 [sender.py:send():182] send: stats
2023-04-12 20:43:46,974 DEBUG   SenderThread:5884 [sender.py:send():182] send: stats
2023-04-12 20:43:46,975 DEBUG   SenderThread:5884 [sender.py:send():182] send: stats
2023-04-12 20:43:46,976 DEBUG   SenderThread:5884 [sender.py:send():182] send: stats
2023-04-12 20:43:46,977 DEBUG   SenderThread:5884 [sender.py:send():182] send: stats
2023-04-12 20:43:46,977 DEBUG   SenderThread:5884 [sender.py:send():182] send: stats
2023-04-12 20:43:46,978 DEBUG   SenderThread:5884 [sender.py:send():182] send: stats
2023-04-12 20:43:46,978 DEBUG   SenderThread:5884 [sender.py:send():182] send: stats
2023-04-12 20:43:46,979 DEBUG   SenderThread:5884 [sender.py:send():182] send: stats
2023-04-12 20:43:46,979 DEBUG   SenderThread:5884 [sender.py:send():182] send: stats
2023-04-12 20:43:46,980 DEBUG   SenderThread:5884 [sender.py:send():182] send: stats
2023-04-12 20:43:46,980 DEBUG   SenderThread:5884 [sender.py:send():182] send: stats
2023-04-12 20:43:46,981 DEBUG   SenderThread:5884 [sender.py:send():182] send: stats
2023-04-12 20:43:46,981 DEBUG   SenderThread:5884 [sender.py:send():182] send: stats
2023-04-12 20:43:46,982 DEBUG   SenderThread:5884 [sender.py:send():182] send: stats
2023-04-12 20:43:46,982 DEBUG   SenderThread:5884 [sender.py:send():182] send: stats
2023-04-12 20:43:46,983 DEBUG   SenderThread:5884 [sender.py:send():182] send: stats
2023-04-12 20:43:46,983 DEBUG   SenderThread:5884 [sender.py:send():182] send: stats
2023-04-12 20:43:46,984 DEBUG   SenderThread:5884 [sender.py:send():182] send: stats
2023-04-12 20:43:46,984 DEBUG   SenderThread:5884 [sender.py:send():182] send: stats
2023-04-12 20:43:46,984 DEBUG   SenderThread:5884 [sender.py:send():182] send: stats
2023-04-12 20:43:46,985 DEBUG   SenderThread:5884 [sender.py:send():182] send: stats
2023-04-12 20:43:46,985 DEBUG   SenderThread:5884 [sender.py:send():182] send: stats
2023-04-12 20:43:46,986 DEBUG   SenderThread:5884 [sender.py:send():182] send: stats
2023-04-12 20:43:46,986 DEBUG   SenderThread:5884 [sender.py:send():182] send: stats
2023-04-12 20:43:46,986 DEBUG   SenderThread:5884 [sender.py:send():182] send: stats
2023-04-12 20:43:46,987 DEBUG   SenderThread:5884 [sender.py:send():182] send: stats
2023-04-12 20:43:46,987 DEBUG   SenderThread:5884 [sender.py:send():182] send: stats
2023-04-12 20:43:46,988 DEBUG   SenderThread:5884 [sender.py:send():182] send: stats
2023-04-12 20:43:46,988 DEBUG   SenderThread:5884 [sender.py:send():182] send: stats
2023-04-12 20:43:46,989 DEBUG   SenderThread:5884 [sender.py:send():182] send: stats
2023-04-12 20:43:46,989 DEBUG   SenderThread:5884 [sender.py:send():182] send: stats
2023-04-12 20:43:46,989 DEBUG   SenderThread:5884 [sender.py:send():182] send: stats
2023-04-12 20:43:46,990 DEBUG   SenderThread:5884 [sender.py:send():182] send: stats
2023-04-12 20:43:46,990 DEBUG   SenderThread:5884 [sender.py:send():182] send: stats
2023-04-12 20:43:46,990 DEBUG   SenderThread:5884 [sender.py:send():182] send: stats
2023-04-12 20:43:46,991 DEBUG   SenderThread:5884 [sender.py:send():182] send: stats
2023-04-12 20:43:46,991 DEBUG   SenderThread:5884 [sender.py:send():182] send: stats
2023-04-12 20:43:46,991 DEBUG   SenderThread:5884 [sender.py:send():182] send: stats
2023-04-12 20:43:46,992 DEBUG   SenderThread:5884 [sender.py:send():182] send: stats
2023-04-12 20:43:46,992 DEBUG   SenderThread:5884 [sender.py:send():182] send: stats
2023-04-12 20:43:46,992 DEBUG   SenderThread:5884 [sender.py:send():182] send: stats
2023-04-12 20:43:46,993 DEBUG   SenderThread:5884 [sender.py:send():182] send: stats
2023-04-12 20:43:46,993 DEBUG   SenderThread:5884 [sender.py:send():182] send: stats
2023-04-12 20:43:46,993 DEBUG   SenderThread:5884 [sender.py:send():182] send: stats
2023-04-12 20:43:46,994 DEBUG   SenderThread:5884 [sender.py:send():182] send: stats
2023-04-12 20:43:46,994 DEBUG   SenderThread:5884 [sender.py:send():182] send: stats
2023-04-12 20:43:46,994 DEBUG   SenderThread:5884 [sender.py:send():182] send: stats
2023-04-12 20:43:46,994 DEBUG   SenderThread:5884 [sender.py:send():182] send: stats
2023-04-12 20:43:46,995 DEBUG   SenderThread:5884 [sender.py:send():182] send: stats
2023-04-12 20:43:46,995 DEBUG   SenderThread:5884 [sender.py:send():182] send: stats
2023-04-12 20:43:46,995 DEBUG   SenderThread:5884 [sender.py:send():182] send: stats
2023-04-12 20:43:46,996 DEBUG   SenderThread:5884 [sender.py:send():182] send: stats
2023-04-12 20:43:46,996 DEBUG   SenderThread:5884 [sender.py:send():182] send: stats
2023-04-12 20:43:46,996 DEBUG   SenderThread:5884 [sender.py:send():182] send: stats
2023-04-12 20:43:46,996 DEBUG   SenderThread:5884 [sender.py:send():182] send: stats
2023-04-12 20:43:46,997 DEBUG   SenderThread:5884 [sender.py:send():182] send: stats
2023-04-12 20:43:46,997 DEBUG   SenderThread:5884 [sender.py:send():182] send: stats
2023-04-12 20:43:46,997 DEBUG   SenderThread:5884 [sender.py:send():182] send: stats
2023-04-12 20:43:46,997 DEBUG   SenderThread:5884 [sender.py:send():182] send: stats
2023-04-12 20:43:46,998 DEBUG   SenderThread:5884 [sender.py:send():182] send: stats
2023-04-12 20:43:46,998 DEBUG   SenderThread:5884 [sender.py:send():182] send: stats
2023-04-12 20:43:46,998 DEBUG   SenderThread:5884 [sender.py:send():182] send: stats
2023-04-12 20:43:46,999 DEBUG   SenderThread:5884 [sender.py:send():182] send: stats
2023-04-12 20:43:46,999 DEBUG   SenderThread:5884 [sender.py:send():182] send: stats
2023-04-12 20:43:46,999 DEBUG   SenderThread:5884 [sender.py:send():182] send: stats
2023-04-12 20:43:46,999 DEBUG   SenderThread:5884 [sender.py:send():182] send: stats
2023-04-12 20:43:47,000 DEBUG   SenderThread:5884 [sender.py:send():182] send: stats
2023-04-12 20:43:47,000 DEBUG   SenderThread:5884 [sender.py:send():182] send: stats
2023-04-12 20:43:47,000 DEBUG   SenderThread:5884 [sender.py:send():182] send: stats
2023-04-12 20:43:47,000 DEBUG   SenderThread:5884 [sender.py:send():182] send: stats
2023-04-12 20:43:47,001 DEBUG   SenderThread:5884 [sender.py:send():182] send: stats
2023-04-12 20:43:47,001 DEBUG   SenderThread:5884 [sender.py:send():182] send: stats
2023-04-12 20:43:47,002 DEBUG   SenderThread:5884 [sender.py:send():182] send: stats
2023-04-12 20:43:47,002 DEBUG   SenderThread:5884 [sender.py:send():182] send: stats
2023-04-12 20:43:47,003 DEBUG   SenderThread:5884 [sender.py:send():182] send: stats
2023-04-12 20:43:47,003 DEBUG   SenderThread:5884 [sender.py:send():182] send: stats
2023-04-12 20:43:47,003 DEBUG   SenderThread:5884 [sender.py:send():182] send: stats
2023-04-12 20:43:47,004 DEBUG   SenderThread:5884 [sender.py:send():182] send: stats
2023-04-12 20:43:47,004 DEBUG   SenderThread:5884 [sender.py:send():182] send: stats
2023-04-12 20:43:47,005 DEBUG   SenderThread:5884 [sender.py:send():182] send: stats
2023-04-12 20:43:47,005 DEBUG   SenderThread:5884 [sender.py:send():182] send: stats
2023-04-12 20:43:47,006 DEBUG   SenderThread:5884 [sender.py:send():182] send: stats
2023-04-12 20:43:47,006 DEBUG   SenderThread:5884 [sender.py:send():182] send: stats
2023-04-12 20:43:47,007 DEBUG   SenderThread:5884 [sender.py:send():182] send: stats
2023-04-12 20:43:47,007 DEBUG   SenderThread:5884 [sender.py:send():182] send: stats
2023-04-12 20:43:47,007 DEBUG   SenderThread:5884 [sender.py:send():182] send: stats
2023-04-12 20:43:47,008 DEBUG   SenderThread:5884 [sender.py:send():182] send: stats
2023-04-12 20:43:47,008 DEBUG   SenderThread:5884 [sender.py:send():182] send: stats
2023-04-12 20:43:47,008 DEBUG   SenderThread:5884 [sender.py:send():182] send: stats
2023-04-12 20:43:47,008 DEBUG   SenderThread:5884 [sender.py:send():182] send: stats
2023-04-12 20:43:47,009 DEBUG   SenderThread:5884 [sender.py:send():182] send: stats
2023-04-12 20:43:47,009 DEBUG   SenderThread:5884 [sender.py:send():182] send: stats
2023-04-12 20:43:47,009 DEBUG   SenderThread:5884 [sender.py:send():182] send: stats
2023-04-12 20:43:47,010 DEBUG   SenderThread:5884 [sender.py:send():182] send: stats
2023-04-12 20:43:47,010 DEBUG   SenderThread:5884 [sender.py:send():182] send: stats
2023-04-12 20:43:47,010 DEBUG   SenderThread:5884 [sender.py:send():182] send: stats
2023-04-12 20:43:47,010 DEBUG   SenderThread:5884 [sender.py:send():182] send: stats
2023-04-12 20:43:47,011 DEBUG   SenderThread:5884 [sender.py:send():182] send: stats
2023-04-12 20:43:47,011 DEBUG   SenderThread:5884 [sender.py:send():182] send: stats
2023-04-12 20:43:47,011 DEBUG   SenderThread:5884 [sender.py:send():182] send: stats
2023-04-12 20:43:47,011 DEBUG   SenderThread:5884 [sender.py:send():182] send: stats
2023-04-12 20:43:47,012 DEBUG   SenderThread:5884 [sender.py:send():182] send: stats
2023-04-12 20:43:47,012 DEBUG   SenderThread:5884 [sender.py:send():182] send: stats
2023-04-12 20:43:47,012 DEBUG   SenderThread:5884 [sender.py:send():182] send: stats
2023-04-12 20:43:47,012 DEBUG   SenderThread:5884 [sender.py:send():182] send: stats
2023-04-12 20:43:47,013 DEBUG   SenderThread:5884 [sender.py:send():182] send: stats
2023-04-12 20:43:47,013 DEBUG   SenderThread:5884 [sender.py:send():182] send: stats
2023-04-12 20:43:47,013 DEBUG   SenderThread:5884 [sender.py:send():182] send: stats
2023-04-12 20:43:47,014 DEBUG   SenderThread:5884 [sender.py:send():182] send: stats
2023-04-12 20:43:47,014 DEBUG   SenderThread:5884 [sender.py:send():182] send: stats
2023-04-12 20:43:47,014 DEBUG   SenderThread:5884 [sender.py:send():182] send: stats
2023-04-12 20:43:47,014 DEBUG   SenderThread:5884 [sender.py:send():182] send: stats
2023-04-12 20:43:47,015 DEBUG   SenderThread:5884 [sender.py:send():182] send: stats
2023-04-12 20:43:47,015 DEBUG   SenderThread:5884 [sender.py:send():182] send: stats
2023-04-12 20:43:47,015 DEBUG   SenderThread:5884 [sender.py:send():182] send: stats
2023-04-12 20:43:47,016 DEBUG   SenderThread:5884 [sender.py:send():182] send: stats
2023-04-12 20:43:47,016 DEBUG   SenderThread:5884 [sender.py:send():182] send: stats
2023-04-12 20:43:47,016 DEBUG   SenderThread:5884 [sender.py:send():182] send: stats
2023-04-12 20:43:47,016 DEBUG   SenderThread:5884 [sender.py:send():182] send: stats
2023-04-12 20:43:47,017 DEBUG   SenderThread:5884 [sender.py:send():182] send: stats
2023-04-12 20:43:47,017 DEBUG   SenderThread:5884 [sender.py:send():182] send: stats
2023-04-12 20:43:47,017 DEBUG   SenderThread:5884 [sender.py:send():182] send: stats
2023-04-12 20:43:47,018 DEBUG   SenderThread:5884 [sender.py:send():182] send: stats
2023-04-12 20:43:47,018 DEBUG   SenderThread:5884 [sender.py:send():182] send: stats
2023-04-12 20:43:47,018 DEBUG   SenderThread:5884 [sender.py:send():182] send: stats
2023-04-12 20:43:47,019 DEBUG   SenderThread:5884 [sender.py:send():182] send: stats
2023-04-12 20:43:47,019 DEBUG   SenderThread:5884 [sender.py:send():182] send: stats
2023-04-12 20:43:47,019 DEBUG   SenderThread:5884 [sender.py:send():182] send: stats
2023-04-12 20:43:47,020 DEBUG   SenderThread:5884 [sender.py:send():182] send: stats
2023-04-12 20:43:47,020 DEBUG   SenderThread:5884 [sender.py:send():182] send: stats
2023-04-12 20:43:47,020 DEBUG   SenderThread:5884 [sender.py:send():182] send: stats
2023-04-12 20:43:47,021 DEBUG   SenderThread:5884 [sender.py:send():182] send: stats
2023-04-12 20:43:47,021 DEBUG   SenderThread:5884 [sender.py:send():182] send: stats
2023-04-12 20:43:47,021 DEBUG   SenderThread:5884 [sender.py:send():182] send: stats
2023-04-12 20:43:47,021 DEBUG   SenderThread:5884 [sender.py:send():182] send: stats
2023-04-12 20:43:47,022 DEBUG   SenderThread:5884 [sender.py:send():182] send: stats
2023-04-12 20:43:47,022 DEBUG   SenderThread:5884 [sender.py:send():182] send: stats
2023-04-12 20:43:47,022 DEBUG   SenderThread:5884 [sender.py:send():182] send: stats
2023-04-12 20:43:47,023 DEBUG   SenderThread:5884 [sender.py:send():182] send: stats
2023-04-12 20:43:47,023 DEBUG   SenderThread:5884 [sender.py:send():182] send: stats
2023-04-12 20:43:47,023 DEBUG   SenderThread:5884 [sender.py:send():182] send: stats
2023-04-12 20:43:47,023 DEBUG   SenderThread:5884 [sender.py:send():182] send: stats
2023-04-12 20:43:47,024 DEBUG   SenderThread:5884 [sender.py:send():182] send: stats
2023-04-12 20:43:47,024 DEBUG   SenderThread:5884 [sender.py:send():182] send: stats
2023-04-12 20:43:47,024 DEBUG   SenderThread:5884 [sender.py:send():182] send: stats
2023-04-12 20:43:47,024 DEBUG   SenderThread:5884 [sender.py:send():182] send: stats
2023-04-12 20:43:47,025 DEBUG   SenderThread:5884 [sender.py:send():182] send: stats
2023-04-12 20:43:47,025 DEBUG   SenderThread:5884 [sender.py:send():182] send: stats
2023-04-12 20:43:47,026 DEBUG   SenderThread:5884 [sender.py:send():182] send: stats
2023-04-12 20:43:47,026 DEBUG   SenderThread:5884 [sender.py:send():182] send: stats
2023-04-12 20:43:47,026 DEBUG   SenderThread:5884 [sender.py:send():182] send: stats
2023-04-12 20:43:47,026 DEBUG   SenderThread:5884 [sender.py:send():182] send: stats
2023-04-12 20:43:47,027 DEBUG   SenderThread:5884 [sender.py:send():182] send: stats
2023-04-12 20:43:47,027 DEBUG   SenderThread:5884 [sender.py:send():182] send: stats
2023-04-12 20:43:47,027 DEBUG   SenderThread:5884 [sender.py:send():182] send: stats
2023-04-12 20:43:47,028 DEBUG   SenderThread:5884 [sender.py:send():182] send: stats
2023-04-12 20:43:47,028 DEBUG   SenderThread:5884 [sender.py:send():182] send: stats
2023-04-12 20:43:47,028 DEBUG   SenderThread:5884 [sender.py:send():182] send: stats
2023-04-12 20:43:47,029 DEBUG   SenderThread:5884 [sender.py:send():182] send: stats
2023-04-12 20:43:47,029 DEBUG   SenderThread:5884 [sender.py:send():182] send: stats
2023-04-12 20:43:47,029 DEBUG   SenderThread:5884 [sender.py:send():182] send: stats
2023-04-12 20:43:47,029 DEBUG   SenderThread:5884 [sender.py:send():182] send: stats
2023-04-12 20:43:47,030 DEBUG   SenderThread:5884 [sender.py:send():182] send: stats
2023-04-12 20:43:47,030 DEBUG   SenderThread:5884 [sender.py:send():182] send: stats
2023-04-12 20:43:47,030 DEBUG   SenderThread:5884 [sender.py:send():182] send: stats
2023-04-12 20:43:47,030 DEBUG   SenderThread:5884 [sender.py:send():182] send: stats
2023-04-12 20:43:47,031 DEBUG   SenderThread:5884 [sender.py:send():182] send: stats
2023-04-12 20:43:47,031 DEBUG   SenderThread:5884 [sender.py:send():182] send: stats
2023-04-12 20:43:47,031 DEBUG   SenderThread:5884 [sender.py:send():182] send: stats
2023-04-12 20:43:47,031 DEBUG   SenderThread:5884 [sender.py:send():182] send: stats
2023-04-12 20:43:47,032 DEBUG   SenderThread:5884 [sender.py:send():182] send: stats
2023-04-12 20:43:47,032 DEBUG   SenderThread:5884 [sender.py:send():182] send: stats
2023-04-12 20:43:47,032 DEBUG   SenderThread:5884 [sender.py:send():182] send: stats
2023-04-12 20:43:47,032 DEBUG   SenderThread:5884 [sender.py:send():182] send: stats
2023-04-12 20:43:47,033 DEBUG   SenderThread:5884 [sender.py:send():182] send: stats
2023-04-12 20:43:47,033 DEBUG   SenderThread:5884 [sender.py:send():182] send: stats
2023-04-12 20:43:47,033 DEBUG   SenderThread:5884 [sender.py:send():182] send: stats
2023-04-12 20:43:47,034 DEBUG   SenderThread:5884 [sender.py:send():182] send: stats
2023-04-12 20:43:47,034 DEBUG   SenderThread:5884 [sender.py:send():182] send: stats
2023-04-12 20:43:47,035 DEBUG   SenderThread:5884 [sender.py:send():182] send: stats
2023-04-12 20:43:47,035 DEBUG   SenderThread:5884 [sender.py:send():182] send: stats
2023-04-12 20:43:47,035 DEBUG   SenderThread:5884 [sender.py:send():182] send: stats
2023-04-12 20:43:47,036 DEBUG   SenderThread:5884 [sender.py:send():182] send: stats
2023-04-12 20:43:47,036 DEBUG   SenderThread:5884 [sender.py:send():182] send: stats
2023-04-12 20:43:47,037 DEBUG   SenderThread:5884 [sender.py:send():182] send: stats
2023-04-12 20:43:47,037 DEBUG   SenderThread:5884 [sender.py:send():182] send: stats
2023-04-12 20:43:47,037 DEBUG   SenderThread:5884 [sender.py:send():182] send: stats
2023-04-12 20:43:47,038 DEBUG   SenderThread:5884 [sender.py:send():182] send: stats
2023-04-12 20:43:47,038 DEBUG   SenderThread:5884 [sender.py:send():182] send: stats
2023-04-12 20:43:47,039 DEBUG   SenderThread:5884 [sender.py:send():182] send: stats
2023-04-12 20:43:47,039 DEBUG   SenderThread:5884 [sender.py:send():182] send: stats
2023-04-12 20:43:47,040 DEBUG   SenderThread:5884 [sender.py:send():182] send: stats
2023-04-12 20:43:47,040 DEBUG   SenderThread:5884 [sender.py:send():182] send: stats
2023-04-12 20:43:47,040 DEBUG   SenderThread:5884 [sender.py:send():182] send: stats
2023-04-12 20:43:47,041 DEBUG   SenderThread:5884 [sender.py:send():182] send: stats
2023-04-12 20:43:47,041 DEBUG   SenderThread:5884 [sender.py:send():182] send: stats
2023-04-12 20:43:47,041 DEBUG   SenderThread:5884 [sender.py:send():182] send: stats
2023-04-12 20:43:47,042 DEBUG   SenderThread:5884 [sender.py:send():182] send: stats
2023-04-12 20:43:47,042 DEBUG   SenderThread:5884 [sender.py:send():182] send: stats
2023-04-12 20:43:47,042 DEBUG   SenderThread:5884 [sender.py:send():182] send: stats
2023-04-12 20:43:47,043 DEBUG   SenderThread:5884 [sender.py:send():182] send: stats
2023-04-12 20:43:47,043 DEBUG   SenderThread:5884 [sender.py:send():182] send: stats
2023-04-12 20:43:47,043 DEBUG   SenderThread:5884 [sender.py:send():182] send: stats
2023-04-12 20:43:47,043 DEBUG   SenderThread:5884 [sender.py:send():182] send: stats
2023-04-12 20:43:47,044 DEBUG   SenderThread:5884 [sender.py:send():182] send: stats
2023-04-12 20:43:47,044 DEBUG   SenderThread:5884 [sender.py:send():182] send: stats
2023-04-12 20:43:47,044 DEBUG   SenderThread:5884 [sender.py:send():182] send: stats
2023-04-12 20:43:47,044 DEBUG   SenderThread:5884 [sender.py:send():182] send: stats
2023-04-12 20:43:47,045 DEBUG   SenderThread:5884 [sender.py:send():182] send: stats
2023-04-12 20:43:47,045 DEBUG   SenderThread:5884 [sender.py:send():182] send: stats
2023-04-12 20:43:47,045 DEBUG   SenderThread:5884 [sender.py:send():182] send: stats
2023-04-12 20:43:47,045 DEBUG   SenderThread:5884 [sender.py:send():182] send: stats
2023-04-12 20:43:47,046 DEBUG   SenderThread:5884 [sender.py:send():182] send: stats
2023-04-12 20:43:47,046 DEBUG   SenderThread:5884 [sender.py:send():182] send: stats
2023-04-12 20:43:47,046 DEBUG   SenderThread:5884 [sender.py:send():182] send: stats
2023-04-12 20:43:47,046 DEBUG   SenderThread:5884 [sender.py:send():182] send: stats
2023-04-12 20:43:47,047 DEBUG   SenderThread:5884 [sender.py:send():182] send: stats
2023-04-12 20:43:47,047 DEBUG   SenderThread:5884 [sender.py:send():182] send: stats
2023-04-12 20:43:47,047 DEBUG   SenderThread:5884 [sender.py:send():182] send: stats
2023-04-12 20:43:47,048 DEBUG   SenderThread:5884 [sender.py:send():182] send: stats
2023-04-12 20:43:47,048 DEBUG   SenderThread:5884 [sender.py:send():182] send: stats
2023-04-12 20:43:47,048 DEBUG   SenderThread:5884 [sender.py:send():182] send: stats
2023-04-12 20:43:47,048 DEBUG   SenderThread:5884 [sender.py:send():182] send: stats
2023-04-12 20:43:47,049 DEBUG   SenderThread:5884 [sender.py:send():182] send: stats
2023-04-12 20:43:47,049 DEBUG   SenderThread:5884 [sender.py:send():182] send: stats
2023-04-12 20:43:47,050 DEBUG   SenderThread:5884 [sender.py:send():182] send: stats
2023-04-12 20:43:47,050 DEBUG   SenderThread:5884 [sender.py:send():182] send: stats
2023-04-12 20:43:47,050 DEBUG   SenderThread:5884 [sender.py:send():182] send: stats
2023-04-12 20:43:47,051 DEBUG   SenderThread:5884 [sender.py:send():182] send: stats
2023-04-12 20:43:47,052 DEBUG   SenderThread:5884 [sender.py:send():182] send: stats
2023-04-12 20:43:47,052 DEBUG   SenderThread:5884 [sender.py:send():182] send: stats
2023-04-12 20:43:47,053 DEBUG   SenderThread:5884 [sender.py:send():182] send: stats
2023-04-12 20:43:47,053 DEBUG   SenderThread:5884 [sender.py:send():182] send: stats
2023-04-12 20:43:47,053 DEBUG   SenderThread:5884 [sender.py:send():182] send: stats
2023-04-12 20:43:47,054 DEBUG   SenderThread:5884 [sender.py:send():182] send: stats
2023-04-12 20:43:47,054 DEBUG   SenderThread:5884 [sender.py:send():182] send: stats
2023-04-12 20:43:47,055 DEBUG   SenderThread:5884 [sender.py:send():182] send: stats
2023-04-12 20:43:47,055 DEBUG   SenderThread:5884 [sender.py:send():182] send: stats
2023-04-12 20:43:47,056 DEBUG   SenderThread:5884 [sender.py:send():182] send: stats
2023-04-12 20:43:47,056 DEBUG   SenderThread:5884 [sender.py:send():182] send: stats
2023-04-12 20:43:47,056 DEBUG   SenderThread:5884 [sender.py:send():182] send: stats
2023-04-12 20:43:47,057 DEBUG   SenderThread:5884 [sender.py:send():182] send: stats
2023-04-12 20:43:47,057 DEBUG   SenderThread:5884 [sender.py:send():182] send: stats
2023-04-12 20:43:47,058 DEBUG   SenderThread:5884 [sender.py:send():182] send: stats
2023-04-12 20:43:47,058 DEBUG   SenderThread:5884 [sender.py:send():182] send: stats
2023-04-12 20:43:47,058 DEBUG   SenderThread:5884 [sender.py:send():182] send: stats
2023-04-12 20:43:47,059 DEBUG   SenderThread:5884 [sender.py:send():182] send: stats
2023-04-12 20:43:47,059 DEBUG   SenderThread:5884 [sender.py:send():182] send: stats
2023-04-12 20:43:47,059 DEBUG   SenderThread:5884 [sender.py:send():182] send: stats
2023-04-12 20:43:47,060 DEBUG   SenderThread:5884 [sender.py:send():182] send: stats
2023-04-12 20:43:47,060 DEBUG   SenderThread:5884 [sender.py:send():182] send: stats
2023-04-12 20:43:47,060 DEBUG   SenderThread:5884 [sender.py:send():182] send: stats
2023-04-12 20:43:47,060 DEBUG   SenderThread:5884 [sender.py:send():182] send: stats
2023-04-12 20:43:47,061 DEBUG   SenderThread:5884 [sender.py:send():182] send: stats
2023-04-12 20:43:47,061 DEBUG   SenderThread:5884 [sender.py:send():182] send: stats
2023-04-12 20:43:48,539 INFO    Thread-13 :5884 [dir_watcher.py:_on_file_modified():230] file/dir modified: /home/utente/Scrivania/PROVA/LADD/wandb/run-20230412_180811-dtmgx0d7/files/output.log
2023-04-12 20:43:55,194 DEBUG   SenderThread:5884 [sender.py:send():182] send: stats
2023-04-12 20:44:01,952 DEBUG   HandlerThread:5884 [handler.py:handle_request():126] handle_request: stop_status
2023-04-12 20:44:01,954 DEBUG   SenderThread:5884 [sender.py:send_request():196] send_request: stop_status
2023-04-12 20:44:17,375 DEBUG   HandlerThread:5884 [handler.py:handle_request():126] handle_request: stop_status
2023-04-12 20:44:17,376 DEBUG   SenderThread:5884 [sender.py:send_request():196] send_request: stop_status
2023-04-12 20:44:25,691 DEBUG   SenderThread:5884 [sender.py:send():182] send: stats
2023-04-12 20:44:33,460 DEBUG   HandlerThread:5884 [handler.py:handle_request():126] handle_request: stop_status
2023-04-12 20:44:33,461 DEBUG   SenderThread:5884 [sender.py:send_request():196] send_request: stop_status
2023-04-12 20:44:48,806 DEBUG   HandlerThread:5884 [handler.py:handle_request():126] handle_request: stop_status
2023-04-12 20:44:48,807 DEBUG   SenderThread:5884 [sender.py:send_request():196] send_request: stop_status
2023-04-12 20:44:56,094 DEBUG   SenderThread:5884 [sender.py:send():182] send: stats
2023-04-12 20:45:04,480 DEBUG   HandlerThread:5884 [handler.py:handle_request():126] handle_request: stop_status
2023-04-12 20:45:04,481 DEBUG   SenderThread:5884 [sender.py:send_request():196] send_request: stop_status
2023-04-12 20:45:20,252 DEBUG   HandlerThread:5884 [handler.py:handle_request():126] handle_request: stop_status
2023-04-12 20:45:20,253 DEBUG   SenderThread:5884 [sender.py:send_request():196] send_request: stop_status
2023-04-12 20:45:26,546 DEBUG   SenderThread:5884 [sender.py:send():182] send: stats
2023-04-12 20:45:35,611 DEBUG   HandlerThread:5884 [handler.py:handle_request():126] handle_request: stop_status
2023-04-12 20:45:35,611 DEBUG   SenderThread:5884 [sender.py:send_request():196] send_request: stop_status
2023-04-12 20:45:50,925 DEBUG   HandlerThread:5884 [handler.py:handle_request():126] handle_request: stop_status
2023-04-12 20:45:50,925 DEBUG   SenderThread:5884 [sender.py:send_request():196] send_request: stop_status
2023-04-12 20:45:57,035 DEBUG   SenderThread:5884 [sender.py:send():182] send: stats
2023-04-12 20:46:06,236 DEBUG   HandlerThread:5884 [handler.py:handle_request():126] handle_request: stop_status
2023-04-12 20:46:06,237 DEBUG   SenderThread:5884 [sender.py:send_request():196] send_request: stop_status
2023-04-12 20:46:21,685 DEBUG   HandlerThread:5884 [handler.py:handle_request():126] handle_request: stop_status
2023-04-12 20:46:21,686 DEBUG   SenderThread:5884 [sender.py:send_request():196] send_request: stop_status
2023-04-12 20:46:27,437 DEBUG   SenderThread:5884 [sender.py:send():182] send: stats
2023-04-12 20:46:37,052 DEBUG   HandlerThread:5884 [handler.py:handle_request():126] handle_request: stop_status
2023-04-12 20:46:37,053 DEBUG   SenderThread:5884 [sender.py:send_request():196] send_request: stop_status
2023-04-12 20:46:52,390 DEBUG   HandlerThread:5884 [handler.py:handle_request():126] handle_request: stop_status
2023-04-12 20:46:52,391 DEBUG   SenderThread:5884 [sender.py:send_request():196] send_request: stop_status
2023-04-12 20:46:57,888 DEBUG   SenderThread:5884 [sender.py:send():182] send: stats
2023-04-12 20:47:07,771 DEBUG   HandlerThread:5884 [handler.py:handle_request():126] handle_request: stop_status
2023-04-12 20:47:07,772 DEBUG   SenderThread:5884 [sender.py:send_request():196] send_request: stop_status
2023-04-12 20:47:23,087 DEBUG   HandlerThread:5884 [handler.py:handle_request():126] handle_request: stop_status
2023-04-12 20:47:23,088 DEBUG   SenderThread:5884 [sender.py:send_request():196] send_request: stop_status
2023-04-12 20:47:28,311 DEBUG   SenderThread:5884 [sender.py:send():182] send: stats
2023-04-12 20:47:38,762 DEBUG   HandlerThread:5884 [handler.py:handle_request():126] handle_request: stop_status
2023-04-12 20:47:38,763 DEBUG   SenderThread:5884 [sender.py:send_request():196] send_request: stop_status
2023-04-12 20:47:54,289 DEBUG   HandlerThread:5884 [handler.py:handle_request():126] handle_request: stop_status
2023-04-12 20:47:54,290 DEBUG   SenderThread:5884 [sender.py:send_request():196] send_request: stop_status
2023-04-12 20:47:58,729 DEBUG   SenderThread:5884 [sender.py:send():182] send: stats
2023-04-12 20:48:09,620 DEBUG   HandlerThread:5884 [handler.py:handle_request():126] handle_request: stop_status
2023-04-12 20:48:09,621 DEBUG   SenderThread:5884 [sender.py:send_request():196] send_request: stop_status
2023-04-12 20:48:24,983 DEBUG   HandlerThread:5884 [handler.py:handle_request():126] handle_request: stop_status
2023-04-12 20:48:24,984 DEBUG   SenderThread:5884 [sender.py:send_request():196] send_request: stop_status
2023-04-12 20:48:29,116 DEBUG   SenderThread:5884 [sender.py:send():182] send: stats
2023-04-12 20:48:40,341 DEBUG   HandlerThread:5884 [handler.py:handle_request():126] handle_request: stop_status
2023-04-12 20:48:40,342 DEBUG   SenderThread:5884 [sender.py:send_request():196] send_request: stop_status
2023-04-12 20:48:55,910 DEBUG   HandlerThread:5884 [handler.py:handle_request():126] handle_request: stop_status
2023-04-12 20:48:55,911 DEBUG   SenderThread:5884 [sender.py:send_request():196] send_request: stop_status
2023-04-12 20:48:59,600 DEBUG   SenderThread:5884 [sender.py:send():182] send: stats
2023-04-12 20:49:11,269 DEBUG   HandlerThread:5884 [handler.py:handle_request():126] handle_request: stop_status
2023-04-12 20:49:11,270 DEBUG   SenderThread:5884 [sender.py:send_request():196] send_request: stop_status
2023-04-12 20:49:26,825 DEBUG   HandlerThread:5884 [handler.py:handle_request():126] handle_request: stop_status
2023-04-12 20:49:26,826 DEBUG   SenderThread:5884 [sender.py:send_request():196] send_request: stop_status
2023-04-12 20:49:29,982 DEBUG   SenderThread:5884 [sender.py:send():182] send: stats
2023-04-12 20:49:42,631 DEBUG   HandlerThread:5884 [handler.py:handle_request():126] handle_request: stop_status
2023-04-12 20:49:42,632 DEBUG   SenderThread:5884 [sender.py:send_request():196] send_request: stop_status
2023-04-12 20:50:00,374 DEBUG   SenderThread:5884 [sender.py:send():182] send: stats
2023-04-12 20:50:14,526 DEBUG   HandlerThread:5884 [handler.py:handle_request():126] handle_request: stop_status
2023-04-12 20:50:14,526 DEBUG   SenderThread:5884 [sender.py:send_request():196] send_request: stop_status
2023-04-12 20:50:30,689 DEBUG   SenderThread:5884 [sender.py:send():182] send: stats
2023-04-12 20:50:40,989 DEBUG   HandlerThread:5884 [handler.py:handle_request():126] handle_request: stop_status
2023-04-12 20:50:40,990 DEBUG   SenderThread:5884 [sender.py:send_request():196] send_request: stop_status
2023-04-12 20:50:57,310 DEBUG   HandlerThread:5884 [handler.py:handle_request():126] handle_request: stop_status
2023-04-12 20:50:57,311 DEBUG   SenderThread:5884 [sender.py:send_request():196] send_request: stop_status
2023-04-12 20:51:01,085 DEBUG   SenderThread:5884 [sender.py:send():182] send: stats
2023-04-12 20:51:12,714 DEBUG   HandlerThread:5884 [handler.py:handle_request():126] handle_request: stop_status
2023-04-12 20:51:12,715 DEBUG   SenderThread:5884 [sender.py:send_request():196] send_request: stop_status
2023-04-12 20:51:28,076 DEBUG   HandlerThread:5884 [handler.py:handle_request():126] handle_request: stop_status
2023-04-12 20:51:28,077 DEBUG   SenderThread:5884 [sender.py:send_request():196] send_request: stop_status
2023-04-12 20:51:31,373 DEBUG   SenderThread:5884 [sender.py:send():182] send: stats
2023-04-12 20:51:43,531 DEBUG   HandlerThread:5884 [handler.py:handle_request():126] handle_request: stop_status
2023-04-12 20:51:43,531 DEBUG   SenderThread:5884 [sender.py:send_request():196] send_request: stop_status
2023-04-12 20:51:59,558 DEBUG   HandlerThread:5884 [handler.py:handle_request():126] handle_request: stop_status
2023-04-12 20:51:59,559 DEBUG   SenderThread:5884 [sender.py:send_request():196] send_request: stop_status
2023-04-12 20:52:05,296 DEBUG   SenderThread:5884 [sender.py:send():182] send: stats
2023-04-12 20:52:20,299 DEBUG   HandlerThread:5884 [handler.py:handle_request():126] handle_request: stop_status
2023-04-12 20:52:20,300 DEBUG   SenderThread:5884 [sender.py:send_request():196] send_request: stop_status
2023-04-12 20:52:32,108 DEBUG   SenderThread:5884 [sender.py:send():182] send: stats
2023-04-12 20:52:35,705 DEBUG   HandlerThread:5884 [handler.py:handle_request():126] handle_request: stop_status
2023-04-12 20:52:35,706 DEBUG   SenderThread:5884 [sender.py:send_request():196] send_request: stop_status
2023-04-12 20:52:51,050 DEBUG   HandlerThread:5884 [handler.py:handle_request():126] handle_request: stop_status
2023-04-12 20:52:51,050 DEBUG   SenderThread:5884 [sender.py:send_request():196] send_request: stop_status
2023-04-12 20:53:02,429 DEBUG   SenderThread:5884 [sender.py:send():182] send: stats
2023-04-12 20:53:06,483 DEBUG   HandlerThread:5884 [handler.py:handle_request():126] handle_request: stop_status
2023-04-12 20:53:06,484 DEBUG   SenderThread:5884 [sender.py:send_request():196] send_request: stop_status
2023-04-12 20:53:21,844 DEBUG   HandlerThread:5884 [handler.py:handle_request():126] handle_request: stop_status
2023-04-12 20:53:21,845 DEBUG   SenderThread:5884 [sender.py:send_request():196] send_request: stop_status
2023-04-12 20:53:32,798 DEBUG   SenderThread:5884 [sender.py:send():182] send: stats
2023-04-12 20:53:37,323 DEBUG   HandlerThread:5884 [handler.py:handle_request():126] handle_request: stop_status
2023-04-12 20:53:37,324 DEBUG   SenderThread:5884 [sender.py:send_request():196] send_request: stop_status
2023-04-12 20:53:53,246 DEBUG   HandlerThread:5884 [handler.py:handle_request():126] handle_request: stop_status
2023-04-12 20:53:53,247 DEBUG   SenderThread:5884 [sender.py:send_request():196] send_request: stop_status
2023-04-12 20:54:03,143 DEBUG   SenderThread:5884 [sender.py:send():182] send: stats
2023-04-12 20:54:08,640 DEBUG   HandlerThread:5884 [handler.py:handle_request():126] handle_request: stop_status
2023-04-12 20:54:08,641 DEBUG   SenderThread:5884 [sender.py:send_request():196] send_request: stop_status
2023-04-12 20:54:24,001 DEBUG   HandlerThread:5884 [handler.py:handle_request():126] handle_request: stop_status
2023-04-12 20:54:24,002 DEBUG   SenderThread:5884 [sender.py:send_request():196] send_request: stop_status
2023-04-12 20:54:33,548 DEBUG   SenderThread:5884 [sender.py:send():182] send: stats
2023-04-12 20:54:39,361 DEBUG   HandlerThread:5884 [handler.py:handle_request():126] handle_request: stop_status
2023-04-12 20:54:39,361 DEBUG   SenderThread:5884 [sender.py:send_request():196] send_request: stop_status
2023-04-12 20:54:54,817 DEBUG   HandlerThread:5884 [handler.py:handle_request():126] handle_request: stop_status
2023-04-12 20:54:54,818 DEBUG   SenderThread:5884 [sender.py:send_request():196] send_request: stop_status
2023-04-12 20:55:03,916 DEBUG   SenderThread:5884 [sender.py:send():182] send: stats
2023-04-12 20:55:10,185 DEBUG   HandlerThread:5884 [handler.py:handle_request():126] handle_request: stop_status
2023-04-12 20:55:10,186 DEBUG   SenderThread:5884 [sender.py:send_request():196] send_request: stop_status
2023-04-12 20:55:25,747 DEBUG   HandlerThread:5884 [handler.py:handle_request():126] handle_request: stop_status
2023-04-12 20:55:25,748 DEBUG   SenderThread:5884 [sender.py:send_request():196] send_request: stop_status
2023-04-12 20:56:07,351 DEBUG   SenderThread:5884 [sender.py:send():182] send: stats
2023-04-12 20:56:07,352 DEBUG   SenderThread:5884 [sender.py:send():182] send: stats
2023-04-12 20:56:22,353 DEBUG   HandlerThread:5884 [handler.py:handle_request():126] handle_request: stop_status
2023-04-12 20:56:22,354 DEBUG   SenderThread:5884 [sender.py:send_request():196] send_request: stop_status
2023-04-12 20:56:34,951 DEBUG   SenderThread:5884 [sender.py:send():182] send: stats
2023-04-12 20:56:38,720 DEBUG   HandlerThread:5884 [handler.py:handle_request():126] handle_request: stop_status
2023-04-12 20:56:38,721 DEBUG   SenderThread:5884 [sender.py:send_request():196] send_request: stop_status
2023-04-12 20:56:56,581 DEBUG   HandlerThread:5884 [handler.py:handle_request():126] handle_request: stop_status
2023-04-12 20:56:56,582 DEBUG   SenderThread:5884 [sender.py:send_request():196] send_request: stop_status
2023-04-12 20:57:05,355 DEBUG   SenderThread:5884 [sender.py:send():182] send: stats
2023-04-12 20:57:12,601 DEBUG   HandlerThread:5884 [handler.py:handle_request():126] handle_request: stop_status
2023-04-12 20:57:12,602 DEBUG   SenderThread:5884 [sender.py:send_request():196] send_request: stop_status
2023-04-12 20:57:30,828 DEBUG   HandlerThread:5884 [handler.py:handle_request():126] handle_request: stop_status
2023-04-12 20:57:30,829 DEBUG   SenderThread:5884 [sender.py:send_request():196] send_request: stop_status
2023-04-12 20:57:35,658 DEBUG   SenderThread:5884 [sender.py:send():182] send: stats
2023-04-12 20:57:47,021 DEBUG   HandlerThread:5884 [handler.py:handle_request():126] handle_request: stop_status
2023-04-12 20:57:47,022 DEBUG   SenderThread:5884 [sender.py:send_request():196] send_request: stop_status
2023-04-12 20:58:07,086 DEBUG   SenderThread:5884 [sender.py:send():182] send: stats
2023-04-12 20:58:22,088 DEBUG   HandlerThread:5884 [handler.py:handle_request():126] handle_request: stop_status
2023-04-12 20:58:22,089 DEBUG   SenderThread:5884 [sender.py:send_request():196] send_request: stop_status
2023-04-12 20:58:36,355 DEBUG   SenderThread:5884 [sender.py:send():182] send: stats
2023-04-12 20:58:37,448 DEBUG   HandlerThread:5884 [handler.py:handle_request():126] handle_request: stop_status
2023-04-12 20:58:37,448 DEBUG   SenderThread:5884 [sender.py:send_request():196] send_request: stop_status
2023-04-12 20:58:53,260 DEBUG   HandlerThread:5884 [handler.py:handle_request():126] handle_request: stop_status
2023-04-12 20:58:53,260 DEBUG   SenderThread:5884 [sender.py:send_request():196] send_request: stop_status
2023-04-12 20:59:06,702 DEBUG   SenderThread:5884 [sender.py:send():182] send: stats
2023-04-12 20:59:08,780 DEBUG   HandlerThread:5884 [handler.py:handle_request():126] handle_request: stop_status
2023-04-12 20:59:08,781 DEBUG   SenderThread:5884 [sender.py:send_request():196] send_request: stop_status
2023-04-12 20:59:24,140 DEBUG   HandlerThread:5884 [handler.py:handle_request():126] handle_request: stop_status
2023-04-12 20:59:24,140 DEBUG   SenderThread:5884 [sender.py:send_request():196] send_request: stop_status
2023-04-12 20:59:37,040 DEBUG   SenderThread:5884 [sender.py:send():182] send: stats
2023-04-12 20:59:39,499 DEBUG   HandlerThread:5884 [handler.py:handle_request():126] handle_request: stop_status
2023-04-12 20:59:39,500 DEBUG   SenderThread:5884 [sender.py:send_request():196] send_request: stop_status
2023-04-12 20:59:54,965 DEBUG   HandlerThread:5884 [handler.py:handle_request():126] handle_request: stop_status
2023-04-12 20:59:54,966 DEBUG   SenderThread:5884 [sender.py:send_request():196] send_request: stop_status
2023-04-12 21:00:07,338 DEBUG   SenderThread:5884 [sender.py:send():182] send: stats
2023-04-12 21:00:11,960 DEBUG   HandlerThread:5884 [handler.py:handle_request():126] handle_request: stop_status
2023-04-12 21:00:11,961 DEBUG   SenderThread:5884 [sender.py:send_request():196] send_request: stop_status
2023-04-12 21:00:27,321 DEBUG   HandlerThread:5884 [handler.py:handle_request():126] handle_request: stop_status
2023-04-12 21:00:27,322 DEBUG   SenderThread:5884 [sender.py:send_request():196] send_request: stop_status
2023-04-12 21:00:37,646 DEBUG   SenderThread:5884 [sender.py:send():182] send: stats
2023-04-12 21:00:42,772 DEBUG   HandlerThread:5884 [handler.py:handle_request():126] handle_request: stop_status
2023-04-12 21:00:42,773 DEBUG   SenderThread:5884 [sender.py:send_request():196] send_request: stop_status
2023-04-12 21:00:58,144 DEBUG   HandlerThread:5884 [handler.py:handle_request():126] handle_request: stop_status
2023-04-12 21:00:58,145 DEBUG   SenderThread:5884 [sender.py:send_request():196] send_request: stop_status
2023-04-12 21:01:37,508 ERROR   SenderThread:5884 [retry.py:__call__():126] Retry attempt failed:
Traceback (most recent call last):
  File "/home/utente/anaconda3/envs/LADD/lib/python3.9/site-packages/urllib3/connectionpool.py", line 382, in _make_request
    self._validate_conn(conn)
  File "/home/utente/anaconda3/envs/LADD/lib/python3.9/site-packages/urllib3/connectionpool.py", line 1010, in _validate_conn
    conn.connect()
  File "/home/utente/anaconda3/envs/LADD/lib/python3.9/site-packages/urllib3/connection.py", line 416, in connect
    self.sock = ssl_wrap_socket(
  File "/home/utente/anaconda3/envs/LADD/lib/python3.9/site-packages/urllib3/util/ssl_.py", line 449, in ssl_wrap_socket
    ssl_sock = _ssl_wrap_socket_impl(
  File "/home/utente/anaconda3/envs/LADD/lib/python3.9/site-packages/urllib3/util/ssl_.py", line 493, in _ssl_wrap_socket_impl
    return ssl_context.wrap_socket(sock, server_hostname=server_hostname)
  File "/home/utente/anaconda3/envs/LADD/lib/python3.9/ssl.py", line 500, in wrap_socket
    return self.sslsocket_class._create(
  File "/home/utente/anaconda3/envs/LADD/lib/python3.9/ssl.py", line 1040, in _create
    self.do_handshake()
  File "/home/utente/anaconda3/envs/LADD/lib/python3.9/ssl.py", line 1309, in do_handshake
    self._sslobj.do_handshake()
socket.timeout: _ssl.c:1112: The handshake operation timed out

During handling of the above exception, another exception occurred:

Traceback (most recent call last):
  File "/home/utente/anaconda3/envs/LADD/lib/python3.9/site-packages/requests/adapters.py", line 440, in send
    resp = conn.urlopen(
  File "/home/utente/anaconda3/envs/LADD/lib/python3.9/site-packages/urllib3/connectionpool.py", line 755, in urlopen
    retries = retries.increment(
  File "/home/utente/anaconda3/envs/LADD/lib/python3.9/site-packages/urllib3/util/retry.py", line 532, in increment
    raise six.reraise(type(error), error, _stacktrace)
  File "/home/utente/anaconda3/envs/LADD/lib/python3.9/site-packages/urllib3/packages/six.py", line 770, in reraise
    raise value
  File "/home/utente/anaconda3/envs/LADD/lib/python3.9/site-packages/urllib3/connectionpool.py", line 699, in urlopen
    httplib_response = self._make_request(
  File "/home/utente/anaconda3/envs/LADD/lib/python3.9/site-packages/urllib3/connectionpool.py", line 385, in _make_request
    self._raise_timeout(err=e, url=url, timeout_value=conn.timeout)
  File "/home/utente/anaconda3/envs/LADD/lib/python3.9/site-packages/urllib3/connectionpool.py", line 336, in _raise_timeout
    raise ReadTimeoutError(
urllib3.exceptions.ReadTimeoutError: HTTPSConnectionPool(host='api.wandb.ai', port=443): Read timed out. (read timeout=10)

During handling of the above exception, another exception occurred:

Traceback (most recent call last):
  File "/home/utente/anaconda3/envs/LADD/lib/python3.9/site-packages/wandb/sdk/lib/retry.py", line 102, in __call__
    result = self._call_fn(*args, **kwargs)
  File "/home/utente/anaconda3/envs/LADD/lib/python3.9/site-packages/wandb/sdk/internal/internal_api.py", line 130, in execute
    return self.client.execute(*args, **kwargs)
  File "/home/utente/anaconda3/envs/LADD/lib/python3.9/site-packages/wandb/vendor/gql-0.2.0/gql/client.py", line 52, in execute
    result = self._get_result(document, *args, **kwargs)
  File "/home/utente/anaconda3/envs/LADD/lib/python3.9/site-packages/wandb/vendor/gql-0.2.0/gql/client.py", line 60, in _get_result
    return self.transport.execute(document, *args, **kwargs)
  File "/home/utente/anaconda3/envs/LADD/lib/python3.9/site-packages/wandb/vendor/gql-0.2.0/gql/transport/requests.py", line 38, in execute
    request = requests.post(self.url, **post_args)
  File "/home/utente/anaconda3/envs/LADD/lib/python3.9/site-packages/requests/api.py", line 117, in post
    return request('post', url, data=data, json=json, **kwargs)
  File "/home/utente/anaconda3/envs/LADD/lib/python3.9/site-packages/requests/api.py", line 61, in request
    return session.request(method=method, url=url, **kwargs)
  File "/home/utente/anaconda3/envs/LADD/lib/python3.9/site-packages/requests/sessions.py", line 529, in request
    resp = self.send(prep, **send_kwargs)
  File "/home/utente/anaconda3/envs/LADD/lib/python3.9/site-packages/requests/sessions.py", line 645, in send
    r = adapter.send(request, **kwargs)
  File "/home/utente/anaconda3/envs/LADD/lib/python3.9/site-packages/requests/adapters.py", line 532, in send
    raise ReadTimeout(e, request=request)
requests.exceptions.ReadTimeout: HTTPSConnectionPool(host='api.wandb.ai', port=443): Read timed out. (read timeout=10)
2023-04-12 21:02:36,079 DEBUG   SenderThread:5884 [sender.py:send():182] send: stats
2023-04-12 21:02:36,080 DEBUG   SenderThread:5884 [sender.py:send():182] send: stats
2023-04-12 21:02:36,082 DEBUG   SenderThread:5884 [sender.py:send():182] send: stats
2023-04-12 21:02:38,829 INFO    Thread-13 :5884 [dir_watcher.py:_on_file_modified():230] file/dir modified: /home/utente/Scrivania/PROVA/LADD/wandb/run-20230412_180811-dtmgx0d7/files/output.log
2023-04-12 21:02:38,962 DEBUG   SenderThread:5884 [sender.py:send():182] send: stats
2023-04-12 21:02:51,084 DEBUG   HandlerThread:5884 [handler.py:handle_request():126] handle_request: stop_status
2023-04-12 21:02:51,085 DEBUG   SenderThread:5884 [sender.py:send_request():196] send_request: stop_status
2023-04-12 21:03:07,536 DEBUG   HandlerThread:5884 [handler.py:handle_request():126] handle_request: stop_status
2023-04-12 21:03:07,537 DEBUG   SenderThread:5884 [sender.py:send_request():196] send_request: stop_status
2023-04-12 21:03:12,956 DEBUG   SenderThread:5884 [sender.py:send():182] send: stats
2023-04-12 21:03:27,961 DEBUG   HandlerThread:5884 [handler.py:handle_request():126] handle_request: stop_status
2023-04-12 21:03:27,962 DEBUG   SenderThread:5884 [sender.py:send_request():196] send_request: stop_status
2023-04-12 21:03:39,706 DEBUG   SenderThread:5884 [sender.py:send():182] send: stats
2023-04-12 21:03:43,375 DEBUG   HandlerThread:5884 [handler.py:handle_request():126] handle_request: stop_status
2023-04-12 21:03:43,376 DEBUG   SenderThread:5884 [sender.py:send_request():196] send_request: stop_status
2023-04-12 21:03:58,773 DEBUG   HandlerThread:5884 [handler.py:handle_request():126] handle_request: stop_status
2023-04-12 21:03:58,774 DEBUG   SenderThread:5884 [sender.py:send_request():196] send_request: stop_status
2023-04-12 21:04:10,050 DEBUG   SenderThread:5884 [sender.py:send():182] send: stats
2023-04-12 21:04:14,139 DEBUG   HandlerThread:5884 [handler.py:handle_request():126] handle_request: stop_status
2023-04-12 21:04:14,140 DEBUG   SenderThread:5884 [sender.py:send_request():196] send_request: stop_status
2023-04-12 21:04:29,601 DEBUG   HandlerThread:5884 [handler.py:handle_request():126] handle_request: stop_status
2023-04-12 21:04:29,601 DEBUG   SenderThread:5884 [sender.py:send_request():196] send_request: stop_status
2023-04-12 21:04:40,414 DEBUG   SenderThread:5884 [sender.py:send():182] send: stats
2023-04-12 21:04:44,961 DEBUG   HandlerThread:5884 [handler.py:handle_request():126] handle_request: stop_status
2023-04-12 21:04:44,962 DEBUG   SenderThread:5884 [sender.py:send_request():196] send_request: stop_status
2023-04-12 21:05:00,322 DEBUG   HandlerThread:5884 [handler.py:handle_request():126] handle_request: stop_status
2023-04-12 21:05:00,323 DEBUG   SenderThread:5884 [sender.py:send_request():196] send_request: stop_status
2023-04-12 21:05:10,728 DEBUG   SenderThread:5884 [sender.py:send():182] send: stats
2023-04-12 21:05:15,682 DEBUG   HandlerThread:5884 [handler.py:handle_request():126] handle_request: stop_status
2023-04-12 21:05:15,683 DEBUG   SenderThread:5884 [sender.py:send_request():196] send_request: stop_status
2023-04-12 21:05:31,041 DEBUG   HandlerThread:5884 [handler.py:handle_request():126] handle_request: stop_status
2023-04-12 21:05:31,042 DEBUG   SenderThread:5884 [sender.py:send_request():196] send_request: stop_status
2023-04-12 21:05:41,252 DEBUG   SenderThread:5884 [sender.py:send():182] send: stats
2023-04-12 21:05:46,398 DEBUG   HandlerThread:5884 [handler.py:handle_request():126] handle_request: stop_status
2023-04-12 21:05:46,399 DEBUG   SenderThread:5884 [sender.py:send_request():196] send_request: stop_status
2023-04-12 21:06:01,764 DEBUG   HandlerThread:5884 [handler.py:handle_request():126] handle_request: stop_status
2023-04-12 21:06:01,765 DEBUG   SenderThread:5884 [sender.py:send_request():196] send_request: stop_status
2023-04-12 21:06:11,727 DEBUG   SenderThread:5884 [sender.py:send():182] send: stats
2023-04-12 21:06:17,122 DEBUG   HandlerThread:5884 [handler.py:handle_request():126] handle_request: stop_status
2023-04-12 21:06:17,123 DEBUG   SenderThread:5884 [sender.py:send_request():196] send_request: stop_status
2023-04-12 21:06:32,483 DEBUG   HandlerThread:5884 [handler.py:handle_request():126] handle_request: stop_status
2023-04-12 21:06:32,484 DEBUG   SenderThread:5884 [sender.py:send_request():196] send_request: stop_status
2023-04-12 21:06:42,047 DEBUG   SenderThread:5884 [sender.py:send():182] send: stats
2023-04-12 21:06:47,843 DEBUG   HandlerThread:5884 [handler.py:handle_request():126] handle_request: stop_status
2023-04-12 21:06:47,844 DEBUG   SenderThread:5884 [sender.py:send_request():196] send_request: stop_status
2023-04-12 21:07:03,204 DEBUG   HandlerThread:5884 [handler.py:handle_request():126] handle_request: stop_status
2023-04-12 21:07:03,205 DEBUG   SenderThread:5884 [sender.py:send_request():196] send_request: stop_status
2023-04-12 21:07:12,364 DEBUG   SenderThread:5884 [sender.py:send():182] send: stats
2023-04-12 21:07:18,666 DEBUG   HandlerThread:5884 [handler.py:handle_request():126] handle_request: stop_status
2023-04-12 21:07:18,667 DEBUG   SenderThread:5884 [sender.py:send_request():196] send_request: stop_status
2023-04-12 21:07:34,026 DEBUG   HandlerThread:5884 [handler.py:handle_request():126] handle_request: stop_status
2023-04-12 21:07:34,027 DEBUG   SenderThread:5884 [sender.py:send_request():196] send_request: stop_status
2023-04-12 21:07:42,672 DEBUG   SenderThread:5884 [sender.py:send():182] send: stats
2023-04-12 21:07:49,388 DEBUG   HandlerThread:5884 [handler.py:handle_request():126] handle_request: stop_status
2023-04-12 21:07:49,388 DEBUG   SenderThread:5884 [sender.py:send_request():196] send_request: stop_status
2023-04-12 21:08:04,793 DEBUG   HandlerThread:5884 [handler.py:handle_request():126] handle_request: stop_status
2023-04-12 21:08:04,794 DEBUG   SenderThread:5884 [sender.py:send_request():196] send_request: stop_status
2023-04-12 21:08:13,088 DEBUG   SenderThread:5884 [sender.py:send():182] send: stats
2023-04-12 21:08:20,123 DEBUG   HandlerThread:5884 [handler.py:handle_request():126] handle_request: stop_status
2023-04-12 21:08:20,123 DEBUG   SenderThread:5884 [sender.py:send_request():196] send_request: stop_status
2023-04-12 21:08:35,468 DEBUG   HandlerThread:5884 [handler.py:handle_request():126] handle_request: stop_status
2023-04-12 21:08:35,469 DEBUG   SenderThread:5884 [sender.py:send_request():196] send_request: stop_status
2023-04-12 21:08:43,484 DEBUG   SenderThread:5884 [sender.py:send():182] send: stats
2023-04-12 21:08:51,133 DEBUG   HandlerThread:5884 [handler.py:handle_request():126] handle_request: stop_status
2023-04-12 21:08:51,134 DEBUG   SenderThread:5884 [sender.py:send_request():196] send_request: stop_status
2023-04-12 21:09:06,453 DEBUG   HandlerThread:5884 [handler.py:handle_request():126] handle_request: stop_status
2023-04-12 21:09:06,454 DEBUG   SenderThread:5884 [sender.py:send_request():196] send_request: stop_status
2023-04-12 21:09:13,960 DEBUG   SenderThread:5884 [sender.py:send():182] send: stats
2023-04-12 21:09:21,863 DEBUG   HandlerThread:5884 [handler.py:handle_request():126] handle_request: stop_status
2023-04-12 21:09:21,864 DEBUG   SenderThread:5884 [sender.py:send_request():196] send_request: stop_status
2023-04-12 21:09:37,215 DEBUG   HandlerThread:5884 [handler.py:handle_request():126] handle_request: stop_status
2023-04-12 21:09:37,216 DEBUG   SenderThread:5884 [sender.py:send_request():196] send_request: stop_status
2023-04-12 21:09:44,471 DEBUG   SenderThread:5884 [sender.py:send():182] send: stats
2023-04-12 21:09:52,540 DEBUG   HandlerThread:5884 [handler.py:handle_request():126] handle_request: stop_status
2023-04-12 21:09:52,540 DEBUG   SenderThread:5884 [sender.py:send_request():196] send_request: stop_status
2023-04-12 21:10:07,907 DEBUG   HandlerThread:5884 [handler.py:handle_request():126] handle_request: stop_status
2023-04-12 21:10:07,908 DEBUG   SenderThread:5884 [sender.py:send_request():196] send_request: stop_status
2023-04-12 21:10:14,950 DEBUG   SenderThread:5884 [sender.py:send():182] send: stats
2023-04-12 21:10:23,251 DEBUG   HandlerThread:5884 [handler.py:handle_request():126] handle_request: stop_status
2023-04-12 21:10:23,251 DEBUG   SenderThread:5884 [sender.py:send_request():196] send_request: stop_status
2023-04-12 21:10:38,655 DEBUG   HandlerThread:5884 [handler.py:handle_request():126] handle_request: stop_status
2023-04-12 21:10:38,656 DEBUG   SenderThread:5884 [sender.py:send_request():196] send_request: stop_status
2023-04-12 21:10:45,293 DEBUG   SenderThread:5884 [sender.py:send():182] send: stats
2023-04-12 21:10:54,016 DEBUG   HandlerThread:5884 [handler.py:handle_request():126] handle_request: stop_status
2023-04-12 21:10:54,017 DEBUG   SenderThread:5884 [sender.py:send_request():196] send_request: stop_status
2023-04-12 21:11:09,376 DEBUG   HandlerThread:5884 [handler.py:handle_request():126] handle_request: stop_status
2023-04-12 21:11:09,376 DEBUG   SenderThread:5884 [sender.py:send_request():196] send_request: stop_status
2023-04-12 21:11:15,767 DEBUG   SenderThread:5884 [sender.py:send():182] send: stats
2023-04-12 21:11:24,735 DEBUG   HandlerThread:5884 [handler.py:handle_request():126] handle_request: stop_status
2023-04-12 21:11:24,736 DEBUG   SenderThread:5884 [sender.py:send_request():196] send_request: stop_status
2023-04-12 21:11:40,097 DEBUG   HandlerThread:5884 [handler.py:handle_request():126] handle_request: stop_status
2023-04-12 21:11:40,098 DEBUG   SenderThread:5884 [sender.py:send_request():196] send_request: stop_status
2023-04-12 21:11:46,102 DEBUG   SenderThread:5884 [sender.py:send():182] send: stats
2023-04-12 21:11:55,457 DEBUG   HandlerThread:5884 [handler.py:handle_request():126] handle_request: stop_status
2023-04-12 21:11:55,458 DEBUG   SenderThread:5884 [sender.py:send_request():196] send_request: stop_status
2023-04-12 21:12:10,816 DEBUG   HandlerThread:5884 [handler.py:handle_request():126] handle_request: stop_status
2023-04-12 21:12:10,817 DEBUG   SenderThread:5884 [sender.py:send_request():196] send_request: stop_status
2023-04-12 21:12:16,422 DEBUG   SenderThread:5884 [sender.py:send():182] send: stats
2023-04-12 21:12:26,177 DEBUG   HandlerThread:5884 [handler.py:handle_request():126] handle_request: stop_status
2023-04-12 21:12:26,178 DEBUG   SenderThread:5884 [sender.py:send_request():196] send_request: stop_status
2023-04-12 21:12:41,634 DEBUG   HandlerThread:5884 [handler.py:handle_request():126] handle_request: stop_status
2023-04-12 21:12:41,635 DEBUG   SenderThread:5884 [sender.py:send_request():196] send_request: stop_status
2023-04-12 21:12:46,802 DEBUG   SenderThread:5884 [sender.py:send():182] send: stats
2023-04-12 21:12:56,977 DEBUG   HandlerThread:5884 [handler.py:handle_request():126] handle_request: stop_status
2023-04-12 21:12:56,978 DEBUG   SenderThread:5884 [sender.py:send_request():196] send_request: stop_status
2023-04-12 21:13:12,296 DEBUG   HandlerThread:5884 [handler.py:handle_request():126] handle_request: stop_status
2023-04-12 21:13:12,297 DEBUG   SenderThread:5884 [sender.py:send_request():196] send_request: stop_status
2023-04-12 21:13:17,183 DEBUG   SenderThread:5884 [sender.py:send():182] send: stats
2023-04-12 21:13:27,720 DEBUG   HandlerThread:5884 [handler.py:handle_request():126] handle_request: stop_status
2023-04-12 21:13:27,721 DEBUG   SenderThread:5884 [sender.py:send_request():196] send_request: stop_status
2023-04-12 21:13:43,081 DEBUG   HandlerThread:5884 [handler.py:handle_request():126] handle_request: stop_status
2023-04-12 21:13:43,082 DEBUG   SenderThread:5884 [sender.py:send_request():196] send_request: stop_status
2023-04-12 21:13:47,667 DEBUG   SenderThread:5884 [sender.py:send():182] send: stats
2023-04-12 21:13:56,578 WARNING MainThread:5884 [internal.py:wandb_internal():145] Internal process interrupt: 1
2023-04-12 21:13:57,572 INFO    Thread-13 :5884 [dir_watcher.py:_on_file_modified():230] file/dir modified: /home/utente/Scrivania/PROVA/LADD/wandb/run-20230412_180811-dtmgx0d7/files/output.log
2023-04-12 21:13:59,304 DEBUG   HandlerThread:5884 [handler.py:handle_request():126] handle_request: poll_exit
2023-04-12 21:13:59,305 DEBUG   SenderThread:5884 [sender.py:send():182] send: telemetry
2023-04-12 21:13:59,306 DEBUG   SenderThread:5884 [sender.py:send():182] send: exit
2023-04-12 21:13:59,307 INFO    SenderThread:5884 [sender.py:send_exit():291] handling exit code: 1
2023-04-12 21:13:59,307 INFO    SenderThread:5884 [sender.py:send_exit():293] handling runtime: 11145
2023-04-12 21:13:59,308 INFO    SenderThread:5884 [sender.py:_save_file():873] saving file wandb-summary.json with policy end
2023-04-12 21:13:59,309 INFO    SenderThread:5884 [sender.py:send_exit():303] send defer
2023-04-12 21:13:59,310 DEBUG   SenderThread:5884 [sender.py:send_request():196] send_request: poll_exit
2023-04-12 21:13:59,311 DEBUG   HandlerThread:5884 [handler.py:handle_request():126] handle_request: defer
2023-04-12 21:13:59,312 INFO    HandlerThread:5884 [handler.py:handle_request_defer():143] handle defer: 0
2023-04-12 21:13:59,312 DEBUG   SenderThread:5884 [sender.py:send_request():196] send_request: defer
2023-04-12 21:13:59,313 INFO    SenderThread:5884 [sender.py:send_request_defer():312] handle sender defer: 0
2023-04-12 21:13:59,314 INFO    SenderThread:5884 [sender.py:transition_state():316] send defer: 1
2023-04-12 21:13:59,315 DEBUG   HandlerThread:5884 [handler.py:handle_request():126] handle_request: defer
2023-04-12 21:13:59,316 INFO    HandlerThread:5884 [handler.py:handle_request_defer():143] handle defer: 1
2023-04-12 21:13:59,371 DEBUG   SenderThread:5884 [sender.py:send_request():196] send_request: defer
2023-04-12 21:13:59,372 INFO    SenderThread:5884 [sender.py:send_request_defer():312] handle sender defer: 1
2023-04-12 21:13:59,372 INFO    SenderThread:5884 [sender.py:transition_state():316] send defer: 2
2023-04-12 21:13:59,372 DEBUG   SenderThread:5884 [sender.py:send():182] send: stats
2023-04-12 21:13:59,373 DEBUG   HandlerThread:5884 [handler.py:handle_request():126] handle_request: defer
2023-04-12 21:13:59,373 INFO    HandlerThread:5884 [handler.py:handle_request_defer():143] handle defer: 2
2023-04-12 21:13:59,374 DEBUG   SenderThread:5884 [sender.py:send_request():196] send_request: defer
2023-04-12 21:13:59,374 INFO    SenderThread:5884 [sender.py:send_request_defer():312] handle sender defer: 2
2023-04-12 21:13:59,374 INFO    SenderThread:5884 [sender.py:transition_state():316] send defer: 3
2023-04-12 21:13:59,375 DEBUG   HandlerThread:5884 [handler.py:handle_request():126] handle_request: defer
2023-04-12 21:13:59,375 INFO    HandlerThread:5884 [handler.py:handle_request_defer():143] handle defer: 3
2023-04-12 21:13:59,375 DEBUG   SenderThread:5884 [sender.py:send():182] send: summary
2023-04-12 21:13:59,376 INFO    SenderThread:5884 [sender.py:_save_file():873] saving file wandb-summary.json with policy end
2023-04-12 21:13:59,376 DEBUG   SenderThread:5884 [sender.py:send_request():196] send_request: defer
2023-04-12 21:13:59,376 INFO    SenderThread:5884 [sender.py:send_request_defer():312] handle sender defer: 3
2023-04-12 21:13:59,376 INFO    SenderThread:5884 [sender.py:transition_state():316] send defer: 4
2023-04-12 21:13:59,377 DEBUG   HandlerThread:5884 [handler.py:handle_request():126] handle_request: defer
2023-04-12 21:13:59,377 INFO    HandlerThread:5884 [handler.py:handle_request_defer():143] handle defer: 4
2023-04-12 21:13:59,377 DEBUG   SenderThread:5884 [sender.py:send_request():196] send_request: defer
2023-04-12 21:13:59,378 INFO    SenderThread:5884 [sender.py:send_request_defer():312] handle sender defer: 4
2023-04-12 21:13:59,415 DEBUG   HandlerThread:5884 [handler.py:handle_request():126] handle_request: poll_exit
2023-04-12 21:13:59,576 INFO    Thread-13 :5884 [dir_watcher.py:_on_file_modified():230] file/dir modified: /home/utente/Scrivania/PROVA/LADD/wandb/run-20230412_180811-dtmgx0d7/files/wandb-summary.json
2023-04-12 21:13:59,577 INFO    Thread-13 :5884 [dir_watcher.py:_on_file_modified():230] file/dir modified: /home/utente/Scrivania/PROVA/LADD/wandb/run-20230412_180811-dtmgx0d7/files/output.log
2023-04-12 21:13:59,909 INFO    SenderThread:5884 [sender.py:transition_state():316] send defer: 5
2023-04-12 21:13:59,909 DEBUG   SenderThread:5884 [sender.py:send_request():196] send_request: poll_exit
2023-04-12 21:13:59,910 DEBUG   HandlerThread:5884 [handler.py:handle_request():126] handle_request: defer
2023-04-12 21:13:59,910 INFO    HandlerThread:5884 [handler.py:handle_request_defer():143] handle defer: 5
2023-04-12 21:13:59,910 DEBUG   SenderThread:5884 [sender.py:send_request():196] send_request: defer
2023-04-12 21:13:59,910 INFO    SenderThread:5884 [sender.py:send_request_defer():312] handle sender defer: 5
2023-04-12 21:13:59,910 INFO    SenderThread:5884 [dir_watcher.py:finish():283] shutting down directory watcher
2023-04-12 21:14:00,011 DEBUG   HandlerThread:5884 [handler.py:handle_request():126] handle_request: poll_exit
2023-04-12 21:14:00,576 INFO    Thread-13 :5884 [dir_watcher.py:_on_file_modified():230] file/dir modified: /home/utente/Scrivania/PROVA/LADD/wandb/run-20230412_180811-dtmgx0d7/files/config.yaml
2023-04-12 21:14:00,577 INFO    SenderThread:5884 [dir_watcher.py:finish():313] scan: /home/utente/Scrivania/PROVA/LADD/wandb/run-20230412_180811-dtmgx0d7/files
2023-04-12 21:14:00,577 INFO    SenderThread:5884 [dir_watcher.py:finish():327] scan save: /home/utente/Scrivania/PROVA/LADD/wandb/run-20230412_180811-dtmgx0d7/files/config.yaml config.yaml
2023-04-12 21:14:00,577 INFO    SenderThread:5884 [dir_watcher.py:finish():327] scan save: /home/utente/Scrivania/PROVA/LADD/wandb/run-20230412_180811-dtmgx0d7/files/requirements.txt requirements.txt
2023-04-12 21:14:00,578 INFO    SenderThread:5884 [dir_watcher.py:finish():327] scan save: /home/utente/Scrivania/PROVA/LADD/wandb/run-20230412_180811-dtmgx0d7/files/output.log output.log
2023-04-12 21:14:00,578 INFO    SenderThread:5884 [dir_watcher.py:finish():327] scan save: /home/utente/Scrivania/PROVA/LADD/wandb/run-20230412_180811-dtmgx0d7/files/wandb-summary.json wandb-summary.json
2023-04-12 21:14:00,579 INFO    SenderThread:5884 [dir_watcher.py:finish():327] scan save: /home/utente/Scrivania/PROVA/LADD/wandb/run-20230412_180811-dtmgx0d7/files/conda-environment.yaml conda-environment.yaml
2023-04-12 21:14:00,579 INFO    SenderThread:5884 [dir_watcher.py:finish():327] scan save: /home/utente/Scrivania/PROVA/LADD/wandb/run-20230412_180811-dtmgx0d7/files/wandb-metadata.json wandb-metadata.json
2023-04-12 21:14:00,592 INFO    SenderThread:5884 [sender.py:transition_state():316] send defer: 6
2023-04-12 21:14:00,611 DEBUG   SenderThread:5884 [sender.py:send_request():196] send_request: poll_exit
2023-04-12 21:14:00,619 DEBUG   HandlerThread:5884 [handler.py:handle_request():126] handle_request: defer
2023-04-12 21:14:00,620 INFO    HandlerThread:5884 [handler.py:handle_request_defer():143] handle defer: 6
2023-04-12 21:14:00,621 DEBUG   SenderThread:5884 [sender.py:send_request():196] send_request: defer
2023-04-12 21:14:00,621 INFO    SenderThread:5884 [sender.py:send_request_defer():312] handle sender defer: 6
2023-04-12 21:14:00,621 INFO    SenderThread:5884 [file_pusher.py:finish():177] shutting down file pusher
2023-04-12 21:14:00,721 DEBUG   HandlerThread:5884 [handler.py:handle_request():126] handle_request: poll_exit
2023-04-12 21:14:00,721 DEBUG   SenderThread:5884 [sender.py:send_request():196] send_request: poll_exit
2023-04-12 21:14:00,823 DEBUG   HandlerThread:5884 [handler.py:handle_request():126] handle_request: poll_exit
2023-04-12 21:14:00,823 DEBUG   SenderThread:5884 [sender.py:send_request():196] send_request: poll_exit
2023-04-12 21:14:00,924 DEBUG   HandlerThread:5884 [handler.py:handle_request():126] handle_request: poll_exit
2023-04-12 21:14:00,925 DEBUG   SenderThread:5884 [sender.py:send_request():196] send_request: poll_exit
2023-04-12 21:14:01,027 DEBUG   HandlerThread:5884 [handler.py:handle_request():126] handle_request: poll_exit
2023-04-12 21:14:01,028 DEBUG   SenderThread:5884 [sender.py:send_request():196] send_request: poll_exit
2023-04-12 21:14:01,130 DEBUG   HandlerThread:5884 [handler.py:handle_request():126] handle_request: poll_exit
2023-04-12 21:14:01,130 DEBUG   SenderThread:5884 [sender.py:send_request():196] send_request: poll_exit
2023-04-12 21:14:01,232 DEBUG   HandlerThread:5884 [handler.py:handle_request():126] handle_request: poll_exit
2023-04-12 21:14:01,232 DEBUG   SenderThread:5884 [sender.py:send_request():196] send_request: poll_exit
2023-04-12 21:14:01,334 DEBUG   HandlerThread:5884 [handler.py:handle_request():126] handle_request: poll_exit
2023-04-12 21:14:01,334 DEBUG   SenderThread:5884 [sender.py:send_request():196] send_request: poll_exit
2023-04-12 21:14:01,435 DEBUG   HandlerThread:5884 [handler.py:handle_request():126] handle_request: poll_exit
2023-04-12 21:14:01,436 DEBUG   SenderThread:5884 [sender.py:send_request():196] send_request: poll_exit
2023-04-12 21:14:01,460 INFO    Thread-21 :5884 [upload_job.py:push():137] Uploaded file /home/utente/Scrivania/PROVA/LADD/wandb/run-20230412_180811-dtmgx0d7/files/conda-environment.yaml
2023-04-12 21:14:01,461 INFO    Thread-17 :5884 [upload_job.py:push():137] Uploaded file /home/utente/Scrivania/PROVA/LADD/wandb/run-20230412_180811-dtmgx0d7/files/config.yaml
2023-04-12 21:14:01,462 INFO    Thread-18 :5884 [upload_job.py:push():137] Uploaded file /home/utente/Scrivania/PROVA/LADD/wandb/run-20230412_180811-dtmgx0d7/files/requirements.txt
2023-04-12 21:14:01,469 INFO    Thread-19 :5884 [upload_job.py:push():137] Uploaded file /home/utente/Scrivania/PROVA/LADD/wandb/run-20230412_180811-dtmgx0d7/files/output.log
2023-04-12 21:14:01,496 INFO    Thread-20 :5884 [upload_job.py:push():137] Uploaded file /home/utente/Scrivania/PROVA/LADD/wandb/run-20230412_180811-dtmgx0d7/files/wandb-summary.json
2023-04-12 21:14:01,537 DEBUG   HandlerThread:5884 [handler.py:handle_request():126] handle_request: poll_exit
2023-04-12 21:14:01,538 DEBUG   SenderThread:5884 [sender.py:send_request():196] send_request: poll_exit
2023-04-12 21:14:01,639 DEBUG   HandlerThread:5884 [handler.py:handle_request():126] handle_request: poll_exit
2023-04-12 21:14:01,640 DEBUG   SenderThread:5884 [sender.py:send_request():196] send_request: poll_exit
2023-04-12 21:14:01,697 INFO    Thread-12 :5884 [sender.py:transition_state():316] send defer: 7
2023-04-12 21:14:01,699 DEBUG   HandlerThread:5884 [handler.py:handle_request():126] handle_request: defer
2023-04-12 21:14:01,700 INFO    HandlerThread:5884 [handler.py:handle_request_defer():143] handle defer: 7
2023-04-12 21:14:01,701 DEBUG   SenderThread:5884 [sender.py:send_request():196] send_request: defer
2023-04-12 21:14:01,701 INFO    SenderThread:5884 [sender.py:send_request_defer():312] handle sender defer: 7
2023-04-12 21:14:01,742 DEBUG   HandlerThread:5884 [handler.py:handle_request():126] handle_request: poll_exit
2023-04-12 21:14:06,844 DEBUG   HandlerThread:5884 [handler.py:handle_request():126] handle_request: poll_exit
2023-04-12 21:14:11,945 DEBUG   HandlerThread:5884 [handler.py:handle_request():126] handle_request: poll_exit
2023-04-12 21:14:17,046 DEBUG   HandlerThread:5884 [handler.py:handle_request():126] handle_request: poll_exit
2023-04-12 21:14:22,147 DEBUG   HandlerThread:5884 [handler.py:handle_request():126] handle_request: poll_exit
2023-04-12 21:14:27,616 WARNING MainThread:5884 [internal.py:is_dead():364] Internal process exiting, parent pid 5852 disappeared
2023-04-12 21:14:27,616 ERROR   MainThread:5884 [internal.py:wandb_internal():141] Internal process shutdown.
2023-04-12 21:14:28,155 INFO    HandlerThread:5884 [handler.py:finish():683] shutting down handler
2023-04-12 21:14:28,385 INFO    WriterThread:5884 [datastore.py:close():281] close: /home/utente/Scrivania/PROVA/LADD/wandb/run-20230412_180811-dtmgx0d7/run-dtmgx0d7.wandb
