Done.
Setting up the random seed for reproducibility...
Done.
dynamic_import - class_name:  OracleTrainer
Initializing model...
Done.
Initializing datasets...
Done.
Initializing clients...
dynamic_import - class_name:  OracleClient
Done.
Initializing server...
dynamic_import - class_name:  OracleServer
Running without server optimizer
Done.
Initialize return score, metrics, ckpt, ckpt step...
Setting up metrics...
Done.
Done.
Initializing optimizer and scheduler...
Done.
dynamic_import - class_name:  OracleClient
The experiment begins...
ROUND 1/15: Training 2 Clients...
CLIENT 1/2: erfurt5 RGB
EPOCH 1: ended.
end
CLIENT 2/2: weimar3 HHA
EPOCH 1: ended.
end
{'Total samples': array(56), 'Overall Acc': 0.30506942305006274, 'Mean Acc': 0.08733047398663546, 'Mean Precision': 0.09261296101220858, 'FreqW Acc': 0.19049089790475218, 'Mean IoU': 0.04583438600769782, 'Class IoU': {0: 0.27302090341822505, 1: 0.1354661842029983, 2: 0.25601670112535063, 3: 0.0, 4: 0.0, 5: 0.012112108912718925, 6: 0.0, 7: 0.0, 8: 0.029950602597624304, 9: 0.0, 10: 0.013390704471487682, 11: 0.00995278638776662, 12: 0.0, 13: 0.003440185006993669, 14: 'X', 15: 'X', 16: 'X', 17: 0.0, 18: 0.0}, 'Class Acc': {0: 0.4670733511122861, 1: 0.14451146567625203, 2: 0.4082048020632625, 3: 0.0, 4: 0.0, 5: 0.013813463570586673, 6: 0.0, 7: 0.0, 8: 0.03729667402959755, 9: 0.0, 10: 0.25197288370408577, 11: 0.07044339534988228, 12: 0.0, 13: 0.003971548280214473, 14: 'X', 15: 'X', 16: 'X', 17: 0.0, 18: 0.0}, 'Class Prec': {0: 0.39655286577441673, 1: 0.6839711823523398, 2: 0.40712559742692545, 3: 0.0, 4: 0.0, 5: 0.08953460900318104, 6: 0.0, 7: 0.0, 8: 0.13199111383646125, 9: 0.0, 10: 0.013945058623860624, 11: 0.01145756485334424, 12: 0.0, 13: 0.025068267361434027, 14: 'X', 15: 'X', 16: 'X', 17: 0.0, 18: 0.0}}
QUI ARRIVA ALL'UPDATE
AGGREGATION: END OF THE ROUND
ROUND 2/15: Training 2 Clients...
CLIENT 1/2: dusseldorf4 HHA
EPOCH 1: ended.
end
CLIENT 2/2: dusseldorf1 HHA
EPOCH 1: ended.
end
{'Total samples': array(96), 'Overall Acc': 0.4447304862779975, 'Mean Acc': 0.08700828458984516, 'Mean Precision': 0.06947903333290469, 'FreqW Acc': 0.2923732687256905, 'Mean IoU': 0.055351384142913476, 'Class IoU': {0: 0.522129021301401, 1: 0.004878597965993612, 2: 0.22985634969132965, 3: 0.0, 4: 0.0, 5: 0.0, 6: 0.0, 7: 0.0, 8: 0.10717354110583466, 9: 0.0, 10: 0.016928618907643456, 11: 0.0, 12: 0.0, 13: 0.004656017314413123, 14: 0.0, 15: 'X', 16: 'X', 17: 'X', 18: 0.0}, 'Class Acc': {0: 0.7678124663342493, 1: 0.006540846458389215, 2: 0.38027779282113533, 3: 0.0, 4: 0.0, 5: 0.0, 6: 0.0, 7: 0.0, 8: 0.20803685405303568, 9: 0.0, 10: 0.01922304330347072, 11: 0.0, 12: 0.0, 13: 0.010241550467242452, 14: 0.0, 15: 'X', 16: 'X', 17: 'X', 18: 0.0}, 'Class Prec': {0: 0.6200265849042093, 1: 0.01883540256291956, 2: 0.36752724613993176, 3: 0.0, 4: 0.0, 5: 0.0, 6: 0.0, 7: 0.0, 8: 0.18103412083595988, 9: 0.0, 10: 0.12421334171946927, 11: 0.0, 12: 0.0, 13: 0.00846493716269932, 14: 0.0, 15: 'X', 16: 'X', 17: 'X', 18: 0.0}}
QUI ARRIVA ALL'UPDATE
AGGREGATION: END OF THE ROUND
ROUND 3/15: Training 2 Clients...
CLIENT 1/2: erfurt3 RGB
EPOCH 1: ended.
end
CLIENT 2/2: tubingen6 RGB
EPOCH 1: ended.
end
{'Total samples': array(56), 'Overall Acc': 0.4292708610385874, 'Mean Acc': 0.09670167490348848, 'Mean Precision': 0.05900634983115797, 'FreqW Acc': 0.22787939519494216, 'Mean IoU': 0.052453200982035104, 'Class IoU': {0: 0.4900771202725612, 1: 0.0, 2: 0.2202357560913467, 3: 0.0, 4: 0.0, 5: 0.0, 6: 0.0, 7: 0.0, 8: 0.12749418938682072, 9: 0.0, 10: 0.0014441499618330518, 11: 0.0, 12: 0.0, 13: 0.0, 14: 'X', 15: 0.0, 16: 'X', 17: 'X', 18: 0.0}, 'Class Acc': {0: 0.9647337664265836, 1: 0.0, 2: 0.3850532673603723, 3: 0.0, 4: 0.0, 5: 0.0, 6: 0.0, 7: 0.0, 8: 0.19584210306449526, 9: 0.0, 10: 0.0015976616043645424, 11: 0.0, 12: 0.0, 13: 0.0, 14: 'X', 15: 0.0, 16: 'X', 17: 'X', 18: 0.0}, 'Class Prec': {0: 0.49901699355635126, 1: 0.0, 2: 0.3397263620812112, 3: 0.0, 4: 0.0, 5: 0.0, 6: 0.0, 7: 0.0, 8: 0.267569954793578, 9: 0.0, 10: 0.0148073363608609, 11: 0.0, 12: 0.0, 13: 0.0, 14: 'X', 15: 0.0, 16: 'X', 17: 'X', 18: 0.0}}
QUI ARRIVA ALL'UPDATE
AGGREGATION: END OF THE ROUND
ROUND 4/15: Training 2 Clients...
CLIENT 1/2: tubingen1 HHA
EPOCH 1: ended.
end
CLIENT 2/2: erfurt4 RGB
EPOCH 1: ended.
end
{'Total samples': array(56), 'Overall Acc': 0.3996615214932445, 'Mean Acc': 0.11414461281672733, 'Mean Precision': 0.1025816761567295, 'FreqW Acc': 0.2331644641830813, 'Mean IoU': 0.06726245786002913, 'Class IoU': {0: 0.3712204271994046, 1: 0.004832885383351132, 2: 0.12841711188221813, 3: 0.0, 4: 0.0, 5: 0.0, 6: 0.0, 7: 0.0, 8: 0.3414287576585366, 9: 0.0, 10: 0.16303768577692648, 11: 0.0, 12: 0.0, 13: 0.0, 14: 'X', 15: 'X', 16: 'X', 17: 'X', 18: 0.0}, 'Class Acc': {0: 0.5593057976153375, 1: 0.006500308393517462, 2: 0.31184893367074557, 3: 0.0, 4: 0.0, 5: 0.0, 6: 0.0, 7: 0.0, 8: 0.6651844717985097, 9: 0.0, 10: 0.1693296807727996, 11: 0.0, 12: 0.0, 13: 0.0, 14: 'X', 15: 'X', 16: 'X', 17: 'X', 18: 0.0}, 'Class Prec': {0: 0.5246901923362466, 1: 0.018492193308440194, 2: 0.17919723123103692, 3: 0.0, 4: 0.0, 5: 0.0, 6: 0.0, 7: 0.0, 8: 0.41228165175830084, 9: 0.0, 10: 0.8143905783438361, 11: 0.0, 12: 0.0, 13: 0.0, 14: 'X', 15: 'X', 16: 'X', 17: 'X', 18: 0.0}}
QUI ARRIVA ALL'UPDATE
AGGREGATION: END OF THE ROUND
ROUND 5/15: Training 2 Clients...
CLIENT 1/2: cologne2 HHA
Traceback (most recent call last):
  File "/home/utente/Scrivania/PROVA/LADD/src/run.py", line 53, in <module>
    run_experiment()
  File "/home/utente/Scrivania/PROVA/LADD/src/run.py", line 21, in run_experiment
    max_score = trainer.train(*trainer.train_args, **trainer.train_kwargs)
  File "/home/utente/Scrivania/PROVA/LADD/src/federated/trainers/oracle_trainer.py", line 136, in train
    return self.perform_fed_oracle_training(
  File "/home/utente/Scrivania/PROVA/LADD/src/federated/trainers/oracle_trainer.py", line 76, in perform_fed_oracle_training
    losses = self.server.train_clients(partial_metric=partial_train_metric)
  File "/home/utente/Scrivania/PROVA/LADD/src/federated/servers/oracle_server.py", line 83, in train_clients
    out = c.train(partial_metric, r=r)
  File "/home/utente/Scrivania/PROVA/LADD/src/clients/oracle_client.py", line 198, in train
    dict_all_iters_losses = self.run_epoch(epoch, optimizer, metric=partial_metric, r=r)
  File "/home/utente/Scrivania/PROVA/LADD/src/clients/oracle_client.py", line 168, in run_epoch
    self.__exec_epoch(optimizer, cur_epoch, metric, scheduler, plot_lr, dict_all_iters_losses,
  File "/home/utente/Scrivania/PROVA/LADD/src/clients/oracle_client.py", line 91, in __exec_epoch
    for cur_step, samples in enumerate(self.loader):
  File "/home/utente/anaconda3/envs/LADD/lib/python3.9/site-packages/torch/utils/data/dataloader.py", line 521, in __next__
    data = self._next_data()
  File "/home/utente/anaconda3/envs/LADD/lib/python3.9/site-packages/torch/utils/data/dataloader.py", line 1175, in _next_data
    self._shutdown_workers()
  File "/home/utente/anaconda3/envs/LADD/lib/python3.9/site-packages/torch/utils/data/dataloader.py", line 1301, in _shutdown_workers
    w.join(timeout=_utils.MP_STATUS_CHECK_INTERVAL)
  File "/home/utente/anaconda3/envs/LADD/lib/python3.9/multiprocessing/process.py", line 149, in join
    res = self._popen.wait(timeout)
  File "/home/utente/anaconda3/envs/LADD/lib/python3.9/multiprocessing/popen_fork.py", line 40, in wait
    if not wait([self.sentinel], timeout):
  File "/home/utente/anaconda3/envs/LADD/lib/python3.9/multiprocessing/connection.py", line 936, in wait
    ready = selector.select(timeout)
  File "/home/utente/anaconda3/envs/LADD/lib/python3.9/selectors.py", line 416, in select
    fd_event_list = self._selector.poll(timeout)
KeyboardInterrupt
During handling of the above exception, another exception occurred:
Traceback (most recent call last):
  File "/home/utente/pycharm/plugins/python-ce/helpers/pydev/pydevd.py", line 2195, in <module>
    main()
  File "/home/utente/pycharm/plugins/python-ce/helpers/pydev/pydevd.py", line 2179, in main
    handle_keyboard_interrupt()
  File "/home/utente/pycharm/plugins/python-ce/helpers/pydev/pydevd.py", line 1997, in handle_keyboard_interrupt
    traceback.print_exception(type(value), value, tb, limit=limit)
  File "/home/utente/anaconda3/envs/LADD/lib/python3.9/traceback.py", line 103, in print_exception
    for line in TracebackException(
  File "/home/utente/anaconda3/envs/LADD/lib/python3.9/traceback.py", line 517, in __init__
    self.stack = StackSummary.extract(
  File "/home/utente/anaconda3/envs/LADD/lib/python3.9/traceback.py", line 366, in extract
    f.line
  File "/home/utente/anaconda3/envs/LADD/lib/python3.9/traceback.py", line 285, in line
    @property
KeyboardInterrupt