Done.
Setting up the random seed for reproducibility...
Done.
dynamic_import - class_name:  OracleTrainer
Initializing model...
Done.
Initializing datasets...
Done.
Initializing clients...
dynamic_import - class_name:  OracleClient
Done.
Initializing server...
dynamic_import - class_name:  OracleServer
Running without server optimizer
Running without server optimizer
Done.
Initialize return score, metrics, ckpt, ckpt step...
Setting up metrics...
Done.
Setting up metrics...
Done.
Done.
Initializing optimizer and scheduler...
Done.
dynamic_import - class_name:  OracleClient
The experiment begins...
ROUND 1/6: Training 5 Clients...
CLIENT 1/5: erfurt5 RGB
EPOCH 1: ended.
CLIENT 2/5: weimar3 HHA
EPOCH 1: ended.
CLIENT 3/5: strasbourg3 HHA
EPOCH 1: ended.
CLIENT 4/5: tubingen2 HHA
EPOCH 1: ended.
CLIENT 5/5: weimar6 HHA
EPOCH 1: ended.
plot_train_metric HHA case
{'Total samples': array(184), 'Overall Acc': 0.31599710856557967, 'Mean Acc': 0.07955086766742112, 'Mean Precision': 0.07074502701219085, 'FreqW Acc': 0.19861559000384352, 'Mean IoU': 0.050222176500732955, 'Class IoU': {0: 0.37860641158354497, 1: 0.03977254334926803, 2: 0.17223247377939874, 3: 0.0, 4: 0.0, 5: 0.00417374080347433, 6: 0.0011531808571423612, 7: 0.0, 8: 0.1275129027827347, 9: 0.0, 10: 0.0, 11: 0.0, 12: 0.0, 13: 0.029881394355431377, 14: 'X', 15: 'X', 16: 'X', 17: 'X', 18: 0.0}, 'Class Acc': {0: 0.61859128506759, 1: 0.05192573183408048, 2: 0.2610225398564404, 3: 0.0, 4: 0.0, 5: 0.008075001710252857, 6: 0.014897579134141787, 7: 0.0, 8: 0.1965033262689649, 9: 0.0, 10: 0.0, 11: 0.0, 12: 0.0, 13: 0.042247551139846316, 14: 'X', 15: 'X', 16: 'X', 17: 'X', 18: 0.0}, 'Class Prec': {0: 0.49390299532734017, 1: 0.14524963549384778, 2: 0.3361322810592823, 3: 0.0, 4: 0.0, 5: 0.008564999636454598, 6: 0.001248374512288771, 7: 0.0, 8: 0.2664271491631329, 9: 0.0, 10: 0.0, 11: 0.0, 12: 0.0, 13: 0.09263007803927957, 14: 'X', 15: 'X', 16: 'X', 17: 'X', 18: 0.0}}
plot_train_metric RGB case
{'Total samples': array(24), 'Overall Acc': 0.32588986042943446, 'Mean Acc': 0.12363120382713715, 'Mean Precision': 0.06789332811295055, 'FreqW Acc': 0.17441493115306544, 'Mean IoU': 0.059144816279036824, 'Class IoU': {0: 0.3900887510603636, 1: 0.0, 2: 0.053530407108399576, 3: 'X', 4: 'X', 5: 0.0, 6: 0.0, 7: 0.0, 8: 0.0, 9: 0.019769648293990343, 10: 0.0, 11: 'X', 12: 'X', 13: 0.12805935632761467, 14: 'X', 15: 'X', 16: 'X', 17: 'X', 18: 'X'}, 'Class Acc': {0: 0.7971999999900351, 1: 0.0, 2: 0.057440719541418876, 3: 'X', 4: 'X', 5: 0.0, 6: 0.0, 7: 0.0, 8: 0.0, 9: 0.22244289964686126, 10: 0.0, 11: 'X', 12: 'X', 13: 0.15922841909305613, 14: 'X', 15: 'X', 16: 'X', 17: 'X', 18: 'X'}, 'Class Prec': {0: 0.4330637549455542, 1: 0.0, 2: 0.4401953556542393, 3: 'X', 4: 'X', 5: 0.0, 6: 0.0, 7: 0.0, 8: 0.0, 9: 0.021237260013718007, 10: 0.0, 11: 'X', 12: 'X', 13: 0.39547686353254896, 14: 'X', 15: 'X', 16: 'X', 17: 'X', 18: 'X'}}
Traceback (most recent call last):
  File "/home/utente/Scrivania/PROVA/LADD/src/run.py", line 53, in <module>
    run_experiment()
  File "/home/utente/Scrivania/PROVA/LADD/src/run.py", line 19, in run_experiment
    max_score,max_score_2 = trainer.train(*trainer.train_args, **trainer.train_kwargs)
  File "/home/utente/Scrivania/PROVA/LADD/src/federated/trainers/oracle_trainer.py", line 127, in train
    return self.perform_fed_oracle_training(
  File "/home/utente/Scrivania/PROVA/LADD/src/federated/trainers/oracle_trainer.py", line 52, in perform_fed_oracle_training
    print("QUI ARRIVA ALL'UPDATE")
KeyboardInterrupt
Traceback (most recent call last):
  File "/home/utente/Scrivania/PROVA/LADD/src/run.py", line 53, in <module>
    run_experiment()
  File "/home/utente/Scrivania/PROVA/LADD/src/run.py", line 19, in run_experiment
    max_score,max_score_2 = trainer.train(*trainer.train_args, **trainer.train_kwargs)
  File "/home/utente/Scrivania/PROVA/LADD/src/federated/trainers/oracle_trainer.py", line 127, in train
    return self.perform_fed_oracle_training(
  File "/home/utente/Scrivania/PROVA/LADD/src/federated/trainers/oracle_trainer.py", line 52, in perform_fed_oracle_training
    print("QUI ARRIVA ALL'UPDATE")
  File "/home/utente/Scrivania/PROVA/LADD/src/federated/trainers/oracle_trainer.py", line 52, in perform_fed_oracle_training
    print("QUI ARRIVA ALL'UPDATE")
  File "_pydevd_bundle/pydevd_cython.pyx", line 1589, in _pydevd_bundle.pydevd_cython.ThreadTracer.__call__
  File "_pydevd_bundle/pydevd_cython.pyx", line 929, in _pydevd_bundle.pydevd_cython.PyDBFrame.trace_dispatch
  File "_pydevd_bundle/pydevd_cython.pyx", line 920, in _pydevd_bundle.pydevd_cython.PyDBFrame.trace_dispatch
  File "_pydevd_bundle/pydevd_cython.pyx", line 317, in _pydevd_bundle.pydevd_cython.PyDBFrame.do_wait_suspend
  File "/home/utente/pycharm/plugins/python-ce/helpers/pydev/pydevd.py", line 1160, in do_wait_suspend
    self._do_wait_suspend(thread, frame, event, arg, suspend_type, from_this_thread)
  File "/home/utente/pycharm/plugins/python-ce/helpers/pydev/pydevd.py", line 1175, in _do_wait_suspend
    time.sleep(0.01)
KeyboardInterrupt
During handling of the above exception, another exception occurred:
Traceback (most recent call last):
  File "/home/utente/pycharm/plugins/python-ce/helpers/pydev/pydevd.py", line 2195, in <module>
    main()
  File "/home/utente/pycharm/plugins/python-ce/helpers/pydev/pydevd.py", line 2179, in main
    handle_keyboard_interrupt()
  File "/home/utente/pycharm/plugins/python-ce/helpers/pydev/pydevd.py", line 1997, in handle_keyboard_interrupt
    traceback.print_exception(type(value), value, tb, limit=limit)
  File "/home/utente/anaconda3/envs/LADD/lib/python3.9/traceback.py", line 103, in print_exception
    for line in TracebackException(
  File "/home/utente/anaconda3/envs/LADD/lib/python3.9/traceback.py", line 639, in format
    yield from self.format_exception_only()
  File "/home/utente/anaconda3/envs/LADD/lib/python3.9/traceback.py", line 580, in format_exception_only
    yield _format_final_exc_line(stype, self._str)
KeyboardInterrupt