2023-05-27 17:38:22,366 INFO    MainThread:29020 [internal.py:wandb_internal():86] W&B internal server running at pid: 29020, started at: 2023-05-27 17:38:22.366051
2023-05-27 17:38:22,371 DEBUG   HandlerThread:29020 [handler.py:handle_request():126] handle_request: check_version
2023-05-27 17:38:22,371 INFO    WriterThread:29020 [datastore.py:open_for_write():77] open: /home/utente/Scrivania/PROVA/LADD/wandb/run-20230527_173821-2a0bp8ha/run-2a0bp8ha.wandb
2023-05-27 17:38:22,374 DEBUG   SenderThread:29020 [sender.py:send():182] send: header
2023-05-27 17:38:22,374 DEBUG   SenderThread:29020 [sender.py:send_request():196] send_request: check_version
2023-05-27 17:38:22,542 DEBUG   SenderThread:29020 [sender.py:send():182] send: run
2023-05-27 17:38:22,553 INFO    SenderThread:29020 [sender.py:_maybe_setup_resume():421] checking resume status for alessandro-fella-1/federated_cityscapes/2a0bp8ha
2023-05-27 17:38:23,645 DEBUG   HandlerThread:29020 [handler.py:handle_request():126] handle_request: run_start
2023-05-27 17:38:23,646 INFO    SenderThread:29020 [dir_watcher.py:__init__():169] watching files in: /home/utente/Scrivania/PROVA/LADD/wandb/run-20230527_173821-2a0bp8ha/files
2023-05-27 17:38:23,647 INFO    SenderThread:29020 [sender.py:_start_run_threads():740] run started: 2a0bp8ha with start time 1685201901
2023-05-27 17:38:23,647 DEBUG   SenderThread:29020 [sender.py:send():182] send: summary
2023-05-27 17:38:23,647 INFO    SenderThread:29020 [sender.py:_save_file():873] saving file wandb-summary.json with policy end
2023-05-27 17:38:23,649 DEBUG   HandlerThread:29020 [meta.py:__init__():40] meta init
2023-05-27 17:38:23,649 DEBUG   HandlerThread:29020 [meta.py:__init__():54] meta init done
2023-05-27 17:38:23,649 DEBUG   HandlerThread:29020 [meta.py:probe():211] probe
2023-05-27 17:38:23,656 DEBUG   HandlerThread:29020 [meta.py:_setup_git():201] setup git
2023-05-27 17:38:23,671 DEBUG   HandlerThread:29020 [meta.py:_setup_git():208] setup git done
2023-05-27 17:38:23,671 DEBUG   HandlerThread:29020 [meta.py:_save_pip():58] save pip
2023-05-27 17:38:23,672 DEBUG   HandlerThread:29020 [meta.py:_save_pip():72] save pip done
2023-05-27 17:38:23,672 DEBUG   HandlerThread:29020 [meta.py:_save_conda():79] save conda
2023-05-27 17:38:24,650 INFO    Thread-13 :29020 [dir_watcher.py:_on_file_created():217] file/dir created: /home/utente/Scrivania/PROVA/LADD/wandb/run-20230527_173821-2a0bp8ha/files/conda-environment.yaml
2023-05-27 17:38:24,651 INFO    Thread-13 :29020 [dir_watcher.py:_on_file_created():217] file/dir created: /home/utente/Scrivania/PROVA/LADD/wandb/run-20230527_173821-2a0bp8ha/files/wandb-summary.json
2023-05-27 17:38:24,651 INFO    Thread-13 :29020 [dir_watcher.py:_on_file_created():217] file/dir created: /home/utente/Scrivania/PROVA/LADD/wandb/run-20230527_173821-2a0bp8ha/files/requirements.txt
2023-05-27 17:38:25,542 DEBUG   HandlerThread:29020 [meta.py:_save_conda():87] save conda done
2023-05-27 17:38:25,542 DEBUG   HandlerThread:29020 [meta.py:probe():249] probe done
2023-05-27 17:38:25,639 DEBUG   SenderThread:29020 [sender.py:send():182] send: files
2023-05-27 17:38:25,639 INFO    SenderThread:29020 [sender.py:_save_file():873] saving file wandb-metadata.json with policy now
2023-05-27 17:38:25,655 DEBUG   HandlerThread:29020 [handler.py:handle_request():126] handle_request: stop_status
2023-05-27 17:38:25,656 DEBUG   SenderThread:29020 [sender.py:send_request():196] send_request: stop_status
2023-05-27 17:38:25,663 INFO    Thread-13 :29020 [dir_watcher.py:_on_file_modified():230] file/dir modified: /home/utente/Scrivania/PROVA/LADD/wandb/run-20230527_173821-2a0bp8ha/files/conda-environment.yaml
2023-05-27 17:38:25,663 INFO    Thread-13 :29020 [dir_watcher.py:_on_file_created():217] file/dir created: /home/utente/Scrivania/PROVA/LADD/wandb/run-20230527_173821-2a0bp8ha/files/output.log
2023-05-27 17:38:25,663 INFO    Thread-13 :29020 [dir_watcher.py:_on_file_created():217] file/dir created: /home/utente/Scrivania/PROVA/LADD/wandb/run-20230527_173821-2a0bp8ha/files/wandb-metadata.json
2023-05-27 17:38:26,189 DEBUG   SenderThread:29020 [sender.py:send():182] send: metric
2023-05-27 17:38:26,191 DEBUG   SenderThread:29020 [sender.py:send():182] send: metric
2023-05-27 17:38:26,192 WARNING SenderThread:29020 [sender.py:send_metric():831] Seen metric with glob (shouldnt happen)
2023-05-27 17:38:26,192 DEBUG   SenderThread:29020 [sender.py:send():182] send: config
2023-05-27 17:38:26,558 INFO    Thread-16 :29020 [upload_job.py:push():137] Uploaded file /tmp/tmp2wm6_ytnwandb/3tzm4cpr-wandb-metadata.json
2023-05-27 17:38:28,664 INFO    Thread-13 :29020 [dir_watcher.py:_on_file_modified():230] file/dir modified: /home/utente/Scrivania/PROVA/LADD/wandb/run-20230527_173821-2a0bp8ha/files/output.log
2023-05-27 17:38:30,665 INFO    Thread-13 :29020 [dir_watcher.py:_on_file_modified():230] file/dir modified: /home/utente/Scrivania/PROVA/LADD/wandb/run-20230527_173821-2a0bp8ha/files/output.log
2023-05-27 17:38:32,667 INFO    Thread-13 :29020 [dir_watcher.py:_on_file_modified():230] file/dir modified: /home/utente/Scrivania/PROVA/LADD/wandb/run-20230527_173821-2a0bp8ha/files/output.log
2023-05-27 17:38:34,668 INFO    Thread-13 :29020 [dir_watcher.py:_on_file_modified():230] file/dir modified: /home/utente/Scrivania/PROVA/LADD/wandb/run-20230527_173821-2a0bp8ha/files/output.log
2023-05-27 17:38:36,669 INFO    Thread-13 :29020 [dir_watcher.py:_on_file_modified():230] file/dir modified: /home/utente/Scrivania/PROVA/LADD/wandb/run-20230527_173821-2a0bp8ha/files/output.log
2023-05-27 17:38:38,670 INFO    Thread-13 :29020 [dir_watcher.py:_on_file_modified():230] file/dir modified: /home/utente/Scrivania/PROVA/LADD/wandb/run-20230527_173821-2a0bp8ha/files/output.log
2023-05-27 17:38:40,671 INFO    Thread-13 :29020 [dir_watcher.py:_on_file_modified():230] file/dir modified: /home/utente/Scrivania/PROVA/LADD/wandb/run-20230527_173821-2a0bp8ha/files/output.log
2023-05-27 17:38:42,673 INFO    Thread-13 :29020 [dir_watcher.py:_on_file_modified():230] file/dir modified: /home/utente/Scrivania/PROVA/LADD/wandb/run-20230527_173821-2a0bp8ha/files/output.log
2023-05-27 17:38:42,812 DEBUG   HandlerThread:29020 [handler.py:handle_request():126] handle_request: stop_status
2023-05-27 17:38:42,812 DEBUG   SenderThread:29020 [sender.py:send_request():196] send_request: stop_status
2023-05-27 17:38:43,079 DEBUG   SenderThread:29020 [sender.py:send():182] send: metric
2023-05-27 17:38:43,079 DEBUG   SenderThread:29020 [sender.py:send():182] send: metric
2023-05-27 17:38:43,079 WARNING SenderThread:29020 [sender.py:send_metric():831] Seen metric with glob (shouldnt happen)
2023-05-27 17:38:43,080 DEBUG   SenderThread:29020 [sender.py:send():182] send: metric
2023-05-27 17:38:43,080 DEBUG   SenderThread:29020 [sender.py:send():182] send: history
2023-05-27 17:38:43,080 DEBUG   SenderThread:29020 [sender.py:send():182] send: summary
2023-05-27 17:38:43,080 INFO    SenderThread:29020 [sender.py:_save_file():873] saving file wandb-summary.json with policy end
2023-05-27 17:38:43,081 DEBUG   SenderThread:29020 [sender.py:send():182] send: metric
2023-05-27 17:38:43,081 DEBUG   SenderThread:29020 [sender.py:send():182] send: metric
2023-05-27 17:38:43,081 WARNING SenderThread:29020 [sender.py:send_metric():831] Seen metric with glob (shouldnt happen)
2023-05-27 17:38:43,081 DEBUG   SenderThread:29020 [sender.py:send():182] send: metric
2023-05-27 17:38:43,081 DEBUG   SenderThread:29020 [sender.py:send():182] send: history
2023-05-27 17:38:43,081 DEBUG   SenderThread:29020 [sender.py:send():182] send: summary
2023-05-27 17:38:43,082 INFO    SenderThread:29020 [sender.py:_save_file():873] saving file wandb-summary.json with policy end
2023-05-27 17:38:43,082 DEBUG   SenderThread:29020 [sender.py:send():182] send: metric
2023-05-27 17:38:43,082 DEBUG   SenderThread:29020 [sender.py:send():182] send: metric
2023-05-27 17:38:43,082 WARNING SenderThread:29020 [sender.py:send_metric():831] Seen metric with glob (shouldnt happen)
2023-05-27 17:38:43,082 DEBUG   SenderThread:29020 [sender.py:send():182] send: history
2023-05-27 17:38:43,082 DEBUG   SenderThread:29020 [sender.py:send():182] send: summary
2023-05-27 17:38:43,083 INFO    SenderThread:29020 [sender.py:_save_file():873] saving file wandb-summary.json with policy end
2023-05-27 17:38:43,083 DEBUG   SenderThread:29020 [sender.py:send():182] send: metric
2023-05-27 17:38:43,083 DEBUG   SenderThread:29020 [sender.py:send():182] send: metric
2023-05-27 17:38:43,083 WARNING SenderThread:29020 [sender.py:send_metric():831] Seen metric with glob (shouldnt happen)
2023-05-27 17:38:43,083 DEBUG   SenderThread:29020 [sender.py:send():182] send: history
2023-05-27 17:38:43,084 DEBUG   SenderThread:29020 [sender.py:send():182] send: summary
2023-05-27 17:38:43,084 INFO    SenderThread:29020 [sender.py:_save_file():873] saving file wandb-summary.json with policy end
2023-05-27 17:38:43,674 INFO    Thread-13 :29020 [dir_watcher.py:_on_file_modified():230] file/dir modified: /home/utente/Scrivania/PROVA/LADD/wandb/run-20230527_173821-2a0bp8ha/files/wandb-summary.json
2023-05-27 17:38:44,674 INFO    Thread-13 :29020 [dir_watcher.py:_on_file_modified():230] file/dir modified: /home/utente/Scrivania/PROVA/LADD/wandb/run-20230527_173821-2a0bp8ha/files/output.log
2023-05-27 17:38:46,675 INFO    Thread-13 :29020 [dir_watcher.py:_on_file_modified():230] file/dir modified: /home/utente/Scrivania/PROVA/LADD/wandb/run-20230527_173821-2a0bp8ha/files/output.log
2023-05-27 17:38:48,676 INFO    Thread-13 :29020 [dir_watcher.py:_on_file_modified():230] file/dir modified: /home/utente/Scrivania/PROVA/LADD/wandb/run-20230527_173821-2a0bp8ha/files/output.log
2023-05-27 17:38:50,678 INFO    Thread-13 :29020 [dir_watcher.py:_on_file_modified():230] file/dir modified: /home/utente/Scrivania/PROVA/LADD/wandb/run-20230527_173821-2a0bp8ha/files/output.log
2023-05-27 17:38:51,946 DEBUG   SenderThread:29020 [sender.py:send():182] send: stats
2023-05-27 17:38:52,679 INFO    Thread-13 :29020 [dir_watcher.py:_on_file_modified():230] file/dir modified: /home/utente/Scrivania/PROVA/LADD/wandb/run-20230527_173821-2a0bp8ha/files/output.log
2023-05-27 17:38:54,680 INFO    Thread-13 :29020 [dir_watcher.py:_on_file_modified():230] file/dir modified: /home/utente/Scrivania/PROVA/LADD/wandb/run-20230527_173821-2a0bp8ha/files/output.log
2023-05-27 17:38:54,680 INFO    Thread-13 :29020 [dir_watcher.py:_on_file_modified():230] file/dir modified: /home/utente/Scrivania/PROVA/LADD/wandb/run-20230527_173821-2a0bp8ha/files/config.yaml
2023-05-27 17:38:55,231 DEBUG   SenderThread:29020 [sender.py:send():182] send: metric
2023-05-27 17:38:55,239 DEBUG   SenderThread:29020 [sender.py:send():182] send: metric
2023-05-27 17:38:55,239 WARNING SenderThread:29020 [sender.py:send_metric():831] Seen metric with glob (shouldnt happen)
2023-05-27 17:38:55,239 DEBUG   SenderThread:29020 [sender.py:send():182] send: history
2023-05-27 17:38:55,239 DEBUG   SenderThread:29020 [sender.py:send():182] send: summary
2023-05-27 17:38:55,240 INFO    SenderThread:29020 [sender.py:_save_file():873] saving file wandb-summary.json with policy end
2023-05-27 17:38:55,240 DEBUG   SenderThread:29020 [sender.py:send():182] send: metric
2023-05-27 17:38:55,240 DEBUG   SenderThread:29020 [sender.py:send():182] send: metric
2023-05-27 17:38:55,240 WARNING SenderThread:29020 [sender.py:send_metric():831] Seen metric with glob (shouldnt happen)
2023-05-27 17:38:55,240 DEBUG   SenderThread:29020 [sender.py:send():182] send: history
2023-05-27 17:38:55,240 DEBUG   SenderThread:29020 [sender.py:send():182] send: summary
2023-05-27 17:38:55,241 INFO    SenderThread:29020 [sender.py:_save_file():873] saving file wandb-summary.json with policy end
2023-05-27 17:38:55,241 DEBUG   SenderThread:29020 [sender.py:send():182] send: metric
2023-05-27 17:38:55,241 DEBUG   SenderThread:29020 [sender.py:send():182] send: metric
2023-05-27 17:38:55,241 WARNING SenderThread:29020 [sender.py:send_metric():831] Seen metric with glob (shouldnt happen)
2023-05-27 17:38:55,241 DEBUG   SenderThread:29020 [sender.py:send():182] send: history
2023-05-27 17:38:55,242 DEBUG   SenderThread:29020 [sender.py:send():182] send: summary
2023-05-27 17:38:55,242 INFO    SenderThread:29020 [sender.py:_save_file():873] saving file wandb-summary.json with policy end
2023-05-27 17:38:55,242 DEBUG   SenderThread:29020 [sender.py:send():182] send: metric
2023-05-27 17:38:55,242 DEBUG   SenderThread:29020 [sender.py:send():182] send: metric
2023-05-27 17:38:55,242 WARNING SenderThread:29020 [sender.py:send_metric():831] Seen metric with glob (shouldnt happen)
2023-05-27 17:38:55,242 DEBUG   SenderThread:29020 [sender.py:send():182] send: history
2023-05-27 17:38:55,243 DEBUG   SenderThread:29020 [sender.py:send():182] send: summary
2023-05-27 17:38:55,243 INFO    SenderThread:29020 [sender.py:_save_file():873] saving file wandb-summary.json with policy end
2023-05-27 17:38:55,680 INFO    Thread-13 :29020 [dir_watcher.py:_on_file_modified():230] file/dir modified: /home/utente/Scrivania/PROVA/LADD/wandb/run-20230527_173821-2a0bp8ha/files/wandb-summary.json
2023-05-27 17:38:56,681 INFO    Thread-13 :29020 [dir_watcher.py:_on_file_modified():230] file/dir modified: /home/utente/Scrivania/PROVA/LADD/wandb/run-20230527_173821-2a0bp8ha/files/output.log
2023-05-27 17:38:58,080 DEBUG   HandlerThread:29020 [handler.py:handle_request():126] handle_request: stop_status
2023-05-27 17:38:58,081 DEBUG   SenderThread:29020 [sender.py:send_request():196] send_request: stop_status
2023-05-27 17:38:58,682 INFO    Thread-13 :29020 [dir_watcher.py:_on_file_modified():230] file/dir modified: /home/utente/Scrivania/PROVA/LADD/wandb/run-20230527_173821-2a0bp8ha/files/output.log
2023-05-27 17:39:02,684 INFO    Thread-13 :29020 [dir_watcher.py:_on_file_modified():230] file/dir modified: /home/utente/Scrivania/PROVA/LADD/wandb/run-20230527_173821-2a0bp8ha/files/output.log
2023-05-27 17:39:08,686 INFO    Thread-13 :29020 [dir_watcher.py:_on_file_modified():230] file/dir modified: /home/utente/Scrivania/PROVA/LADD/wandb/run-20230527_173821-2a0bp8ha/files/output.log
2023-05-27 17:39:12,688 INFO    Thread-13 :29020 [dir_watcher.py:_on_file_modified():230] file/dir modified: /home/utente/Scrivania/PROVA/LADD/wandb/run-20230527_173821-2a0bp8ha/files/output.log
2023-05-27 17:39:16,690 INFO    Thread-13 :29020 [dir_watcher.py:_on_file_modified():230] file/dir modified: /home/utente/Scrivania/PROVA/LADD/wandb/run-20230527_173821-2a0bp8ha/files/output.log
2023-05-27 17:39:17,581 DEBUG   HandlerThread:29020 [handler.py:handle_request():126] handle_request: stop_status
2023-05-27 17:39:17,582 DEBUG   SenderThread:29020 [sender.py:send_request():196] send_request: stop_status
2023-05-27 17:39:20,692 INFO    Thread-13 :29020 [dir_watcher.py:_on_file_modified():230] file/dir modified: /home/utente/Scrivania/PROVA/LADD/wandb/run-20230527_173821-2a0bp8ha/files/output.log
2023-05-27 17:39:26,695 INFO    Thread-13 :29020 [dir_watcher.py:_on_file_modified():230] file/dir modified: /home/utente/Scrivania/PROVA/LADD/wandb/run-20230527_173821-2a0bp8ha/files/output.log
2023-05-27 17:39:28,695 DEBUG   SenderThread:29020 [sender.py:send():182] send: stats
2023-05-27 17:39:28,699 INFO    Thread-13 :29020 [dir_watcher.py:_on_file_modified():230] file/dir modified: /home/utente/Scrivania/PROVA/LADD/wandb/run-20230527_173821-2a0bp8ha/files/config.yaml
2023-05-27 17:39:30,700 INFO    Thread-13 :29020 [dir_watcher.py:_on_file_modified():230] file/dir modified: /home/utente/Scrivania/PROVA/LADD/wandb/run-20230527_173821-2a0bp8ha/files/output.log
2023-05-27 17:39:34,703 INFO    Thread-13 :29020 [dir_watcher.py:_on_file_modified():230] file/dir modified: /home/utente/Scrivania/PROVA/LADD/wandb/run-20230527_173821-2a0bp8ha/files/output.log
2023-05-27 17:39:40,705 INFO    Thread-13 :29020 [dir_watcher.py:_on_file_modified():230] file/dir modified: /home/utente/Scrivania/PROVA/LADD/wandb/run-20230527_173821-2a0bp8ha/files/output.log
2023-05-27 17:39:43,006 DEBUG   HandlerThread:29020 [handler.py:handle_request():126] handle_request: stop_status
2023-05-27 17:39:43,006 DEBUG   SenderThread:29020 [sender.py:send_request():196] send_request: stop_status
2023-05-27 17:39:44,707 INFO    Thread-13 :29020 [dir_watcher.py:_on_file_modified():230] file/dir modified: /home/utente/Scrivania/PROVA/LADD/wandb/run-20230527_173821-2a0bp8ha/files/output.log
2023-05-27 17:39:48,709 INFO    Thread-13 :29020 [dir_watcher.py:_on_file_modified():230] file/dir modified: /home/utente/Scrivania/PROVA/LADD/wandb/run-20230527_173821-2a0bp8ha/files/output.log
2023-05-27 17:39:52,431 DEBUG   SenderThread:29020 [sender.py:send():182] send: stats
2023-05-27 17:39:52,711 INFO    Thread-13 :29020 [dir_watcher.py:_on_file_modified():230] file/dir modified: /home/utente/Scrivania/PROVA/LADD/wandb/run-20230527_173821-2a0bp8ha/files/output.log
2023-05-27 17:39:58,713 INFO    Thread-13 :29020 [dir_watcher.py:_on_file_modified():230] file/dir modified: /home/utente/Scrivania/PROVA/LADD/wandb/run-20230527_173821-2a0bp8ha/files/output.log
2023-05-27 17:40:02,715 INFO    Thread-13 :29020 [dir_watcher.py:_on_file_modified():230] file/dir modified: /home/utente/Scrivania/PROVA/LADD/wandb/run-20230527_173821-2a0bp8ha/files/output.log
2023-05-27 17:40:06,717 INFO    Thread-13 :29020 [dir_watcher.py:_on_file_modified():230] file/dir modified: /home/utente/Scrivania/PROVA/LADD/wandb/run-20230527_173821-2a0bp8ha/files/output.log
2023-05-27 17:40:07,117 DEBUG   HandlerThread:29020 [handler.py:handle_request():126] handle_request: stop_status
2023-05-27 17:40:07,117 DEBUG   SenderThread:29020 [sender.py:send_request():196] send_request: stop_status
2023-05-27 17:40:12,719 INFO    Thread-13 :29020 [dir_watcher.py:_on_file_modified():230] file/dir modified: /home/utente/Scrivania/PROVA/LADD/wandb/run-20230527_173821-2a0bp8ha/files/output.log
2023-05-27 17:40:18,722 INFO    Thread-13 :29020 [dir_watcher.py:_on_file_modified():230] file/dir modified: /home/utente/Scrivania/PROVA/LADD/wandb/run-20230527_173821-2a0bp8ha/files/output.log
2023-05-27 17:40:22,659 DEBUG   SenderThread:29020 [sender.py:send():182] send: stats
2023-05-27 17:40:24,724 INFO    Thread-13 :29020 [dir_watcher.py:_on_file_modified():230] file/dir modified: /home/utente/Scrivania/PROVA/LADD/wandb/run-20230527_173821-2a0bp8ha/files/output.log
2023-05-27 17:40:27,560 DEBUG   HandlerThread:29020 [handler.py:handle_request():126] handle_request: stop_status
2023-05-27 17:40:27,560 DEBUG   SenderThread:29020 [sender.py:send_request():196] send_request: stop_status
2023-05-27 17:40:30,727 INFO    Thread-13 :29020 [dir_watcher.py:_on_file_modified():230] file/dir modified: /home/utente/Scrivania/PROVA/LADD/wandb/run-20230527_173821-2a0bp8ha/files/output.log
2023-05-27 17:40:38,730 INFO    Thread-13 :29020 [dir_watcher.py:_on_file_modified():230] file/dir modified: /home/utente/Scrivania/PROVA/LADD/wandb/run-20230527_173821-2a0bp8ha/files/output.log
2023-05-27 17:40:42,732 INFO    Thread-13 :29020 [dir_watcher.py:_on_file_modified():230] file/dir modified: /home/utente/Scrivania/PROVA/LADD/wandb/run-20230527_173821-2a0bp8ha/files/output.log
2023-05-27 17:40:48,734 INFO    Thread-13 :29020 [dir_watcher.py:_on_file_modified():230] file/dir modified: /home/utente/Scrivania/PROVA/LADD/wandb/run-20230527_173821-2a0bp8ha/files/output.log
2023-05-27 17:40:56,738 INFO    Thread-13 :29020 [dir_watcher.py:_on_file_modified():230] file/dir modified: /home/utente/Scrivania/PROVA/LADD/wandb/run-20230527_173821-2a0bp8ha/files/output.log
2023-05-27 17:41:02,740 INFO    Thread-13 :29020 [dir_watcher.py:_on_file_modified():230] file/dir modified: /home/utente/Scrivania/PROVA/LADD/wandb/run-20230527_173821-2a0bp8ha/files/output.log
2023-05-27 17:41:08,743 INFO    Thread-13 :29020 [dir_watcher.py:_on_file_modified():230] file/dir modified: /home/utente/Scrivania/PROVA/LADD/wandb/run-20230527_173821-2a0bp8ha/files/output.log
2023-05-27 17:41:14,745 INFO    Thread-13 :29020 [dir_watcher.py:_on_file_modified():230] file/dir modified: /home/utente/Scrivania/PROVA/LADD/wandb/run-20230527_173821-2a0bp8ha/files/output.log
2023-05-27 17:41:20,747 INFO    Thread-13 :29020 [dir_watcher.py:_on_file_modified():230] file/dir modified: /home/utente/Scrivania/PROVA/LADD/wandb/run-20230527_173821-2a0bp8ha/files/output.log
2023-05-27 17:41:26,750 INFO    Thread-13 :29020 [dir_watcher.py:_on_file_modified():230] file/dir modified: /home/utente/Scrivania/PROVA/LADD/wandb/run-20230527_173821-2a0bp8ha/files/output.log
2023-05-27 17:41:31,066 ERROR   SenderThread:29020 [retry.py:__call__():126] Retry attempt failed:
Traceback (most recent call last):
  File "/home/utente/anaconda3/envs/LADD/lib/python3.9/site-packages/urllib3/connection.py", line 174, in _new_conn
    conn = connection.create_connection(
  File "/home/utente/anaconda3/envs/LADD/lib/python3.9/site-packages/urllib3/util/connection.py", line 73, in create_connection
    for res in socket.getaddrinfo(host, port, family, socket.SOCK_STREAM):
  File "/home/utente/anaconda3/envs/LADD/lib/python3.9/socket.py", line 954, in getaddrinfo
    for res in _socket.getaddrinfo(host, port, family, type, proto, flags):
socket.gaierror: [Errno -3] Temporary failure in name resolution

During handling of the above exception, another exception occurred:

Traceback (most recent call last):
  File "/home/utente/anaconda3/envs/LADD/lib/python3.9/site-packages/urllib3/connectionpool.py", line 699, in urlopen
    httplib_response = self._make_request(
  File "/home/utente/anaconda3/envs/LADD/lib/python3.9/site-packages/urllib3/connectionpool.py", line 382, in _make_request
    self._validate_conn(conn)
  File "/home/utente/anaconda3/envs/LADD/lib/python3.9/site-packages/urllib3/connectionpool.py", line 1010, in _validate_conn
    conn.connect()
  File "/home/utente/anaconda3/envs/LADD/lib/python3.9/site-packages/urllib3/connection.py", line 358, in connect
    conn = self._new_conn()
  File "/home/utente/anaconda3/envs/LADD/lib/python3.9/site-packages/urllib3/connection.py", line 186, in _new_conn
    raise NewConnectionError(
urllib3.exceptions.NewConnectionError: <urllib3.connection.HTTPSConnection object at 0x7fb7a034f8b0>: Failed to establish a new connection: [Errno -3] Temporary failure in name resolution

During handling of the above exception, another exception occurred:

Traceback (most recent call last):
  File "/home/utente/anaconda3/envs/LADD/lib/python3.9/site-packages/requests/adapters.py", line 440, in send
    resp = conn.urlopen(
  File "/home/utente/anaconda3/envs/LADD/lib/python3.9/site-packages/urllib3/connectionpool.py", line 755, in urlopen
    retries = retries.increment(
  File "/home/utente/anaconda3/envs/LADD/lib/python3.9/site-packages/urllib3/util/retry.py", line 574, in increment
    raise MaxRetryError(_pool, url, error or ResponseError(cause))
urllib3.exceptions.MaxRetryError: HTTPSConnectionPool(host='api.wandb.ai', port=443): Max retries exceeded with url: /graphql (Caused by NewConnectionError('<urllib3.connection.HTTPSConnection object at 0x7fb7a034f8b0>: Failed to establish a new connection: [Errno -3] Temporary failure in name resolution'))

During handling of the above exception, another exception occurred:

Traceback (most recent call last):
  File "/home/utente/anaconda3/envs/LADD/lib/python3.9/site-packages/wandb/sdk/lib/retry.py", line 102, in __call__
    result = self._call_fn(*args, **kwargs)
  File "/home/utente/anaconda3/envs/LADD/lib/python3.9/site-packages/wandb/sdk/internal/internal_api.py", line 130, in execute
    return self.client.execute(*args, **kwargs)
  File "/home/utente/anaconda3/envs/LADD/lib/python3.9/site-packages/wandb/vendor/gql-0.2.0/gql/client.py", line 52, in execute
    result = self._get_result(document, *args, **kwargs)
  File "/home/utente/anaconda3/envs/LADD/lib/python3.9/site-packages/wandb/vendor/gql-0.2.0/gql/client.py", line 60, in _get_result
    return self.transport.execute(document, *args, **kwargs)
  File "/home/utente/anaconda3/envs/LADD/lib/python3.9/site-packages/wandb/vendor/gql-0.2.0/gql/transport/requests.py", line 38, in execute
    request = requests.post(self.url, **post_args)
  File "/home/utente/anaconda3/envs/LADD/lib/python3.9/site-packages/requests/api.py", line 117, in post
    return request('post', url, data=data, json=json, **kwargs)
  File "/home/utente/anaconda3/envs/LADD/lib/python3.9/site-packages/requests/api.py", line 61, in request
    return session.request(method=method, url=url, **kwargs)
  File "/home/utente/anaconda3/envs/LADD/lib/python3.9/site-packages/requests/sessions.py", line 529, in request
    resp = self.send(prep, **send_kwargs)
  File "/home/utente/anaconda3/envs/LADD/lib/python3.9/site-packages/requests/sessions.py", line 645, in send
    r = adapter.send(request, **kwargs)
  File "/home/utente/anaconda3/envs/LADD/lib/python3.9/site-packages/requests/adapters.py", line 519, in send
    raise ConnectionError(e, request=request)
requests.exceptions.ConnectionError: HTTPSConnectionPool(host='api.wandb.ai', port=443): Max retries exceeded with url: /graphql (Caused by NewConnectionError('<urllib3.connection.HTTPSConnection object at 0x7fb7a034f8b0>: Failed to establish a new connection: [Errno -3] Temporary failure in name resolution'))
2023-05-27 17:41:32,752 INFO    Thread-13 :29020 [dir_watcher.py:_on_file_modified():230] file/dir modified: /home/utente/Scrivania/PROVA/LADD/wandb/run-20230527_173821-2a0bp8ha/files/output.log
2023-05-27 17:41:38,755 INFO    Thread-13 :29020 [dir_watcher.py:_on_file_modified():230] file/dir modified: /home/utente/Scrivania/PROVA/LADD/wandb/run-20230527_173821-2a0bp8ha/files/output.log
2023-05-27 17:41:44,757 INFO    Thread-13 :29020 [dir_watcher.py:_on_file_modified():230] file/dir modified: /home/utente/Scrivania/PROVA/LADD/wandb/run-20230527_173821-2a0bp8ha/files/output.log
2023-05-27 17:41:50,759 INFO    Thread-13 :29020 [dir_watcher.py:_on_file_modified():230] file/dir modified: /home/utente/Scrivania/PROVA/LADD/wandb/run-20230527_173821-2a0bp8ha/files/output.log
2023-05-27 17:41:56,762 INFO    Thread-13 :29020 [dir_watcher.py:_on_file_modified():230] file/dir modified: /home/utente/Scrivania/PROVA/LADD/wandb/run-20230527_173821-2a0bp8ha/files/output.log
2023-05-27 17:42:02,764 INFO    Thread-13 :29020 [dir_watcher.py:_on_file_modified():230] file/dir modified: /home/utente/Scrivania/PROVA/LADD/wandb/run-20230527_173821-2a0bp8ha/files/output.log
2023-05-27 17:42:10,767 INFO    Thread-13 :29020 [dir_watcher.py:_on_file_modified():230] file/dir modified: /home/utente/Scrivania/PROVA/LADD/wandb/run-20230527_173821-2a0bp8ha/files/output.log
2023-05-27 17:42:16,770 INFO    Thread-13 :29020 [dir_watcher.py:_on_file_modified():230] file/dir modified: /home/utente/Scrivania/PROVA/LADD/wandb/run-20230527_173821-2a0bp8ha/files/output.log
2023-05-27 17:42:22,773 INFO    Thread-13 :29020 [dir_watcher.py:_on_file_modified():230] file/dir modified: /home/utente/Scrivania/PROVA/LADD/wandb/run-20230527_173821-2a0bp8ha/files/output.log
2023-05-27 17:42:28,775 INFO    Thread-13 :29020 [dir_watcher.py:_on_file_modified():230] file/dir modified: /home/utente/Scrivania/PROVA/LADD/wandb/run-20230527_173821-2a0bp8ha/files/output.log
2023-05-27 17:42:34,778 INFO    Thread-13 :29020 [dir_watcher.py:_on_file_modified():230] file/dir modified: /home/utente/Scrivania/PROVA/LADD/wandb/run-20230527_173821-2a0bp8ha/files/output.log
2023-05-27 17:42:40,780 INFO    Thread-13 :29020 [dir_watcher.py:_on_file_modified():230] file/dir modified: /home/utente/Scrivania/PROVA/LADD/wandb/run-20230527_173821-2a0bp8ha/files/output.log
2023-05-27 17:42:46,783 INFO    Thread-13 :29020 [dir_watcher.py:_on_file_modified():230] file/dir modified: /home/utente/Scrivania/PROVA/LADD/wandb/run-20230527_173821-2a0bp8ha/files/output.log
2023-05-27 17:42:54,787 INFO    Thread-13 :29020 [dir_watcher.py:_on_file_modified():230] file/dir modified: /home/utente/Scrivania/PROVA/LADD/wandb/run-20230527_173821-2a0bp8ha/files/output.log
2023-05-27 17:43:00,789 INFO    Thread-13 :29020 [dir_watcher.py:_on_file_modified():230] file/dir modified: /home/utente/Scrivania/PROVA/LADD/wandb/run-20230527_173821-2a0bp8ha/files/output.log
2023-05-27 17:43:06,791 INFO    Thread-13 :29020 [dir_watcher.py:_on_file_modified():230] file/dir modified: /home/utente/Scrivania/PROVA/LADD/wandb/run-20230527_173821-2a0bp8ha/files/output.log
2023-05-27 17:43:12,794 INFO    Thread-13 :29020 [dir_watcher.py:_on_file_modified():230] file/dir modified: /home/utente/Scrivania/PROVA/LADD/wandb/run-20230527_173821-2a0bp8ha/files/output.log
2023-05-27 17:43:18,796 INFO    Thread-13 :29020 [dir_watcher.py:_on_file_modified():230] file/dir modified: /home/utente/Scrivania/PROVA/LADD/wandb/run-20230527_173821-2a0bp8ha/files/output.log
2023-05-27 17:43:26,799 INFO    Thread-13 :29020 [dir_watcher.py:_on_file_modified():230] file/dir modified: /home/utente/Scrivania/PROVA/LADD/wandb/run-20230527_173821-2a0bp8ha/files/output.log
2023-05-27 17:43:32,802 INFO    Thread-13 :29020 [dir_watcher.py:_on_file_modified():230] file/dir modified: /home/utente/Scrivania/PROVA/LADD/wandb/run-20230527_173821-2a0bp8ha/files/output.log
2023-05-27 17:43:38,804 INFO    Thread-13 :29020 [dir_watcher.py:_on_file_modified():230] file/dir modified: /home/utente/Scrivania/PROVA/LADD/wandb/run-20230527_173821-2a0bp8ha/files/output.log
2023-05-27 17:43:44,807 INFO    Thread-13 :29020 [dir_watcher.py:_on_file_modified():230] file/dir modified: /home/utente/Scrivania/PROVA/LADD/wandb/run-20230527_173821-2a0bp8ha/files/output.log
2023-05-27 17:43:46,808 INFO    Thread-13 :29020 [dir_watcher.py:_on_file_modified():230] file/dir modified: /home/utente/Scrivania/PROVA/LADD/wandb/run-20230527_173821-2a0bp8ha/files/output.log
2023-05-27 17:49:20,497 WARNING MainThread:29020 [internal.py:wandb_internal():145] Internal process interrupt: 1
