2023-03-20 18:37:12,299 INFO    MainThread:12652 [internal.py:wandb_internal():86] W&B internal server running at pid: 12652, started at: 2023-03-20 18:37:12.298761
2023-03-20 18:37:12,302 DEBUG   HandlerThread:12652 [handler.py:handle_request():126] handle_request: check_version
2023-03-20 18:37:12,304 INFO    WriterThread:12652 [datastore.py:open_for_write():77] open: /home/utente/Scrivania/PROVA/LADD/wandb/run-20230320_183711-36m6dnu6/run-36m6dnu6.wandb
2023-03-20 18:37:12,306 DEBUG   SenderThread:12652 [sender.py:send():182] send: header
2023-03-20 18:37:12,306 DEBUG   SenderThread:12652 [sender.py:send_request():196] send_request: check_version
2023-03-20 18:37:12,672 DEBUG   SenderThread:12652 [sender.py:send():182] send: run
2023-03-20 18:37:12,675 INFO    SenderThread:12652 [sender.py:_maybe_setup_resume():421] checking resume status for alessandro-fella-1/federated_cityscapes/36m6dnu6
2023-03-20 18:37:13,403 INFO    SenderThread:12652 [dir_watcher.py:__init__():169] watching files in: /home/utente/Scrivania/PROVA/LADD/wandb/run-20230320_183711-36m6dnu6/files
2023-03-20 18:37:13,403 INFO    SenderThread:12652 [sender.py:_start_run_threads():740] run started: 36m6dnu6 with start time 1679333831
2023-03-20 18:37:13,404 DEBUG   HandlerThread:12652 [handler.py:handle_request():126] handle_request: run_start
2023-03-20 18:37:13,405 DEBUG   SenderThread:12652 [sender.py:send():182] send: summary
2023-03-20 18:37:13,405 INFO    SenderThread:12652 [sender.py:_save_file():873] saving file wandb-summary.json with policy end
2023-03-20 18:37:13,408 DEBUG   HandlerThread:12652 [meta.py:__init__():40] meta init
2023-03-20 18:37:13,409 DEBUG   HandlerThread:12652 [meta.py:__init__():54] meta init done
2023-03-20 18:37:13,409 DEBUG   HandlerThread:12652 [meta.py:probe():211] probe
2023-03-20 18:37:13,416 DEBUG   HandlerThread:12652 [meta.py:_setup_git():201] setup git
2023-03-20 18:37:13,437 DEBUG   HandlerThread:12652 [meta.py:_setup_git():208] setup git done
2023-03-20 18:37:13,438 DEBUG   HandlerThread:12652 [meta.py:_save_pip():58] save pip
2023-03-20 18:37:13,439 DEBUG   HandlerThread:12652 [meta.py:_save_pip():72] save pip done
2023-03-20 18:37:13,439 DEBUG   HandlerThread:12652 [meta.py:_save_conda():79] save conda
2023-03-20 18:37:14,410 INFO    Thread-13 :12652 [dir_watcher.py:_on_file_created():217] file/dir created: /home/utente/Scrivania/PROVA/LADD/wandb/run-20230320_183711-36m6dnu6/files/requirements.txt
2023-03-20 18:37:14,411 INFO    Thread-13 :12652 [dir_watcher.py:_on_file_created():217] file/dir created: /home/utente/Scrivania/PROVA/LADD/wandb/run-20230320_183711-36m6dnu6/files/conda-environment.yaml
2023-03-20 18:37:14,411 INFO    Thread-13 :12652 [dir_watcher.py:_on_file_created():217] file/dir created: /home/utente/Scrivania/PROVA/LADD/wandb/run-20230320_183711-36m6dnu6/files/wandb-summary.json
2023-03-20 18:37:15,324 DEBUG   HandlerThread:12652 [meta.py:_save_conda():87] save conda done
2023-03-20 18:37:15,325 DEBUG   HandlerThread:12652 [meta.py:probe():249] probe done
2023-03-20 18:37:15,413 INFO    Thread-13 :12652 [dir_watcher.py:_on_file_modified():230] file/dir modified: /home/utente/Scrivania/PROVA/LADD/wandb/run-20230320_183711-36m6dnu6/files/conda-environment.yaml
2023-03-20 18:37:15,414 INFO    Thread-13 :12652 [dir_watcher.py:_on_file_created():217] file/dir created: /home/utente/Scrivania/PROVA/LADD/wandb/run-20230320_183711-36m6dnu6/files/wandb-metadata.json
2023-03-20 18:37:15,433 DEBUG   SenderThread:12652 [sender.py:send():182] send: files
2023-03-20 18:37:15,433 INFO    SenderThread:12652 [sender.py:_save_file():873] saving file wandb-metadata.json with policy now
2023-03-20 18:37:15,444 DEBUG   HandlerThread:12652 [handler.py:handle_request():126] handle_request: stop_status
2023-03-20 18:37:15,445 DEBUG   SenderThread:12652 [sender.py:send_request():196] send_request: stop_status
2023-03-20 18:37:15,673 DEBUG   SenderThread:12652 [sender.py:send():182] send: metric
2023-03-20 18:37:15,674 DEBUG   SenderThread:12652 [sender.py:send():182] send: metric
2023-03-20 18:37:15,674 WARNING SenderThread:12652 [sender.py:send_metric():831] Seen metric with glob (shouldnt happen)
2023-03-20 18:37:15,674 DEBUG   SenderThread:12652 [sender.py:send():182] send: config
2023-03-20 18:37:16,055 INFO    Thread-16 :12652 [upload_job.py:push():137] Uploaded file /tmp/tmpwqhrum7twandb/21daao93-wandb-metadata.json
2023-03-20 18:37:16,413 INFO    Thread-13 :12652 [dir_watcher.py:_on_file_created():217] file/dir created: /home/utente/Scrivania/PROVA/LADD/wandb/run-20230320_183711-36m6dnu6/files/output.log
2023-03-20 18:37:18,414 INFO    Thread-13 :12652 [dir_watcher.py:_on_file_modified():230] file/dir modified: /home/utente/Scrivania/PROVA/LADD/wandb/run-20230320_183711-36m6dnu6/files/output.log
2023-03-20 18:37:20,417 INFO    Thread-13 :12652 [dir_watcher.py:_on_file_modified():230] file/dir modified: /home/utente/Scrivania/PROVA/LADD/wandb/run-20230320_183711-36m6dnu6/files/output.log
2023-03-20 18:37:32,605 DEBUG   HandlerThread:12652 [handler.py:handle_request():126] handle_request: stop_status
2023-03-20 18:37:32,606 DEBUG   SenderThread:12652 [sender.py:send_request():196] send_request: stop_status
2023-03-20 18:37:36,435 INFO    Thread-13 :12652 [dir_watcher.py:_on_file_modified():230] file/dir modified: /home/utente/Scrivania/PROVA/LADD/wandb/run-20230320_183711-36m6dnu6/files/output.log
2023-03-20 18:37:41,807 DEBUG   SenderThread:12652 [sender.py:send():182] send: stats
2023-03-20 18:37:43,443 INFO    Thread-13 :12652 [dir_watcher.py:_on_file_modified():230] file/dir modified: /home/utente/Scrivania/PROVA/LADD/wandb/run-20230320_183711-36m6dnu6/files/config.yaml
2023-03-20 18:37:47,855 DEBUG   HandlerThread:12652 [handler.py:handle_request():126] handle_request: stop_status
2023-03-20 18:37:47,855 DEBUG   SenderThread:12652 [sender.py:send_request():196] send_request: stop_status
2023-03-20 18:38:03,215 DEBUG   HandlerThread:12652 [handler.py:handle_request():126] handle_request: stop_status
2023-03-20 18:38:03,215 DEBUG   SenderThread:12652 [sender.py:send_request():196] send_request: stop_status
2023-03-20 18:38:12,230 DEBUG   SenderThread:12652 [sender.py:send():182] send: stats
2023-03-20 18:38:14,474 INFO    Thread-13 :12652 [dir_watcher.py:_on_file_modified():230] file/dir modified: /home/utente/Scrivania/PROVA/LADD/wandb/run-20230320_183711-36m6dnu6/files/output.log
2023-03-20 18:38:18,438 DEBUG   HandlerThread:12652 [handler.py:handle_request():126] handle_request: stop_status
2023-03-20 18:38:18,439 DEBUG   SenderThread:12652 [sender.py:send_request():196] send_request: stop_status
2023-03-20 18:38:33,833 DEBUG   HandlerThread:12652 [handler.py:handle_request():126] handle_request: stop_status
2023-03-20 18:38:33,834 DEBUG   SenderThread:12652 [sender.py:send_request():196] send_request: stop_status
2023-03-20 18:38:42,642 DEBUG   SenderThread:12652 [sender.py:send():182] send: stats
2023-03-20 18:38:49,397 DEBUG   HandlerThread:12652 [handler.py:handle_request():126] handle_request: stop_status
2023-03-20 18:38:49,398 DEBUG   SenderThread:12652 [sender.py:send_request():196] send_request: stop_status
2023-03-20 18:39:04,857 DEBUG   HandlerThread:12652 [handler.py:handle_request():126] handle_request: stop_status
2023-03-20 18:39:04,858 DEBUG   SenderThread:12652 [sender.py:send_request():196] send_request: stop_status
2023-03-20 18:39:12,984 DEBUG   SenderThread:12652 [sender.py:send():182] send: stats
2023-03-20 18:39:20,114 DEBUG   HandlerThread:12652 [handler.py:handle_request():126] handle_request: stop_status
2023-03-20 18:39:20,114 DEBUG   SenderThread:12652 [sender.py:send_request():196] send_request: stop_status
2023-03-20 18:39:35,352 DEBUG   HandlerThread:12652 [handler.py:handle_request():126] handle_request: stop_status
2023-03-20 18:39:35,353 DEBUG   SenderThread:12652 [sender.py:send_request():196] send_request: stop_status
2023-03-20 18:39:43,403 DEBUG   SenderThread:12652 [sender.py:send():182] send: stats
2023-03-20 18:39:50,636 DEBUG   HandlerThread:12652 [handler.py:handle_request():126] handle_request: stop_status
2023-03-20 18:39:50,637 DEBUG   SenderThread:12652 [sender.py:send_request():196] send_request: stop_status
2023-03-20 18:40:05,869 DEBUG   HandlerThread:12652 [handler.py:handle_request():126] handle_request: stop_status
2023-03-20 18:40:05,869 DEBUG   SenderThread:12652 [sender.py:send_request():196] send_request: stop_status
2023-03-20 18:40:13,784 DEBUG   SenderThread:12652 [sender.py:send():182] send: stats
2023-03-20 18:40:21,111 DEBUG   HandlerThread:12652 [handler.py:handle_request():126] handle_request: stop_status
2023-03-20 18:40:21,112 DEBUG   SenderThread:12652 [sender.py:send_request():196] send_request: stop_status
2023-03-20 18:40:36,407 DEBUG   HandlerThread:12652 [handler.py:handle_request():126] handle_request: stop_status
2023-03-20 18:40:36,407 DEBUG   SenderThread:12652 [sender.py:send_request():196] send_request: stop_status
2023-03-20 18:40:44,105 DEBUG   SenderThread:12652 [sender.py:send():182] send: stats
2023-03-20 18:40:51,632 DEBUG   HandlerThread:12652 [handler.py:handle_request():126] handle_request: stop_status
2023-03-20 18:40:51,633 DEBUG   SenderThread:12652 [sender.py:send_request():196] send_request: stop_status
2023-03-20 18:41:06,894 DEBUG   HandlerThread:12652 [handler.py:handle_request():126] handle_request: stop_status
2023-03-20 18:41:06,895 DEBUG   SenderThread:12652 [sender.py:send_request():196] send_request: stop_status
2023-03-20 18:41:14,393 DEBUG   SenderThread:12652 [sender.py:send():182] send: stats
2023-03-20 18:41:27,713 DEBUG   HandlerThread:12652 [handler.py:handle_request():126] handle_request: stop_status
2023-03-20 18:41:27,714 DEBUG   SenderThread:12652 [sender.py:send_request():196] send_request: stop_status
2023-03-20 18:42:01,379 ERROR   SenderThread:12652 [retry.py:__call__():126] Retry attempt failed:
Traceback (most recent call last):
  File "/home/utente/anaconda3/envs/LADD/lib/python3.9/site-packages/urllib3/connectionpool.py", line 445, in _make_request
    six.raise_from(e, None)
  File "<string>", line 3, in raise_from
  File "/home/utente/anaconda3/envs/LADD/lib/python3.9/site-packages/urllib3/connectionpool.py", line 440, in _make_request
    httplib_response = conn.getresponse()
  File "/home/utente/anaconda3/envs/LADD/lib/python3.9/http/client.py", line 1371, in getresponse
    response.begin()
  File "/home/utente/anaconda3/envs/LADD/lib/python3.9/http/client.py", line 319, in begin
    version, status, reason = self._read_status()
  File "/home/utente/anaconda3/envs/LADD/lib/python3.9/http/client.py", line 280, in _read_status
    line = str(self.fp.readline(_MAXLINE + 1), "iso-8859-1")
  File "/home/utente/anaconda3/envs/LADD/lib/python3.9/socket.py", line 704, in readinto
    return self._sock.recv_into(b)
  File "/home/utente/anaconda3/envs/LADD/lib/python3.9/ssl.py", line 1241, in recv_into
    return self.read(nbytes, buffer)
  File "/home/utente/anaconda3/envs/LADD/lib/python3.9/ssl.py", line 1099, in read
    return self._sslobj.read(len, buffer)
socket.timeout: The read operation timed out

During handling of the above exception, another exception occurred:

Traceback (most recent call last):
  File "/home/utente/anaconda3/envs/LADD/lib/python3.9/site-packages/requests/adapters.py", line 440, in send
    resp = conn.urlopen(
  File "/home/utente/anaconda3/envs/LADD/lib/python3.9/site-packages/urllib3/connectionpool.py", line 755, in urlopen
    retries = retries.increment(
  File "/home/utente/anaconda3/envs/LADD/lib/python3.9/site-packages/urllib3/util/retry.py", line 532, in increment
    raise six.reraise(type(error), error, _stacktrace)
  File "/home/utente/anaconda3/envs/LADD/lib/python3.9/site-packages/urllib3/packages/six.py", line 770, in reraise
    raise value
  File "/home/utente/anaconda3/envs/LADD/lib/python3.9/site-packages/urllib3/connectionpool.py", line 699, in urlopen
    httplib_response = self._make_request(
  File "/home/utente/anaconda3/envs/LADD/lib/python3.9/site-packages/urllib3/connectionpool.py", line 447, in _make_request
    self._raise_timeout(err=e, url=url, timeout_value=read_timeout)
  File "/home/utente/anaconda3/envs/LADD/lib/python3.9/site-packages/urllib3/connectionpool.py", line 336, in _raise_timeout
    raise ReadTimeoutError(
urllib3.exceptions.ReadTimeoutError: HTTPSConnectionPool(host='api.wandb.ai', port=443): Read timed out. (read timeout=10)

During handling of the above exception, another exception occurred:

Traceback (most recent call last):
  File "/home/utente/anaconda3/envs/LADD/lib/python3.9/site-packages/wandb/sdk/lib/retry.py", line 102, in __call__
    result = self._call_fn(*args, **kwargs)
  File "/home/utente/anaconda3/envs/LADD/lib/python3.9/site-packages/wandb/sdk/internal/internal_api.py", line 130, in execute
    return self.client.execute(*args, **kwargs)
  File "/home/utente/anaconda3/envs/LADD/lib/python3.9/site-packages/wandb/vendor/gql-0.2.0/gql/client.py", line 52, in execute
    result = self._get_result(document, *args, **kwargs)
  File "/home/utente/anaconda3/envs/LADD/lib/python3.9/site-packages/wandb/vendor/gql-0.2.0/gql/client.py", line 60, in _get_result
    return self.transport.execute(document, *args, **kwargs)
  File "/home/utente/anaconda3/envs/LADD/lib/python3.9/site-packages/wandb/vendor/gql-0.2.0/gql/transport/requests.py", line 38, in execute
    request = requests.post(self.url, **post_args)
  File "/home/utente/anaconda3/envs/LADD/lib/python3.9/site-packages/requests/api.py", line 117, in post
    return request('post', url, data=data, json=json, **kwargs)
  File "/home/utente/anaconda3/envs/LADD/lib/python3.9/site-packages/requests/api.py", line 61, in request
    return session.request(method=method, url=url, **kwargs)
  File "/home/utente/anaconda3/envs/LADD/lib/python3.9/site-packages/requests/sessions.py", line 529, in request
    resp = self.send(prep, **send_kwargs)
  File "/home/utente/anaconda3/envs/LADD/lib/python3.9/site-packages/requests/sessions.py", line 645, in send
    r = adapter.send(request, **kwargs)
  File "/home/utente/anaconda3/envs/LADD/lib/python3.9/site-packages/requests/adapters.py", line 532, in send
    raise ReadTimeout(e, request=request)
requests.exceptions.ReadTimeout: HTTPSConnectionPool(host='api.wandb.ai', port=443): Read timed out. (read timeout=10)
2023-03-20 18:42:08,009 DEBUG   SenderThread:12652 [sender.py:send():182] send: stats
2023-03-20 18:42:10,728 INFO    Thread-13 :12652 [dir_watcher.py:_on_file_modified():230] file/dir modified: /home/utente/Scrivania/PROVA/LADD/wandb/run-20230320_183711-36m6dnu6/files/output.log
2023-03-20 18:42:15,150 DEBUG   SenderThread:12652 [sender.py:send():182] send: stats
2023-03-20 18:42:23,013 DEBUG   HandlerThread:12652 [handler.py:handle_request():126] handle_request: stop_status
2023-03-20 18:42:23,013 DEBUG   SenderThread:12652 [sender.py:send_request():196] send_request: stop_status
2023-03-20 18:42:38,262 DEBUG   HandlerThread:12652 [handler.py:handle_request():126] handle_request: stop_status
2023-03-20 18:42:38,262 DEBUG   SenderThread:12652 [sender.py:send_request():196] send_request: stop_status
2023-03-20 18:42:45,557 DEBUG   SenderThread:12652 [sender.py:send():182] send: stats
2023-03-20 18:42:53,525 DEBUG   HandlerThread:12652 [handler.py:handle_request():126] handle_request: stop_status
2023-03-20 18:42:53,526 DEBUG   SenderThread:12652 [sender.py:send_request():196] send_request: stop_status
2023-03-20 18:43:08,782 DEBUG   HandlerThread:12652 [handler.py:handle_request():126] handle_request: stop_status
2023-03-20 18:43:08,783 DEBUG   SenderThread:12652 [sender.py:send_request():196] send_request: stop_status
2023-03-20 18:43:15,903 DEBUG   SenderThread:12652 [sender.py:send():182] send: stats
2023-03-20 18:43:24,141 DEBUG   HandlerThread:12652 [handler.py:handle_request():126] handle_request: stop_status
2023-03-20 18:43:24,142 DEBUG   SenderThread:12652 [sender.py:send_request():196] send_request: stop_status
2023-03-20 18:43:39,502 DEBUG   HandlerThread:12652 [handler.py:handle_request():126] handle_request: stop_status
2023-03-20 18:43:39,503 DEBUG   SenderThread:12652 [sender.py:send_request():196] send_request: stop_status
2023-03-20 18:43:46,338 DEBUG   SenderThread:12652 [sender.py:send():182] send: stats
2023-03-20 18:43:54,963 DEBUG   HandlerThread:12652 [handler.py:handle_request():126] handle_request: stop_status
2023-03-20 18:43:54,964 DEBUG   SenderThread:12652 [sender.py:send_request():196] send_request: stop_status
2023-03-20 18:44:10,527 DEBUG   HandlerThread:12652 [handler.py:handle_request():126] handle_request: stop_status
2023-03-20 18:44:10,528 DEBUG   SenderThread:12652 [sender.py:send_request():196] send_request: stop_status
2023-03-20 18:44:16,649 DEBUG   SenderThread:12652 [sender.py:send():182] send: stats
2023-03-20 18:44:25,765 DEBUG   HandlerThread:12652 [handler.py:handle_request():126] handle_request: stop_status
2023-03-20 18:44:25,766 DEBUG   SenderThread:12652 [sender.py:send_request():196] send_request: stop_status
2023-03-20 18:44:40,981 DEBUG   HandlerThread:12652 [handler.py:handle_request():126] handle_request: stop_status
2023-03-20 18:44:40,982 DEBUG   SenderThread:12652 [sender.py:send_request():196] send_request: stop_status
2023-03-20 18:44:47,042 DEBUG   SenderThread:12652 [sender.py:send():182] send: stats
2023-03-20 18:44:56,201 DEBUG   HandlerThread:12652 [handler.py:handle_request():126] handle_request: stop_status
2023-03-20 18:44:56,202 DEBUG   SenderThread:12652 [sender.py:send_request():196] send_request: stop_status
2023-03-20 18:45:11,558 DEBUG   HandlerThread:12652 [handler.py:handle_request():126] handle_request: stop_status
2023-03-20 18:45:11,559 DEBUG   SenderThread:12652 [sender.py:send_request():196] send_request: stop_status
2023-03-20 18:45:17,485 DEBUG   SenderThread:12652 [sender.py:send():182] send: stats
2023-03-20 18:45:26,818 DEBUG   HandlerThread:12652 [handler.py:handle_request():126] handle_request: stop_status
2023-03-20 18:45:26,819 DEBUG   SenderThread:12652 [sender.py:send_request():196] send_request: stop_status
2023-03-20 18:45:42,084 DEBUG   HandlerThread:12652 [handler.py:handle_request():126] handle_request: stop_status
2023-03-20 18:45:42,085 DEBUG   SenderThread:12652 [sender.py:send_request():196] send_request: stop_status
2023-03-20 18:45:47,899 DEBUG   SenderThread:12652 [sender.py:send():182] send: stats
2023-03-20 18:45:57,316 DEBUG   HandlerThread:12652 [handler.py:handle_request():126] handle_request: stop_status
2023-03-20 18:45:57,317 DEBUG   SenderThread:12652 [sender.py:send_request():196] send_request: stop_status
2023-03-20 18:46:12,588 DEBUG   HandlerThread:12652 [handler.py:handle_request():126] handle_request: stop_status
2023-03-20 18:46:12,589 DEBUG   SenderThread:12652 [sender.py:send_request():196] send_request: stop_status
2023-03-20 18:46:18,208 DEBUG   SenderThread:12652 [sender.py:send():182] send: stats
2023-03-20 18:46:28,186 DEBUG   HandlerThread:12652 [handler.py:handle_request():126] handle_request: stop_status
2023-03-20 18:46:28,187 DEBUG   SenderThread:12652 [sender.py:send_request():196] send_request: stop_status
2023-03-20 18:46:43,507 DEBUG   HandlerThread:12652 [handler.py:handle_request():126] handle_request: stop_status
2023-03-20 18:46:43,508 DEBUG   SenderThread:12652 [sender.py:send_request():196] send_request: stop_status
2023-03-20 18:46:48,477 DEBUG   SenderThread:12652 [sender.py:send():182] send: stats
2023-03-20 18:46:58,739 DEBUG   HandlerThread:12652 [handler.py:handle_request():126] handle_request: stop_status
2023-03-20 18:46:58,740 DEBUG   SenderThread:12652 [sender.py:send_request():196] send_request: stop_status
2023-03-20 18:47:13,981 DEBUG   HandlerThread:12652 [handler.py:handle_request():126] handle_request: stop_status
2023-03-20 18:47:13,981 DEBUG   SenderThread:12652 [sender.py:send_request():196] send_request: stop_status
2023-03-20 18:47:18,830 DEBUG   SenderThread:12652 [sender.py:send():182] send: stats
2023-03-20 18:47:29,390 DEBUG   HandlerThread:12652 [handler.py:handle_request():126] handle_request: stop_status
2023-03-20 18:47:29,391 DEBUG   SenderThread:12652 [sender.py:send_request():196] send_request: stop_status
2023-03-20 18:47:44,659 DEBUG   HandlerThread:12652 [handler.py:handle_request():126] handle_request: stop_status
2023-03-20 18:47:44,660 DEBUG   SenderThread:12652 [sender.py:send_request():196] send_request: stop_status
2023-03-20 18:47:49,146 DEBUG   SenderThread:12652 [sender.py:send():182] send: stats
2023-03-20 18:48:00,417 DEBUG   HandlerThread:12652 [handler.py:handle_request():126] handle_request: stop_status
2023-03-20 18:48:00,418 DEBUG   SenderThread:12652 [sender.py:send_request():196] send_request: stop_status
2023-03-20 18:48:15,654 DEBUG   HandlerThread:12652 [handler.py:handle_request():126] handle_request: stop_status
2023-03-20 18:48:15,655 DEBUG   SenderThread:12652 [sender.py:send_request():196] send_request: stop_status
2023-03-20 18:48:19,510 DEBUG   SenderThread:12652 [sender.py:send():182] send: stats
2023-03-20 18:48:30,891 DEBUG   HandlerThread:12652 [handler.py:handle_request():126] handle_request: stop_status
2023-03-20 18:48:30,892 DEBUG   SenderThread:12652 [sender.py:send_request():196] send_request: stop_status
2023-03-20 18:48:46,225 DEBUG   HandlerThread:12652 [handler.py:handle_request():126] handle_request: stop_status
2023-03-20 18:48:46,226 DEBUG   SenderThread:12652 [sender.py:send_request():196] send_request: stop_status
2023-03-20 18:48:49,883 DEBUG   SenderThread:12652 [sender.py:send():182] send: stats
2023-03-20 18:49:01,491 DEBUG   HandlerThread:12652 [handler.py:handle_request():126] handle_request: stop_status
2023-03-20 18:49:01,492 DEBUG   SenderThread:12652 [sender.py:send_request():196] send_request: stop_status
2023-03-20 18:49:16,724 DEBUG   HandlerThread:12652 [handler.py:handle_request():126] handle_request: stop_status
2023-03-20 18:49:16,725 DEBUG   SenderThread:12652 [sender.py:send_request():196] send_request: stop_status
2023-03-20 18:49:20,187 DEBUG   SenderThread:12652 [sender.py:send():182] send: stats
2023-03-20 18:49:32,166 DEBUG   HandlerThread:12652 [handler.py:handle_request():126] handle_request: stop_status
2023-03-20 18:49:32,166 DEBUG   SenderThread:12652 [sender.py:send_request():196] send_request: stop_status
2023-03-20 18:49:47,422 DEBUG   HandlerThread:12652 [handler.py:handle_request():126] handle_request: stop_status
2023-03-20 18:49:47,423 DEBUG   SenderThread:12652 [sender.py:send_request():196] send_request: stop_status
2023-03-20 18:49:50,635 DEBUG   SenderThread:12652 [sender.py:send():182] send: stats
2023-03-20 18:50:02,987 DEBUG   HandlerThread:12652 [handler.py:handle_request():126] handle_request: stop_status
2023-03-20 18:50:02,988 DEBUG   SenderThread:12652 [sender.py:send_request():196] send_request: stop_status
2023-03-20 18:50:18,220 DEBUG   HandlerThread:12652 [handler.py:handle_request():126] handle_request: stop_status
2023-03-20 18:50:18,221 DEBUG   SenderThread:12652 [sender.py:send_request():196] send_request: stop_status
2023-03-20 18:50:20,991 DEBUG   SenderThread:12652 [sender.py:send():182] send: stats
2023-03-20 18:50:33,470 DEBUG   HandlerThread:12652 [handler.py:handle_request():126] handle_request: stop_status
2023-03-20 18:50:33,471 DEBUG   SenderThread:12652 [sender.py:send_request():196] send_request: stop_status
2023-03-20 18:50:48,724 DEBUG   HandlerThread:12652 [handler.py:handle_request():126] handle_request: stop_status
2023-03-20 18:50:48,724 DEBUG   SenderThread:12652 [sender.py:send_request():196] send_request: stop_status
2023-03-20 18:50:51,375 DEBUG   SenderThread:12652 [sender.py:send():182] send: stats
2023-03-20 18:51:03,965 DEBUG   HandlerThread:12652 [handler.py:handle_request():126] handle_request: stop_status
2023-03-20 18:51:03,966 DEBUG   SenderThread:12652 [sender.py:send_request():196] send_request: stop_status
2023-03-20 18:51:19,251 DEBUG   HandlerThread:12652 [handler.py:handle_request():126] handle_request: stop_status
2023-03-20 18:51:19,252 DEBUG   SenderThread:12652 [sender.py:send_request():196] send_request: stop_status
2023-03-20 18:51:21,740 DEBUG   SenderThread:12652 [sender.py:send():182] send: stats
2023-03-20 18:51:22,180 WARNING MainThread:12652 [internal.py:wandb_internal():145] Internal process interrupt: 1
2023-03-20 18:51:23,155 INFO    Thread-13 :12652 [dir_watcher.py:_on_file_modified():230] file/dir modified: /home/utente/Scrivania/PROVA/LADD/wandb/run-20230320_183711-36m6dnu6/files/output.log
2023-03-20 18:51:24,287 DEBUG   SenderThread:12652 [sender.py:send():182] send: telemetry
2023-03-20 18:51:24,288 DEBUG   HandlerThread:12652 [handler.py:handle_request():126] handle_request: poll_exit
2023-03-20 18:51:24,289 DEBUG   SenderThread:12652 [sender.py:send():182] send: exit
2023-03-20 18:51:24,289 INFO    SenderThread:12652 [sender.py:send_exit():291] handling exit code: 1
2023-03-20 18:51:24,290 INFO    SenderThread:12652 [sender.py:send_exit():293] handling runtime: 850
2023-03-20 18:51:24,292 INFO    SenderThread:12652 [sender.py:_save_file():873] saving file wandb-summary.json with policy end
2023-03-20 18:51:24,292 INFO    SenderThread:12652 [sender.py:send_exit():303] send defer
2023-03-20 18:51:24,293 DEBUG   SenderThread:12652 [sender.py:send_request():196] send_request: poll_exit
2023-03-20 18:51:24,295 DEBUG   HandlerThread:12652 [handler.py:handle_request():126] handle_request: defer
2023-03-20 18:51:24,295 INFO    HandlerThread:12652 [handler.py:handle_request_defer():143] handle defer: 0
2023-03-20 18:51:24,296 DEBUG   SenderThread:12652 [sender.py:send_request():196] send_request: defer
2023-03-20 18:51:24,296 INFO    SenderThread:12652 [sender.py:send_request_defer():312] handle sender defer: 0
2023-03-20 18:51:24,296 INFO    SenderThread:12652 [sender.py:transition_state():316] send defer: 1
2023-03-20 18:51:24,298 DEBUG   HandlerThread:12652 [handler.py:handle_request():126] handle_request: defer
2023-03-20 18:51:24,298 INFO    HandlerThread:12652 [handler.py:handle_request_defer():143] handle defer: 1
2023-03-20 18:51:24,412 DEBUG   SenderThread:12652 [sender.py:send_request():196] send_request: defer
2023-03-20 18:51:24,413 DEBUG   HandlerThread:12652 [handler.py:handle_request():126] handle_request: poll_exit
2023-03-20 18:51:24,413 INFO    SenderThread:12652 [sender.py:send_request_defer():312] handle sender defer: 1
2023-03-20 18:51:24,414 INFO    SenderThread:12652 [sender.py:transition_state():316] send defer: 2
2023-03-20 18:51:24,414 DEBUG   SenderThread:12652 [sender.py:send_request():196] send_request: poll_exit
2023-03-20 18:51:24,415 DEBUG   SenderThread:12652 [sender.py:send():182] send: stats
2023-03-20 18:51:24,416 DEBUG   HandlerThread:12652 [handler.py:handle_request():126] handle_request: defer
2023-03-20 18:51:24,417 INFO    HandlerThread:12652 [handler.py:handle_request_defer():143] handle defer: 2
2023-03-20 18:51:24,417 DEBUG   SenderThread:12652 [sender.py:send_request():196] send_request: defer
2023-03-20 18:51:24,417 INFO    SenderThread:12652 [sender.py:send_request_defer():312] handle sender defer: 2
2023-03-20 18:51:24,417 INFO    SenderThread:12652 [sender.py:transition_state():316] send defer: 3
2023-03-20 18:51:24,418 DEBUG   HandlerThread:12652 [handler.py:handle_request():126] handle_request: defer
2023-03-20 18:51:24,418 INFO    HandlerThread:12652 [handler.py:handle_request_defer():143] handle defer: 3
2023-03-20 18:51:24,418 DEBUG   SenderThread:12652 [sender.py:send():182] send: summary
2023-03-20 18:51:24,419 INFO    SenderThread:12652 [sender.py:_save_file():873] saving file wandb-summary.json with policy end
2023-03-20 18:51:24,419 DEBUG   SenderThread:12652 [sender.py:send_request():196] send_request: defer
2023-03-20 18:51:24,419 INFO    SenderThread:12652 [sender.py:send_request_defer():312] handle sender defer: 3
2023-03-20 18:51:24,420 INFO    SenderThread:12652 [sender.py:transition_state():316] send defer: 4
2023-03-20 18:51:24,420 DEBUG   HandlerThread:12652 [handler.py:handle_request():126] handle_request: defer
2023-03-20 18:51:24,420 INFO    HandlerThread:12652 [handler.py:handle_request_defer():143] handle defer: 4
2023-03-20 18:51:24,420 DEBUG   SenderThread:12652 [sender.py:send_request():196] send_request: defer
2023-03-20 18:51:24,421 INFO    SenderThread:12652 [sender.py:send_request_defer():312] handle sender defer: 4
2023-03-20 18:51:24,518 DEBUG   HandlerThread:12652 [handler.py:handle_request():126] handle_request: poll_exit
2023-03-20 18:51:24,953 INFO    SenderThread:12652 [sender.py:transition_state():316] send defer: 5
2023-03-20 18:51:24,954 DEBUG   SenderThread:12652 [sender.py:send_request():196] send_request: poll_exit
2023-03-20 18:51:24,954 DEBUG   HandlerThread:12652 [handler.py:handle_request():126] handle_request: defer
2023-03-20 18:51:24,955 INFO    HandlerThread:12652 [handler.py:handle_request_defer():143] handle defer: 5
2023-03-20 18:51:24,955 DEBUG   SenderThread:12652 [sender.py:send_request():196] send_request: defer
2023-03-20 18:51:24,955 INFO    SenderThread:12652 [sender.py:send_request_defer():312] handle sender defer: 5
2023-03-20 18:51:24,955 INFO    SenderThread:12652 [dir_watcher.py:finish():283] shutting down directory watcher
2023-03-20 18:51:25,056 DEBUG   HandlerThread:12652 [handler.py:handle_request():126] handle_request: poll_exit
2023-03-20 18:51:25,157 INFO    SenderThread:12652 [dir_watcher.py:_on_file_modified():230] file/dir modified: /home/utente/Scrivania/PROVA/LADD/wandb/run-20230320_183711-36m6dnu6/files/config.yaml
2023-03-20 18:51:25,157 INFO    SenderThread:12652 [dir_watcher.py:_on_file_modified():230] file/dir modified: /home/utente/Scrivania/PROVA/LADD/wandb/run-20230320_183711-36m6dnu6/files/output.log
2023-03-20 18:51:25,157 INFO    SenderThread:12652 [dir_watcher.py:_on_file_modified():230] file/dir modified: /home/utente/Scrivania/PROVA/LADD/wandb/run-20230320_183711-36m6dnu6/files/wandb-summary.json
2023-03-20 18:51:25,158 INFO    SenderThread:12652 [dir_watcher.py:finish():313] scan: /home/utente/Scrivania/PROVA/LADD/wandb/run-20230320_183711-36m6dnu6/files
2023-03-20 18:51:25,158 INFO    SenderThread:12652 [dir_watcher.py:finish():327] scan save: /home/utente/Scrivania/PROVA/LADD/wandb/run-20230320_183711-36m6dnu6/files/config.yaml config.yaml
2023-03-20 18:51:25,158 INFO    SenderThread:12652 [dir_watcher.py:finish():327] scan save: /home/utente/Scrivania/PROVA/LADD/wandb/run-20230320_183711-36m6dnu6/files/requirements.txt requirements.txt
2023-03-20 18:51:25,159 INFO    SenderThread:12652 [dir_watcher.py:finish():327] scan save: /home/utente/Scrivania/PROVA/LADD/wandb/run-20230320_183711-36m6dnu6/files/output.log output.log
2023-03-20 18:51:25,159 INFO    SenderThread:12652 [dir_watcher.py:finish():327] scan save: /home/utente/Scrivania/PROVA/LADD/wandb/run-20230320_183711-36m6dnu6/files/wandb-summary.json wandb-summary.json
2023-03-20 18:51:25,159 INFO    SenderThread:12652 [dir_watcher.py:finish():327] scan save: /home/utente/Scrivania/PROVA/LADD/wandb/run-20230320_183711-36m6dnu6/files/conda-environment.yaml conda-environment.yaml
2023-03-20 18:51:25,160 INFO    SenderThread:12652 [dir_watcher.py:finish():327] scan save: /home/utente/Scrivania/PROVA/LADD/wandb/run-20230320_183711-36m6dnu6/files/wandb-metadata.json wandb-metadata.json
2023-03-20 18:51:25,160 INFO    SenderThread:12652 [sender.py:transition_state():316] send defer: 6
2023-03-20 18:51:25,160 DEBUG   SenderThread:12652 [sender.py:send_request():196] send_request: poll_exit
2023-03-20 18:51:25,166 DEBUG   HandlerThread:12652 [handler.py:handle_request():126] handle_request: defer
2023-03-20 18:51:25,166 INFO    HandlerThread:12652 [handler.py:handle_request_defer():143] handle defer: 6
2023-03-20 18:51:25,178 DEBUG   SenderThread:12652 [sender.py:send_request():196] send_request: defer
2023-03-20 18:51:25,178 INFO    SenderThread:12652 [sender.py:send_request_defer():312] handle sender defer: 6
2023-03-20 18:51:25,178 INFO    SenderThread:12652 [file_pusher.py:finish():177] shutting down file pusher
2023-03-20 18:51:25,267 DEBUG   HandlerThread:12652 [handler.py:handle_request():126] handle_request: poll_exit
2023-03-20 18:51:25,267 DEBUG   SenderThread:12652 [sender.py:send_request():196] send_request: poll_exit
2023-03-20 18:51:25,370 DEBUG   HandlerThread:12652 [handler.py:handle_request():126] handle_request: poll_exit
2023-03-20 18:51:25,371 DEBUG   SenderThread:12652 [sender.py:send_request():196] send_request: poll_exit
2023-03-20 18:51:25,490 DEBUG   HandlerThread:12652 [handler.py:handle_request():126] handle_request: poll_exit
2023-03-20 18:51:25,492 DEBUG   SenderThread:12652 [sender.py:send_request():196] send_request: poll_exit
2023-03-20 18:51:25,595 DEBUG   HandlerThread:12652 [handler.py:handle_request():126] handle_request: poll_exit
2023-03-20 18:51:25,596 DEBUG   SenderThread:12652 [sender.py:send_request():196] send_request: poll_exit
2023-03-20 18:51:25,699 DEBUG   HandlerThread:12652 [handler.py:handle_request():126] handle_request: poll_exit
2023-03-20 18:51:25,699 DEBUG   SenderThread:12652 [sender.py:send_request():196] send_request: poll_exit
2023-03-20 18:51:25,801 DEBUG   HandlerThread:12652 [handler.py:handle_request():126] handle_request: poll_exit
2023-03-20 18:51:25,802 DEBUG   SenderThread:12652 [sender.py:send_request():196] send_request: poll_exit
2023-03-20 18:51:25,879 INFO    Thread-18 :12652 [upload_job.py:push():137] Uploaded file /home/utente/Scrivania/PROVA/LADD/wandb/run-20230320_183711-36m6dnu6/files/requirements.txt
2023-03-20 18:51:25,888 INFO    Thread-17 :12652 [upload_job.py:push():137] Uploaded file /home/utente/Scrivania/PROVA/LADD/wandb/run-20230320_183711-36m6dnu6/files/config.yaml
2023-03-20 18:51:25,892 INFO    Thread-20 :12652 [upload_job.py:push():137] Uploaded file /home/utente/Scrivania/PROVA/LADD/wandb/run-20230320_183711-36m6dnu6/files/wandb-summary.json
2023-03-20 18:51:25,899 INFO    Thread-21 :12652 [upload_job.py:push():137] Uploaded file /home/utente/Scrivania/PROVA/LADD/wandb/run-20230320_183711-36m6dnu6/files/conda-environment.yaml
2023-03-20 18:51:25,905 INFO    Thread-19 :12652 [upload_job.py:push():137] Uploaded file /home/utente/Scrivania/PROVA/LADD/wandb/run-20230320_183711-36m6dnu6/files/output.log
2023-03-20 18:51:25,906 DEBUG   HandlerThread:12652 [handler.py:handle_request():126] handle_request: poll_exit
2023-03-20 18:51:25,906 DEBUG   SenderThread:12652 [sender.py:send_request():196] send_request: poll_exit
2023-03-20 18:51:26,009 DEBUG   HandlerThread:12652 [handler.py:handle_request():126] handle_request: poll_exit
2023-03-20 18:51:26,009 DEBUG   SenderThread:12652 [sender.py:send_request():196] send_request: poll_exit
2023-03-20 18:51:26,107 INFO    Thread-12 :12652 [sender.py:transition_state():316] send defer: 7
2023-03-20 18:51:26,108 DEBUG   HandlerThread:12652 [handler.py:handle_request():126] handle_request: defer
2023-03-20 18:51:26,109 INFO    HandlerThread:12652 [handler.py:handle_request_defer():143] handle defer: 7
2023-03-20 18:51:26,110 DEBUG   SenderThread:12652 [sender.py:send_request():196] send_request: defer
2023-03-20 18:51:26,110 INFO    SenderThread:12652 [sender.py:send_request_defer():312] handle sender defer: 7
2023-03-20 18:51:26,118 DEBUG   HandlerThread:12652 [handler.py:handle_request():126] handle_request: poll_exit
2023-03-20 18:51:26,694 INFO    SenderThread:12652 [sender.py:transition_state():316] send defer: 8
2023-03-20 18:51:26,694 DEBUG   SenderThread:12652 [sender.py:send_request():196] send_request: poll_exit
2023-03-20 18:51:26,695 DEBUG   HandlerThread:12652 [handler.py:handle_request():126] handle_request: defer
2023-03-20 18:51:26,695 INFO    HandlerThread:12652 [handler.py:handle_request_defer():143] handle defer: 8
2023-03-20 18:51:26,695 DEBUG   SenderThread:12652 [sender.py:send_request():196] send_request: defer
2023-03-20 18:51:26,696 INFO    SenderThread:12652 [sender.py:send_request_defer():312] handle sender defer: 8
2023-03-20 18:51:26,696 INFO    SenderThread:12652 [sender.py:transition_state():316] send defer: 9
2023-03-20 18:51:26,696 DEBUG   HandlerThread:12652 [handler.py:handle_request():126] handle_request: defer
2023-03-20 18:51:26,697 INFO    HandlerThread:12652 [handler.py:handle_request_defer():143] handle defer: 9
2023-03-20 18:51:26,697 DEBUG   SenderThread:12652 [sender.py:send():182] send: final
2023-03-20 18:51:26,697 DEBUG   SenderThread:12652 [sender.py:send():182] send: footer
2023-03-20 18:51:26,697 DEBUG   SenderThread:12652 [sender.py:send_request():196] send_request: defer
2023-03-20 18:51:26,697 INFO    SenderThread:12652 [sender.py:send_request_defer():312] handle sender defer: 9
2023-03-20 18:51:26,797 DEBUG   HandlerThread:12652 [handler.py:handle_request():126] handle_request: poll_exit
2023-03-20 18:51:26,798 DEBUG   SenderThread:12652 [sender.py:send_request():196] send_request: poll_exit
2023-03-20 18:51:26,798 INFO    SenderThread:12652 [file_pusher.py:join():182] waiting for file pusher
2023-03-20 18:51:26,801 DEBUG   HandlerThread:12652 [handler.py:handle_request():126] handle_request: get_summary
2023-03-20 18:51:26,804 DEBUG   HandlerThread:12652 [handler.py:handle_request():126] handle_request: sampled_history
2023-03-20 18:51:26,806 DEBUG   HandlerThread:12652 [handler.py:handle_request():126] handle_request: shutdown
2023-03-20 18:51:26,807 INFO    HandlerThread:12652 [handler.py:finish():683] shutting down handler
2023-03-20 18:51:27,698 INFO    WriterThread:12652 [datastore.py:close():281] close: /home/utente/Scrivania/PROVA/LADD/wandb/run-20230320_183711-36m6dnu6/run-36m6dnu6.wandb
2023-03-20 18:51:27,799 INFO    SenderThread:12652 [sender.py:finish():979] shutting down sender
2023-03-20 18:51:27,800 INFO    SenderThread:12652 [file_pusher.py:finish():177] shutting down file pusher
2023-03-20 18:51:27,800 INFO    SenderThread:12652 [file_pusher.py:join():182] waiting for file pusher
2023-03-20 18:51:28,008 INFO    MainThread:12652 [internal.py:handle_exit():76] Internal process exited
