2023-06-21 15:49:00,571 INFO    MainThread:10166 [internal.py:wandb_internal():86] W&B internal server running at pid: 10166, started at: 2023-06-21 15:49:00.571048
2023-06-21 15:49:00,575 DEBUG   HandlerThread:10166 [handler.py:handle_request():126] handle_request: check_version
2023-06-21 15:49:00,576 INFO    WriterThread:10166 [datastore.py:open_for_write():77] open: /home/utente/Scrivania/PROVA/LADD/wandb/run-20230621_154859-3pgu9s5x/run-3pgu9s5x.wandb
2023-06-21 15:49:00,578 DEBUG   SenderThread:10166 [sender.py:send():182] send: header
2023-06-21 15:49:00,578 DEBUG   SenderThread:10166 [sender.py:send_request():196] send_request: check_version
2023-06-21 15:49:05,581 DEBUG   SenderThread:10166 [sender.py:send():182] send: run
2023-06-21 15:49:05,597 INFO    SenderThread:10166 [sender.py:_maybe_setup_resume():421] checking resume status for alessandro-fella-1/federated_cityscapes/3pgu9s5x
2023-06-21 15:49:15,492 INFO    SenderThread:10166 [dir_watcher.py:__init__():169] watching files in: /home/utente/Scrivania/PROVA/LADD/wandb/run-20230621_154859-3pgu9s5x/files
2023-06-21 15:49:15,493 INFO    SenderThread:10166 [sender.py:_start_run_threads():740] run started: 3pgu9s5x with start time 1687355339
2023-06-21 15:49:15,494 DEBUG   HandlerThread:10166 [handler.py:handle_request():126] handle_request: run_start
2023-06-21 15:49:15,494 DEBUG   SenderThread:10166 [sender.py:send():182] send: summary
2023-06-21 15:49:15,497 INFO    SenderThread:10166 [sender.py:_save_file():873] saving file wandb-summary.json with policy end
2023-06-21 15:49:15,504 DEBUG   HandlerThread:10166 [meta.py:__init__():40] meta init
2023-06-21 15:49:15,504 DEBUG   HandlerThread:10166 [meta.py:__init__():54] meta init done
2023-06-21 15:49:15,505 DEBUG   HandlerThread:10166 [meta.py:probe():211] probe
2023-06-21 15:49:15,512 DEBUG   HandlerThread:10166 [meta.py:_setup_git():201] setup git
2023-06-21 15:49:15,536 DEBUG   HandlerThread:10166 [meta.py:_setup_git():208] setup git done
2023-06-21 15:49:15,537 DEBUG   HandlerThread:10166 [meta.py:_save_pip():58] save pip
2023-06-21 15:49:15,539 DEBUG   HandlerThread:10166 [meta.py:_save_pip():72] save pip done
2023-06-21 15:49:15,539 DEBUG   HandlerThread:10166 [meta.py:_save_conda():79] save conda
2023-06-21 15:49:16,497 INFO    Thread-13 :10166 [dir_watcher.py:_on_file_created():217] file/dir created: /home/utente/Scrivania/PROVA/LADD/wandb/run-20230621_154859-3pgu9s5x/files/requirements.txt
2023-06-21 15:49:16,498 INFO    Thread-13 :10166 [dir_watcher.py:_on_file_created():217] file/dir created: /home/utente/Scrivania/PROVA/LADD/wandb/run-20230621_154859-3pgu9s5x/files/conda-environment.yaml
2023-06-21 15:49:16,498 INFO    Thread-13 :10166 [dir_watcher.py:_on_file_created():217] file/dir created: /home/utente/Scrivania/PROVA/LADD/wandb/run-20230621_154859-3pgu9s5x/files/wandb-summary.json
2023-06-21 15:49:17,862 DEBUG   HandlerThread:10166 [meta.py:_save_conda():87] save conda done
2023-06-21 15:49:17,862 DEBUG   HandlerThread:10166 [meta.py:probe():249] probe done
2023-06-21 15:49:17,975 DEBUG   SenderThread:10166 [sender.py:send():182] send: files
2023-06-21 15:49:17,975 INFO    SenderThread:10166 [sender.py:_save_file():873] saving file wandb-metadata.json with policy now
2023-06-21 15:49:17,986 DEBUG   HandlerThread:10166 [handler.py:handle_request():126] handle_request: stop_status
2023-06-21 15:49:17,987 DEBUG   SenderThread:10166 [sender.py:send_request():196] send_request: stop_status
2023-06-21 15:49:18,493 INFO    Thread-13 :10166 [dir_watcher.py:_on_file_modified():230] file/dir modified: /home/utente/Scrivania/PROVA/LADD/wandb/run-20230621_154859-3pgu9s5x/files/conda-environment.yaml
2023-06-21 15:49:18,493 INFO    Thread-13 :10166 [dir_watcher.py:_on_file_created():217] file/dir created: /home/utente/Scrivania/PROVA/LADD/wandb/run-20230621_154859-3pgu9s5x/files/output.log
2023-06-21 15:49:18,493 INFO    Thread-13 :10166 [dir_watcher.py:_on_file_created():217] file/dir created: /home/utente/Scrivania/PROVA/LADD/wandb/run-20230621_154859-3pgu9s5x/files/wandb-metadata.json
2023-06-21 15:49:23,496 INFO    Thread-13 :10166 [dir_watcher.py:_on_file_modified():230] file/dir modified: /home/utente/Scrivania/PROVA/LADD/wandb/run-20230621_154859-3pgu9s5x/files/output.log
2023-06-21 15:49:24,114 DEBUG   HandlerThread:10166 [handler.py:handle_request():126] handle_request: poll_exit
2023-06-21 15:49:24,498 INFO    Thread-13 :10166 [dir_watcher.py:_on_file_modified():230] file/dir modified: /home/utente/Scrivania/PROVA/LADD/wandb/run-20230621_154859-3pgu9s5x/files/output.log
2023-06-21 15:49:29,214 DEBUG   HandlerThread:10166 [handler.py:handle_request():126] handle_request: poll_exit
2023-06-21 15:49:34,315 DEBUG   HandlerThread:10166 [handler.py:handle_request():126] handle_request: poll_exit
2023-06-21 15:49:39,417 DEBUG   HandlerThread:10166 [handler.py:handle_request():126] handle_request: poll_exit
2023-06-21 15:49:44,518 DEBUG   HandlerThread:10166 [handler.py:handle_request():126] handle_request: poll_exit
2023-06-21 15:49:49,481 ERROR   SenderThread:10166 [retry.py:__call__():126] Retry attempt failed:
Traceback (most recent call last):
  File "/home/utente/anaconda3/envs/LADD/lib/python3.9/site-packages/urllib3/connection.py", line 174, in _new_conn
    conn = connection.create_connection(
  File "/home/utente/anaconda3/envs/LADD/lib/python3.9/site-packages/urllib3/util/connection.py", line 96, in create_connection
    raise err
  File "/home/utente/anaconda3/envs/LADD/lib/python3.9/site-packages/urllib3/util/connection.py", line 86, in create_connection
    sock.connect(sa)
socket.timeout: timed out

During handling of the above exception, another exception occurred:

Traceback (most recent call last):
  File "/home/utente/anaconda3/envs/LADD/lib/python3.9/site-packages/urllib3/connectionpool.py", line 699, in urlopen
    httplib_response = self._make_request(
  File "/home/utente/anaconda3/envs/LADD/lib/python3.9/site-packages/urllib3/connectionpool.py", line 382, in _make_request
    self._validate_conn(conn)
  File "/home/utente/anaconda3/envs/LADD/lib/python3.9/site-packages/urllib3/connectionpool.py", line 1010, in _validate_conn
    conn.connect()
  File "/home/utente/anaconda3/envs/LADD/lib/python3.9/site-packages/urllib3/connection.py", line 358, in connect
    conn = self._new_conn()
  File "/home/utente/anaconda3/envs/LADD/lib/python3.9/site-packages/urllib3/connection.py", line 179, in _new_conn
    raise ConnectTimeoutError(
urllib3.exceptions.ConnectTimeoutError: (<urllib3.connection.HTTPSConnection object at 0x7f30a83a2670>, 'Connection to api.wandb.ai timed out. (connect timeout=10)')

During handling of the above exception, another exception occurred:

Traceback (most recent call last):
  File "/home/utente/anaconda3/envs/LADD/lib/python3.9/site-packages/requests/adapters.py", line 440, in send
    resp = conn.urlopen(
  File "/home/utente/anaconda3/envs/LADD/lib/python3.9/site-packages/urllib3/connectionpool.py", line 755, in urlopen
    retries = retries.increment(
  File "/home/utente/anaconda3/envs/LADD/lib/python3.9/site-packages/urllib3/util/retry.py", line 574, in increment
    raise MaxRetryError(_pool, url, error or ResponseError(cause))
urllib3.exceptions.MaxRetryError: HTTPSConnectionPool(host='api.wandb.ai', port=443): Max retries exceeded with url: /graphql (Caused by ConnectTimeoutError(<urllib3.connection.HTTPSConnection object at 0x7f30a83a2670>, 'Connection to api.wandb.ai timed out. (connect timeout=10)'))

During handling of the above exception, another exception occurred:

Traceback (most recent call last):
  File "/home/utente/anaconda3/envs/LADD/lib/python3.9/site-packages/wandb/sdk/lib/retry.py", line 102, in __call__
    result = self._call_fn(*args, **kwargs)
  File "/home/utente/anaconda3/envs/LADD/lib/python3.9/site-packages/wandb/sdk/internal/internal_api.py", line 130, in execute
    return self.client.execute(*args, **kwargs)
  File "/home/utente/anaconda3/envs/LADD/lib/python3.9/site-packages/wandb/vendor/gql-0.2.0/gql/client.py", line 52, in execute
    result = self._get_result(document, *args, **kwargs)
  File "/home/utente/anaconda3/envs/LADD/lib/python3.9/site-packages/wandb/vendor/gql-0.2.0/gql/client.py", line 60, in _get_result
    return self.transport.execute(document, *args, **kwargs)
  File "/home/utente/anaconda3/envs/LADD/lib/python3.9/site-packages/wandb/vendor/gql-0.2.0/gql/transport/requests.py", line 38, in execute
    request = requests.post(self.url, **post_args)
  File "/home/utente/anaconda3/envs/LADD/lib/python3.9/site-packages/requests/api.py", line 117, in post
    return request('post', url, data=data, json=json, **kwargs)
  File "/home/utente/anaconda3/envs/LADD/lib/python3.9/site-packages/requests/api.py", line 61, in request
    return session.request(method=method, url=url, **kwargs)
  File "/home/utente/anaconda3/envs/LADD/lib/python3.9/site-packages/requests/sessions.py", line 529, in request
    resp = self.send(prep, **send_kwargs)
  File "/home/utente/anaconda3/envs/LADD/lib/python3.9/site-packages/requests/sessions.py", line 645, in send
    r = adapter.send(request, **kwargs)
  File "/home/utente/anaconda3/envs/LADD/lib/python3.9/site-packages/requests/adapters.py", line 507, in send
    raise ConnectTimeout(e, request=request)
requests.exceptions.ConnectTimeout: HTTPSConnectionPool(host='api.wandb.ai', port=443): Max retries exceeded with url: /graphql (Caused by ConnectTimeoutError(<urllib3.connection.HTTPSConnection object at 0x7f30a83a2670>, 'Connection to api.wandb.ai timed out. (connect timeout=10)'))
2023-06-21 15:49:49,593 ERROR   Thread-16 :10166 [retry.py:__call__():126] Retry attempt failed:
Traceback (most recent call last):
  File "/home/utente/anaconda3/envs/LADD/lib/python3.9/site-packages/urllib3/connection.py", line 174, in _new_conn
    conn = connection.create_connection(
  File "/home/utente/anaconda3/envs/LADD/lib/python3.9/site-packages/urllib3/util/connection.py", line 96, in create_connection
    raise err
  File "/home/utente/anaconda3/envs/LADD/lib/python3.9/site-packages/urllib3/util/connection.py", line 86, in create_connection
    sock.connect(sa)
OSError: [Errno 113] No route to host

During handling of the above exception, another exception occurred:

Traceback (most recent call last):
  File "/home/utente/anaconda3/envs/LADD/lib/python3.9/site-packages/urllib3/connectionpool.py", line 699, in urlopen
    httplib_response = self._make_request(
  File "/home/utente/anaconda3/envs/LADD/lib/python3.9/site-packages/urllib3/connectionpool.py", line 382, in _make_request
    self._validate_conn(conn)
  File "/home/utente/anaconda3/envs/LADD/lib/python3.9/site-packages/urllib3/connectionpool.py", line 1010, in _validate_conn
    conn.connect()
  File "/home/utente/anaconda3/envs/LADD/lib/python3.9/site-packages/urllib3/connection.py", line 358, in connect
    conn = self._new_conn()
  File "/home/utente/anaconda3/envs/LADD/lib/python3.9/site-packages/urllib3/connection.py", line 186, in _new_conn
    raise NewConnectionError(
urllib3.exceptions.NewConnectionError: <urllib3.connection.HTTPSConnection object at 0x7f30a83957f0>: Failed to establish a new connection: [Errno 113] No route to host

During handling of the above exception, another exception occurred:

Traceback (most recent call last):
  File "/home/utente/anaconda3/envs/LADD/lib/python3.9/site-packages/requests/adapters.py", line 440, in send
    resp = conn.urlopen(
  File "/home/utente/anaconda3/envs/LADD/lib/python3.9/site-packages/urllib3/connectionpool.py", line 755, in urlopen
    retries = retries.increment(
  File "/home/utente/anaconda3/envs/LADD/lib/python3.9/site-packages/urllib3/util/retry.py", line 574, in increment
    raise MaxRetryError(_pool, url, error or ResponseError(cause))
urllib3.exceptions.MaxRetryError: HTTPSConnectionPool(host='api.wandb.ai', port=443): Max retries exceeded with url: /graphql (Caused by NewConnectionError('<urllib3.connection.HTTPSConnection object at 0x7f30a83957f0>: Failed to establish a new connection: [Errno 113] No route to host'))

During handling of the above exception, another exception occurred:

Traceback (most recent call last):
  File "/home/utente/anaconda3/envs/LADD/lib/python3.9/site-packages/wandb/sdk/lib/retry.py", line 102, in __call__
    result = self._call_fn(*args, **kwargs)
  File "/home/utente/anaconda3/envs/LADD/lib/python3.9/site-packages/wandb/sdk/internal/internal_api.py", line 130, in execute
    return self.client.execute(*args, **kwargs)
  File "/home/utente/anaconda3/envs/LADD/lib/python3.9/site-packages/wandb/vendor/gql-0.2.0/gql/client.py", line 52, in execute
    result = self._get_result(document, *args, **kwargs)
  File "/home/utente/anaconda3/envs/LADD/lib/python3.9/site-packages/wandb/vendor/gql-0.2.0/gql/client.py", line 60, in _get_result
    return self.transport.execute(document, *args, **kwargs)
  File "/home/utente/anaconda3/envs/LADD/lib/python3.9/site-packages/wandb/vendor/gql-0.2.0/gql/transport/requests.py", line 38, in execute
    request = requests.post(self.url, **post_args)
  File "/home/utente/anaconda3/envs/LADD/lib/python3.9/site-packages/requests/api.py", line 117, in post
    return request('post', url, data=data, json=json, **kwargs)
  File "/home/utente/anaconda3/envs/LADD/lib/python3.9/site-packages/requests/api.py", line 61, in request
    return session.request(method=method, url=url, **kwargs)
  File "/home/utente/anaconda3/envs/LADD/lib/python3.9/site-packages/requests/sessions.py", line 529, in request
    resp = self.send(prep, **send_kwargs)
  File "/home/utente/anaconda3/envs/LADD/lib/python3.9/site-packages/requests/sessions.py", line 645, in send
    r = adapter.send(request, **kwargs)
  File "/home/utente/anaconda3/envs/LADD/lib/python3.9/site-packages/requests/adapters.py", line 519, in send
    raise ConnectionError(e, request=request)
requests.exceptions.ConnectionError: HTTPSConnectionPool(host='api.wandb.ai', port=443): Max retries exceeded with url: /graphql (Caused by NewConnectionError('<urllib3.connection.HTTPSConnection object at 0x7f30a83957f0>: Failed to establish a new connection: [Errno 113] No route to host'))
2023-06-21 15:49:49,619 DEBUG   HandlerThread:10166 [handler.py:handle_request():126] handle_request: poll_exit
2023-06-21 15:49:54,721 DEBUG   HandlerThread:10166 [handler.py:handle_request():126] handle_request: poll_exit
2023-06-21 15:49:59,822 DEBUG   HandlerThread:10166 [handler.py:handle_request():126] handle_request: poll_exit
2023-06-21 15:50:04,923 DEBUG   HandlerThread:10166 [handler.py:handle_request():126] handle_request: poll_exit
2023-06-21 15:50:10,024 DEBUG   HandlerThread:10166 [handler.py:handle_request():126] handle_request: poll_exit
2023-06-21 15:50:15,124 DEBUG   HandlerThread:10166 [handler.py:handle_request():126] handle_request: poll_exit
2023-06-21 15:50:20,225 DEBUG   HandlerThread:10166 [handler.py:handle_request():126] handle_request: poll_exit
2023-06-21 15:50:25,327 DEBUG   HandlerThread:10166 [handler.py:handle_request():126] handle_request: poll_exit
2023-06-21 15:50:30,428 DEBUG   HandlerThread:10166 [handler.py:handle_request():126] handle_request: poll_exit
2023-06-21 15:50:35,530 DEBUG   HandlerThread:10166 [handler.py:handle_request():126] handle_request: poll_exit
2023-06-21 15:50:40,631 DEBUG   HandlerThread:10166 [handler.py:handle_request():126] handle_request: poll_exit
2023-06-21 15:50:45,732 DEBUG   HandlerThread:10166 [handler.py:handle_request():126] handle_request: poll_exit
2023-06-21 15:50:50,834 DEBUG   HandlerThread:10166 [handler.py:handle_request():126] handle_request: poll_exit
2023-06-21 15:50:55,936 DEBUG   HandlerThread:10166 [handler.py:handle_request():126] handle_request: poll_exit
2023-06-21 15:51:01,037 DEBUG   HandlerThread:10166 [handler.py:handle_request():126] handle_request: poll_exit
2023-06-21 15:51:06,139 DEBUG   HandlerThread:10166 [handler.py:handle_request():126] handle_request: poll_exit
2023-06-21 15:51:11,240 DEBUG   HandlerThread:10166 [handler.py:handle_request():126] handle_request: poll_exit
2023-06-21 15:51:16,341 DEBUG   HandlerThread:10166 [handler.py:handle_request():126] handle_request: poll_exit
2023-06-21 15:51:21,442 DEBUG   HandlerThread:10166 [handler.py:handle_request():126] handle_request: poll_exit
2023-06-21 15:51:22,658 DEBUG   SenderThread:10166 [sender.py:send():182] send: metric
2023-06-21 15:51:22,659 DEBUG   SenderThread:10166 [sender.py:send():182] send: metric
2023-06-21 15:51:22,659 WARNING SenderThread:10166 [sender.py:send_metric():831] Seen metric with glob (shouldnt happen)
2023-06-21 15:51:22,660 DEBUG   SenderThread:10166 [sender.py:send():182] send: config
2023-06-21 15:51:22,664 DEBUG   SenderThread:10166 [sender.py:send():182] send: telemetry
2023-06-21 15:51:22,670 DEBUG   SenderThread:10166 [sender.py:send():182] send: exit
2023-06-21 15:51:22,670 INFO    SenderThread:10166 [sender.py:send_exit():291] handling exit code: 0
2023-06-21 15:51:22,671 INFO    SenderThread:10166 [sender.py:send_exit():293] handling runtime: 8
2023-06-21 15:51:22,687 INFO    SenderThread:10166 [sender.py:_save_file():873] saving file wandb-summary.json with policy end
2023-06-21 15:51:22,693 INFO    SenderThread:10166 [sender.py:send_exit():303] send defer
2023-06-21 15:51:22,693 DEBUG   SenderThread:10166 [sender.py:send_request():196] send_request: poll_exit
2023-06-21 15:51:22,697 DEBUG   SenderThread:10166 [sender.py:send_request():196] send_request: poll_exit
2023-06-21 15:51:22,697 DEBUG   HandlerThread:10166 [handler.py:handle_request():126] handle_request: defer
2023-06-21 15:51:22,698 DEBUG   SenderThread:10166 [sender.py:send_request():196] send_request: poll_exit
2023-06-21 15:51:22,700 INFO    HandlerThread:10166 [handler.py:handle_request_defer():143] handle defer: 0
2023-06-21 15:51:22,701 DEBUG   SenderThread:10166 [sender.py:send_request():196] send_request: poll_exit
2023-06-21 15:51:22,702 DEBUG   SenderThread:10166 [sender.py:send():182] send: stats
2023-06-21 15:51:22,704 DEBUG   SenderThread:10166 [sender.py:send_request():196] send_request: poll_exit
2023-06-21 15:51:22,705 DEBUG   SenderThread:10166 [sender.py:send_request():196] send_request: poll_exit
2023-06-21 15:51:22,707 DEBUG   SenderThread:10166 [sender.py:send_request():196] send_request: poll_exit
2023-06-21 15:51:22,708 DEBUG   SenderThread:10166 [sender.py:send_request():196] send_request: poll_exit
2023-06-21 15:51:22,708 DEBUG   SenderThread:10166 [sender.py:send_request():196] send_request: poll_exit
2023-06-21 15:51:22,709 DEBUG   SenderThread:10166 [sender.py:send_request():196] send_request: poll_exit
2023-06-21 15:51:22,709 DEBUG   SenderThread:10166 [sender.py:send():182] send: stats
2023-06-21 15:51:22,710 DEBUG   SenderThread:10166 [sender.py:send_request():196] send_request: poll_exit
2023-06-21 15:51:22,712 DEBUG   SenderThread:10166 [sender.py:send_request():196] send_request: poll_exit
2023-06-21 15:51:22,712 DEBUG   SenderThread:10166 [sender.py:send_request():196] send_request: poll_exit
2023-06-21 15:51:22,713 DEBUG   SenderThread:10166 [sender.py:send_request():196] send_request: poll_exit
2023-06-21 15:51:22,713 DEBUG   SenderThread:10166 [sender.py:send_request():196] send_request: poll_exit
2023-06-21 15:51:22,714 DEBUG   SenderThread:10166 [sender.py:send_request():196] send_request: poll_exit
2023-06-21 15:51:22,714 DEBUG   SenderThread:10166 [sender.py:send():182] send: stats
2023-06-21 15:51:22,716 DEBUG   SenderThread:10166 [sender.py:send_request():196] send_request: poll_exit
2023-06-21 15:51:22,717 DEBUG   SenderThread:10166 [sender.py:send_request():196] send_request: poll_exit
2023-06-21 15:51:22,718 DEBUG   SenderThread:10166 [sender.py:send_request():196] send_request: poll_exit
2023-06-21 15:51:22,718 DEBUG   SenderThread:10166 [sender.py:send_request():196] send_request: poll_exit
2023-06-21 15:51:22,718 DEBUG   SenderThread:10166 [sender.py:send_request():196] send_request: poll_exit
2023-06-21 15:51:22,719 DEBUG   SenderThread:10166 [sender.py:send_request():196] send_request: poll_exit
2023-06-21 15:51:22,719 DEBUG   SenderThread:10166 [sender.py:send():182] send: stats
2023-06-21 15:51:22,721 DEBUG   SenderThread:10166 [sender.py:send_request():196] send_request: poll_exit
2023-06-21 15:51:22,722 DEBUG   SenderThread:10166 [sender.py:send_request():196] send_request: poll_exit
2023-06-21 15:51:22,723 DEBUG   SenderThread:10166 [sender.py:send_request():196] send_request: defer
2023-06-21 15:51:22,723 INFO    SenderThread:10166 [sender.py:send_request_defer():312] handle sender defer: 0
2023-06-21 15:51:22,723 INFO    SenderThread:10166 [sender.py:transition_state():316] send defer: 1
2023-06-21 15:51:22,725 DEBUG   HandlerThread:10166 [handler.py:handle_request():126] handle_request: defer
2023-06-21 15:51:22,725 INFO    HandlerThread:10166 [handler.py:handle_request_defer():143] handle defer: 1
2023-06-21 15:51:22,835 DEBUG   HandlerThread:10166 [handler.py:handle_request():126] handle_request: poll_exit
2023-06-21 15:51:22,836 DEBUG   SenderThread:10166 [sender.py:send_request():196] send_request: defer
2023-06-21 15:51:22,836 INFO    SenderThread:10166 [sender.py:send_request_defer():312] handle sender defer: 1
2023-06-21 15:51:22,836 INFO    SenderThread:10166 [sender.py:transition_state():316] send defer: 2
2023-06-21 15:51:22,837 DEBUG   SenderThread:10166 [sender.py:send_request():196] send_request: poll_exit
2023-06-21 15:51:22,837 DEBUG   SenderThread:10166 [sender.py:send():182] send: stats
2023-06-21 15:51:22,838 DEBUG   HandlerThread:10166 [handler.py:handle_request():126] handle_request: defer
2023-06-21 15:51:22,838 INFO    HandlerThread:10166 [handler.py:handle_request_defer():143] handle defer: 2
2023-06-21 15:51:22,839 DEBUG   SenderThread:10166 [sender.py:send_request():196] send_request: defer
2023-06-21 15:51:22,839 INFO    SenderThread:10166 [sender.py:send_request_defer():312] handle sender defer: 2
2023-06-21 15:51:22,840 INFO    SenderThread:10166 [sender.py:transition_state():316] send defer: 3
2023-06-21 15:51:22,840 DEBUG   HandlerThread:10166 [handler.py:handle_request():126] handle_request: defer
2023-06-21 15:51:22,841 INFO    HandlerThread:10166 [handler.py:handle_request_defer():143] handle defer: 3
2023-06-21 15:51:22,841 DEBUG   SenderThread:10166 [sender.py:send():182] send: summary
2023-06-21 15:51:22,842 INFO    SenderThread:10166 [sender.py:_save_file():873] saving file wandb-summary.json with policy end
2023-06-21 15:51:22,842 DEBUG   SenderThread:10166 [sender.py:send_request():196] send_request: defer
2023-06-21 15:51:22,842 INFO    SenderThread:10166 [sender.py:send_request_defer():312] handle sender defer: 3
2023-06-21 15:51:22,842 INFO    SenderThread:10166 [sender.py:transition_state():316] send defer: 4
2023-06-21 15:51:22,843 DEBUG   HandlerThread:10166 [handler.py:handle_request():126] handle_request: defer
2023-06-21 15:51:22,843 INFO    HandlerThread:10166 [handler.py:handle_request_defer():143] handle defer: 4
2023-06-21 15:51:22,843 DEBUG   SenderThread:10166 [sender.py:send_request():196] send_request: defer
2023-06-21 15:51:22,844 INFO    SenderThread:10166 [sender.py:send_request_defer():312] handle sender defer: 4
2023-06-21 15:51:22,941 DEBUG   HandlerThread:10166 [handler.py:handle_request():126] handle_request: poll_exit
2023-06-21 15:51:23,619 INFO    Thread-13 :10166 [dir_watcher.py:_on_file_modified():230] file/dir modified: /home/utente/Scrivania/PROVA/LADD/wandb/run-20230621_154859-3pgu9s5x/files/wandb-summary.json
2023-06-21 15:51:27,275 INFO    Thread-16 :10166 [upload_job.py:push():137] Uploaded file /tmp/tmpuxqiqdhwwandb/3gzsbeh0-wandb-metadata.json
2023-06-21 15:51:28,042 DEBUG   HandlerThread:10166 [handler.py:handle_request():126] handle_request: poll_exit
2023-06-21 15:51:30,129 INFO    SenderThread:10166 [sender.py:transition_state():316] send defer: 5
2023-06-21 15:51:30,129 DEBUG   SenderThread:10166 [sender.py:send_request():196] send_request: poll_exit
2023-06-21 15:51:30,129 DEBUG   SenderThread:10166 [sender.py:send_request():196] send_request: poll_exit
2023-06-21 15:51:30,129 DEBUG   HandlerThread:10166 [handler.py:handle_request():126] handle_request: defer
2023-06-21 15:51:30,130 INFO    HandlerThread:10166 [handler.py:handle_request_defer():143] handle defer: 5
2023-06-21 15:51:30,130 DEBUG   SenderThread:10166 [sender.py:send_request():196] send_request: defer
2023-06-21 15:51:30,130 INFO    SenderThread:10166 [sender.py:send_request_defer():312] handle sender defer: 5
2023-06-21 15:51:30,131 INFO    SenderThread:10166 [dir_watcher.py:finish():283] shutting down directory watcher
2023-06-21 15:51:30,232 DEBUG   HandlerThread:10166 [handler.py:handle_request():126] handle_request: poll_exit
2023-06-21 15:51:30,624 INFO    SenderThread:10166 [dir_watcher.py:_on_file_modified():230] file/dir modified: /home/utente/Scrivania/PROVA/LADD/wandb/run-20230621_154859-3pgu9s5x/files/config.yaml
2023-06-21 15:51:30,626 INFO    SenderThread:10166 [dir_watcher.py:finish():313] scan: /home/utente/Scrivania/PROVA/LADD/wandb/run-20230621_154859-3pgu9s5x/files
2023-06-21 15:51:30,626 INFO    SenderThread:10166 [dir_watcher.py:finish():327] scan save: /home/utente/Scrivania/PROVA/LADD/wandb/run-20230621_154859-3pgu9s5x/files/config.yaml config.yaml
2023-06-21 15:51:30,627 INFO    SenderThread:10166 [dir_watcher.py:finish():327] scan save: /home/utente/Scrivania/PROVA/LADD/wandb/run-20230621_154859-3pgu9s5x/files/requirements.txt requirements.txt
2023-06-21 15:51:30,628 INFO    SenderThread:10166 [dir_watcher.py:finish():327] scan save: /home/utente/Scrivania/PROVA/LADD/wandb/run-20230621_154859-3pgu9s5x/files/output.log output.log
2023-06-21 15:51:30,629 INFO    SenderThread:10166 [dir_watcher.py:finish():327] scan save: /home/utente/Scrivania/PROVA/LADD/wandb/run-20230621_154859-3pgu9s5x/files/wandb-summary.json wandb-summary.json
2023-06-21 15:51:30,656 INFO    SenderThread:10166 [dir_watcher.py:finish():327] scan save: /home/utente/Scrivania/PROVA/LADD/wandb/run-20230621_154859-3pgu9s5x/files/conda-environment.yaml conda-environment.yaml
2023-06-21 15:51:30,673 INFO    SenderThread:10166 [dir_watcher.py:finish():327] scan save: /home/utente/Scrivania/PROVA/LADD/wandb/run-20230621_154859-3pgu9s5x/files/wandb-metadata.json wandb-metadata.json
2023-06-21 15:51:30,674 INFO    SenderThread:10166 [sender.py:transition_state():316] send defer: 6
2023-06-21 15:51:30,674 DEBUG   SenderThread:10166 [sender.py:send_request():196] send_request: poll_exit
2023-06-21 15:51:30,680 DEBUG   HandlerThread:10166 [handler.py:handle_request():126] handle_request: defer
2023-06-21 15:51:30,683 INFO    HandlerThread:10166 [handler.py:handle_request_defer():143] handle defer: 6
2023-06-21 15:51:30,684 DEBUG   SenderThread:10166 [sender.py:send_request():196] send_request: defer
2023-06-21 15:51:30,684 INFO    SenderThread:10166 [sender.py:send_request_defer():312] handle sender defer: 6
2023-06-21 15:51:30,684 INFO    SenderThread:10166 [file_pusher.py:finish():177] shutting down file pusher
2023-06-21 15:51:30,777 DEBUG   HandlerThread:10166 [handler.py:handle_request():126] handle_request: poll_exit
2023-06-21 15:51:30,778 DEBUG   SenderThread:10166 [sender.py:send_request():196] send_request: poll_exit
2023-06-21 15:51:30,881 DEBUG   HandlerThread:10166 [handler.py:handle_request():126] handle_request: poll_exit
2023-06-21 15:51:30,882 DEBUG   SenderThread:10166 [sender.py:send_request():196] send_request: poll_exit
2023-06-21 15:51:30,983 DEBUG   HandlerThread:10166 [handler.py:handle_request():126] handle_request: poll_exit
2023-06-21 15:51:30,984 DEBUG   SenderThread:10166 [sender.py:send_request():196] send_request: poll_exit
2023-06-21 15:51:31,085 DEBUG   HandlerThread:10166 [handler.py:handle_request():126] handle_request: poll_exit
2023-06-21 15:51:31,086 DEBUG   SenderThread:10166 [sender.py:send_request():196] send_request: poll_exit
2023-06-21 15:51:31,188 DEBUG   HandlerThread:10166 [handler.py:handle_request():126] handle_request: poll_exit
2023-06-21 15:51:31,188 DEBUG   SenderThread:10166 [sender.py:send_request():196] send_request: poll_exit
2023-06-21 15:51:31,290 DEBUG   HandlerThread:10166 [handler.py:handle_request():126] handle_request: poll_exit
2023-06-21 15:51:31,290 DEBUG   SenderThread:10166 [sender.py:send_request():196] send_request: poll_exit
2023-06-21 15:51:31,392 DEBUG   HandlerThread:10166 [handler.py:handle_request():126] handle_request: poll_exit
2023-06-21 15:51:31,393 DEBUG   SenderThread:10166 [sender.py:send_request():196] send_request: poll_exit
2023-06-21 15:51:31,495 DEBUG   HandlerThread:10166 [handler.py:handle_request():126] handle_request: poll_exit
2023-06-21 15:51:31,495 DEBUG   SenderThread:10166 [sender.py:send_request():196] send_request: poll_exit
2023-06-21 15:51:31,597 DEBUG   HandlerThread:10166 [handler.py:handle_request():126] handle_request: poll_exit
2023-06-21 15:51:31,597 DEBUG   SenderThread:10166 [sender.py:send_request():196] send_request: poll_exit
2023-06-21 15:51:31,699 DEBUG   HandlerThread:10166 [handler.py:handle_request():126] handle_request: poll_exit
2023-06-21 15:51:31,700 DEBUG   SenderThread:10166 [sender.py:send_request():196] send_request: poll_exit
2023-06-21 15:51:31,802 DEBUG   HandlerThread:10166 [handler.py:handle_request():126] handle_request: poll_exit
2023-06-21 15:51:31,802 DEBUG   SenderThread:10166 [sender.py:send_request():196] send_request: poll_exit
2023-06-21 15:51:31,904 DEBUG   HandlerThread:10166 [handler.py:handle_request():126] handle_request: poll_exit
2023-06-21 15:51:31,904 DEBUG   SenderThread:10166 [sender.py:send_request():196] send_request: poll_exit
2023-06-21 15:51:32,007 DEBUG   HandlerThread:10166 [handler.py:handle_request():126] handle_request: poll_exit
2023-06-21 15:51:32,007 DEBUG   SenderThread:10166 [sender.py:send_request():196] send_request: poll_exit
2023-06-21 15:51:32,110 DEBUG   HandlerThread:10166 [handler.py:handle_request():126] handle_request: poll_exit
2023-06-21 15:51:32,112 DEBUG   SenderThread:10166 [sender.py:send_request():196] send_request: poll_exit
2023-06-21 15:51:32,216 DEBUG   HandlerThread:10166 [handler.py:handle_request():126] handle_request: poll_exit
2023-06-21 15:51:32,216 DEBUG   SenderThread:10166 [sender.py:send_request():196] send_request: poll_exit
2023-06-21 15:51:32,324 DEBUG   HandlerThread:10166 [handler.py:handle_request():126] handle_request: poll_exit
2023-06-21 15:51:32,328 DEBUG   SenderThread:10166 [sender.py:send_request():196] send_request: poll_exit
2023-06-21 15:51:32,448 DEBUG   HandlerThread:10166 [handler.py:handle_request():126] handle_request: poll_exit
2023-06-21 15:51:32,449 DEBUG   SenderThread:10166 [sender.py:send_request():196] send_request: poll_exit
2023-06-21 15:51:32,553 DEBUG   HandlerThread:10166 [handler.py:handle_request():126] handle_request: poll_exit
2023-06-21 15:51:32,553 DEBUG   SenderThread:10166 [sender.py:send_request():196] send_request: poll_exit
2023-06-21 15:51:32,655 DEBUG   HandlerThread:10166 [handler.py:handle_request():126] handle_request: poll_exit
2023-06-21 15:51:32,656 DEBUG   SenderThread:10166 [sender.py:send_request():196] send_request: poll_exit
2023-06-21 15:51:32,758 DEBUG   HandlerThread:10166 [handler.py:handle_request():126] handle_request: poll_exit
2023-06-21 15:51:32,759 DEBUG   SenderThread:10166 [sender.py:send_request():196] send_request: poll_exit
2023-06-21 15:51:32,863 DEBUG   HandlerThread:10166 [handler.py:handle_request():126] handle_request: poll_exit
2023-06-21 15:51:32,863 DEBUG   SenderThread:10166 [sender.py:send_request():196] send_request: poll_exit
2023-06-21 15:51:32,965 DEBUG   HandlerThread:10166 [handler.py:handle_request():126] handle_request: poll_exit
2023-06-21 15:51:32,966 DEBUG   SenderThread:10166 [sender.py:send_request():196] send_request: poll_exit
2023-06-21 15:51:33,068 DEBUG   HandlerThread:10166 [handler.py:handle_request():126] handle_request: poll_exit
2023-06-21 15:51:33,069 DEBUG   SenderThread:10166 [sender.py:send_request():196] send_request: poll_exit
2023-06-21 15:51:33,171 DEBUG   HandlerThread:10166 [handler.py:handle_request():126] handle_request: poll_exit
2023-06-21 15:51:33,172 DEBUG   SenderThread:10166 [sender.py:send_request():196] send_request: poll_exit
2023-06-21 15:51:33,276 DEBUG   HandlerThread:10166 [handler.py:handle_request():126] handle_request: poll_exit
2023-06-21 15:51:33,277 DEBUG   SenderThread:10166 [sender.py:send_request():196] send_request: poll_exit
2023-06-21 15:51:33,381 DEBUG   HandlerThread:10166 [handler.py:handle_request():126] handle_request: poll_exit
2023-06-21 15:51:33,382 DEBUG   SenderThread:10166 [sender.py:send_request():196] send_request: poll_exit
2023-06-21 15:51:33,486 DEBUG   HandlerThread:10166 [handler.py:handle_request():126] handle_request: poll_exit
2023-06-21 15:51:33,487 DEBUG   SenderThread:10166 [sender.py:send_request():196] send_request: poll_exit
2023-06-21 15:51:33,591 DEBUG   HandlerThread:10166 [handler.py:handle_request():126] handle_request: poll_exit
2023-06-21 15:51:33,591 DEBUG   SenderThread:10166 [sender.py:send_request():196] send_request: poll_exit
2023-06-21 15:51:33,696 DEBUG   HandlerThread:10166 [handler.py:handle_request():126] handle_request: poll_exit
2023-06-21 15:51:33,697 DEBUG   SenderThread:10166 [sender.py:send_request():196] send_request: poll_exit
2023-06-21 15:51:33,801 DEBUG   HandlerThread:10166 [handler.py:handle_request():126] handle_request: poll_exit
2023-06-21 15:51:33,802 DEBUG   SenderThread:10166 [sender.py:send_request():196] send_request: poll_exit
2023-06-21 15:51:33,907 DEBUG   HandlerThread:10166 [handler.py:handle_request():126] handle_request: poll_exit
2023-06-21 15:51:33,907 DEBUG   SenderThread:10166 [sender.py:send_request():196] send_request: poll_exit
2023-06-21 15:51:34,009 DEBUG   HandlerThread:10166 [handler.py:handle_request():126] handle_request: poll_exit
2023-06-21 15:51:34,009 DEBUG   SenderThread:10166 [sender.py:send_request():196] send_request: poll_exit
2023-06-21 15:51:34,111 DEBUG   HandlerThread:10166 [handler.py:handle_request():126] handle_request: poll_exit
2023-06-21 15:51:34,111 DEBUG   SenderThread:10166 [sender.py:send_request():196] send_request: poll_exit
2023-06-21 15:51:34,214 DEBUG   HandlerThread:10166 [handler.py:handle_request():126] handle_request: poll_exit
2023-06-21 15:51:34,215 DEBUG   SenderThread:10166 [sender.py:send_request():196] send_request: poll_exit
2023-06-21 15:51:34,266 INFO    Thread-19 :10166 [upload_job.py:push():137] Uploaded file /home/utente/Scrivania/PROVA/LADD/wandb/run-20230621_154859-3pgu9s5x/files/output.log
2023-06-21 15:51:34,321 DEBUG   HandlerThread:10166 [handler.py:handle_request():126] handle_request: poll_exit
2023-06-21 15:51:34,324 INFO    Thread-17 :10166 [upload_job.py:push():137] Uploaded file /home/utente/Scrivania/PROVA/LADD/wandb/run-20230621_154859-3pgu9s5x/files/config.yaml
2023-06-21 15:51:34,335 INFO    Thread-18 :10166 [upload_job.py:push():137] Uploaded file /home/utente/Scrivania/PROVA/LADD/wandb/run-20230621_154859-3pgu9s5x/files/requirements.txt
2023-06-21 15:51:34,335 INFO    Thread-20 :10166 [upload_job.py:push():137] Uploaded file /home/utente/Scrivania/PROVA/LADD/wandb/run-20230621_154859-3pgu9s5x/files/wandb-summary.json
2023-06-21 15:51:34,337 DEBUG   SenderThread:10166 [sender.py:send_request():196] send_request: poll_exit
2023-06-21 15:51:34,436 INFO    Thread-21 :10166 [upload_job.py:push():137] Uploaded file /home/utente/Scrivania/PROVA/LADD/wandb/run-20230621_154859-3pgu9s5x/files/conda-environment.yaml
2023-06-21 15:51:34,443 DEBUG   HandlerThread:10166 [handler.py:handle_request():126] handle_request: poll_exit
2023-06-21 15:51:34,444 DEBUG   SenderThread:10166 [sender.py:send_request():196] send_request: poll_exit
2023-06-21 15:51:34,548 DEBUG   HandlerThread:10166 [handler.py:handle_request():126] handle_request: poll_exit
2023-06-21 15:51:34,548 DEBUG   SenderThread:10166 [sender.py:send_request():196] send_request: poll_exit
2023-06-21 15:51:34,637 INFO    Thread-12 :10166 [sender.py:transition_state():316] send defer: 7
2023-06-21 15:51:34,638 DEBUG   HandlerThread:10166 [handler.py:handle_request():126] handle_request: defer
2023-06-21 15:51:34,638 INFO    HandlerThread:10166 [handler.py:handle_request_defer():143] handle defer: 7
2023-06-21 15:51:34,638 DEBUG   SenderThread:10166 [sender.py:send_request():196] send_request: defer
2023-06-21 15:51:34,638 INFO    SenderThread:10166 [sender.py:send_request_defer():312] handle sender defer: 7
2023-06-21 15:51:34,650 DEBUG   HandlerThread:10166 [handler.py:handle_request():126] handle_request: poll_exit
2023-06-21 15:51:34,822 INFO    SenderThread:10166 [sender.py:transition_state():316] send defer: 8
2023-06-21 15:51:34,822 DEBUG   SenderThread:10166 [sender.py:send_request():196] send_request: poll_exit
2023-06-21 15:51:34,824 DEBUG   HandlerThread:10166 [handler.py:handle_request():126] handle_request: defer
2023-06-21 15:51:34,825 INFO    HandlerThread:10166 [handler.py:handle_request_defer():143] handle defer: 8
2023-06-21 15:51:34,826 DEBUG   SenderThread:10166 [sender.py:send_request():196] send_request: defer
2023-06-21 15:51:34,827 INFO    SenderThread:10166 [sender.py:send_request_defer():312] handle sender defer: 8
2023-06-21 15:51:34,827 INFO    SenderThread:10166 [sender.py:transition_state():316] send defer: 9
2023-06-21 15:51:34,830 DEBUG   HandlerThread:10166 [handler.py:handle_request():126] handle_request: defer
2023-06-21 15:51:34,831 DEBUG   SenderThread:10166 [sender.py:send():182] send: final
2023-06-21 15:51:34,831 INFO    HandlerThread:10166 [handler.py:handle_request_defer():143] handle defer: 9
2023-06-21 15:51:34,832 DEBUG   SenderThread:10166 [sender.py:send():182] send: footer
2023-06-21 15:51:34,833 DEBUG   SenderThread:10166 [sender.py:send_request():196] send_request: defer
2023-06-21 15:51:34,833 INFO    SenderThread:10166 [sender.py:send_request_defer():312] handle sender defer: 9
2023-06-21 15:51:34,929 DEBUG   HandlerThread:10166 [handler.py:handle_request():126] handle_request: poll_exit
2023-06-21 15:51:34,929 DEBUG   SenderThread:10166 [sender.py:send_request():196] send_request: poll_exit
2023-06-21 15:51:34,930 INFO    SenderThread:10166 [file_pusher.py:join():182] waiting for file pusher
2023-06-21 15:51:34,934 DEBUG   HandlerThread:10166 [handler.py:handle_request():126] handle_request: get_summary
2023-06-21 15:51:34,936 DEBUG   HandlerThread:10166 [handler.py:handle_request():126] handle_request: sampled_history
2023-06-21 15:51:34,938 DEBUG   HandlerThread:10166 [handler.py:handle_request():126] handle_request: shutdown
2023-06-21 15:51:34,939 INFO    HandlerThread:10166 [handler.py:finish():683] shutting down handler
2023-06-21 15:51:35,832 INFO    WriterThread:10166 [datastore.py:close():281] close: /home/utente/Scrivania/PROVA/LADD/wandb/run-20230621_154859-3pgu9s5x/run-3pgu9s5x.wandb
2023-06-21 15:51:35,931 INFO    SenderThread:10166 [sender.py:finish():979] shutting down sender
2023-06-21 15:51:35,932 INFO    SenderThread:10166 [file_pusher.py:finish():177] shutting down file pusher
2023-06-21 15:51:35,932 INFO    SenderThread:10166 [file_pusher.py:join():182] waiting for file pusher
2023-06-21 15:51:36,450 INFO    MainThread:10166 [internal.py:handle_exit():76] Internal process exited
