Done.
Setting up the random seed for reproducibility...
Done.
dynamic_import - class_name:  OracleTrainer
Initializing model...
Traceback (most recent call last):
  File "/home/utente/Scrivania/PROVA/LADD/src/run.py", line 53, in <module>
    run_experiment()
  File "/home/utente/Scrivania/PROVA/LADD/src/run.py", line 15, in run_experiment
    trainer = trainer_class(args, writer, device, rank, world_size)
  File "/home/utente/Scrivania/PROVA/LADD/src/federated/trainers/oracle_trainer.py", line 8, in __init__
    super().__init__(args, writer, device, rank, world_size)
  File "/home/utente/Scrivania/PROVA/LADD/src/federated/trainers/trainer.py", line 11, in __init__
    super().__init__(args, writer, device, rank, world_size)
  File "/home/utente/Scrivania/PROVA/LADD/src/general_trainer.py", line 38, in __init__
    self.model = self.model_init(args, device)
  File "/home/utente/Scrivania/PROVA/LADD/src/general_trainer.py", line 112, in model_init
    model = make_model(args)
  File "/home/utente/Scrivania/PROVA/LADD/src/utils/model_utils.py", line 101, in make_model
    return dict_model[args.model]['model'](args.num_classes, **dict_model[args.model]['kwargs'])
  File "/home/utente/Scrivania/PROVA/LADD/src/modules/deeplabv3.py", line 109, in multi_deeplabv3_mobilenetv2
    model = _multi_deeplabv3_mobilenetv2(rgb_backbone, hha_backbone, num_classes)
  File "/home/utente/Scrivania/PROVA/LADD/src/modules/deeplabv3.py", line 59, in _multi_deeplabv3_mobilenetv2
    classifier = DeepLabHead(out_inplanes, num_classes)
  File "/home/utente/anaconda3/envs/LADD/lib/python3.9/site-packages/torchvision/models/segmentation/deeplabv3.py", line 37, in __init__
    nn.Conv2d(256, num_classes, 1)
  File "/home/utente/anaconda3/envs/LADD/lib/python3.9/site-packages/torch/nn/modules/conv.py", line 433, in __init__
    super(Conv2d, self).__init__(
  File "/home/utente/anaconda3/envs/LADD/lib/python3.9/site-packages/torch/nn/modules/conv.py", line 100, in __init__
    self.in_channels = in_channels
  File "/home/utente/anaconda3/envs/LADD/lib/python3.9/site-packages/torch/nn/modules/module.py", line 1190, in __setattr__
    if isinstance(value, Parameter):
KeyboardInterrupt
During handling of the above exception, another exception occurred:
Traceback (most recent call last):
  File "/home/utente/pycharm/plugins/python-ce/helpers/pydev/pydevd.py", line 2195, in <module>
    main()
  File "/home/utente/pycharm/plugins/python-ce/helpers/pydev/pydevd.py", line 2179, in main
    handle_keyboard_interrupt()
  File "/home/utente/pycharm/plugins/python-ce/helpers/pydev/pydevd.py", line 1997, in handle_keyboard_interrupt
    traceback.print_exception(type(value), value, tb, limit=limit)
  File "/home/utente/anaconda3/envs/LADD/lib/python3.9/traceback.py", line 103, in print_exception
    for line in TracebackException(
  File "/home/utente/anaconda3/envs/LADD/lib/python3.9/traceback.py", line 517, in __init__
    self.stack = StackSummary.extract(
  File "/home/utente/anaconda3/envs/LADD/lib/python3.9/traceback.py", line 366, in extract
    f.line
  File "/home/utente/anaconda3/envs/LADD/lib/python3.9/traceback.py", line 288, in line
    self._line = linecache.getline(self.filename, self.lineno).strip()
  File "/home/utente/anaconda3/envs/LADD/lib/python3.9/linecache.py", line 30, in getline
    lines = getlines(filename, module_globals)
  File "/home/utente/anaconda3/envs/LADD/lib/python3.9/linecache.py", line 46, in getlines
    return updatecache(filename, module_globals)
  File "/home/utente/anaconda3/envs/LADD/lib/python3.9/linecache.py", line 136, in updatecache
    with tokenize.open(fullname) as fp:
  File "/home/utente/anaconda3/envs/LADD/lib/python3.9/tokenize.py", line 394, in open
    encoding, lines = detect_encoding(buffer.readline)
  File "/home/utente/anaconda3/envs/LADD/lib/python3.9/tokenize.py", line 363, in detect_encoding
    first = read_or_stop()
  File "/home/utente/anaconda3/envs/LADD/lib/python3.9/tokenize.py", line 321, in read_or_stop
    return readline()
KeyboardInterrupt