Done.
Setting up the random seed for reproducibility...
Done.
dynamic_import - class_name:  OracleTrainer
Initializing model...
Done.
Initializing datasets...
Done.
Initializing clients...
dynamic_import - class_name:  OracleClient
Done.
Initializing server...
dynamic_import - class_name:  OracleServer
Running without server optimizer
Done.
Initialize return score, metrics, ckpt, ckpt step...
Setting up metrics...
Done.
Done.
Initializing optimizer and scheduler...
Done.
dynamic_import - class_name:  OracleClient
The experiment begins...
ROUND 1/3: Training 5 Clients...
CLIENT 1/5: erfurt5 RGB
EPOCH 1: ended.
end
CLIENT 2/5: weimar3 HHA
EPOCH 1: ended.
end
CLIENT 3/5: strasbourg3 HHA
EPOCH 1: ended.
end
CLIENT 4/5: tubingen2 HHA
EPOCH 1: ended.
end
CLIENT 5/5: weimar6 HHA
EPOCH 1: ended.
end
{'Total samples': array(208), 'Overall Acc': 0.3489671569732355, 'Mean Acc': 0.09900099884372056, 'Mean Precision': 0.07345703139538746, 'FreqW Acc': 0.2255732609171537, 'Mean IoU': 0.056907261426040856, 'Class IoU': {0: 0.4160981135788641, 1: 0.00914596945052554, 2: 0.21959786218120914, 3: 0.0, 4: 0.0, 5: 0.0004822634229727648, 6: 0.0, 7: 0.0, 8: 0.15018963974710453, 9: 0.0, 10: 0.031175005055184165, 11: 0.0, 12: 0.0, 13: 0.026920067954752682, 14: 'X', 15: 'X', 16: 'X', 17: 'X', 18: 0.0}, 'Class Acc': {0: 0.6339041044486623, 1: 0.011146109338593346, 2: 0.3426926190440874, 3: 0.0, 4: 0.0, 5: 0.0005171522151056052, 6: 0.0, 7: 0.0, 8: 0.23003643774614765, 9: 0.0, 10: 0.22672031075952495, 11: 0.0, 12: 0.0, 13: 0.0399982491036871, 14: 'X', 15: 'X', 16: 'X', 17: 'X', 18: 0.0}, 'Class Prec': {0: 0.5477190152508062, 1: 0.048495720964370916, 2: 0.37940420083579784, 3: 0.0, 4: 0.0, 5: 0.007097791792509627, 6: 0.0, 7: 0.0, 8: 0.302013388805994, 9: 0.0, 10: 0.03488421735700124, 11: 0.0, 12: 0.0, 13: 0.07606926150588215, 14: 'X', 15: 'X', 16: 'X', 17: 'X', 18: 0.0}}
QUI ARRIVA ALL'UPDATE
AGGREGATION: END OF THE ROUND
ROUND 2/3: Training 5 Clients...
CLIENT 1/5: dusseldorf4 HHA
EPOCH 1: ended.
end
CLIENT 2/5: dusseldorf1 HHA
EPOCH 1: ended.
end
CLIENT 3/5: hanover6 RGB
EPOCH 1: ended.
end
CLIENT 4/5: jena0 HHA
EPOCH 1: ended.
end
CLIENT 5/5: jena5 HHA
EPOCH 1: ended.
end
{'Total samples': array(192), 'Overall Acc': 0.42079435514427893, 'Mean Acc': 0.07563742910168506, 'Mean Precision': 0.06254190229617693, 'FreqW Acc': 0.24624031134230379, 'Mean IoU': 0.044952898972936105, 'Class IoU': {0: 0.4693491928167885, 1: 0.008247354931916218, 2: 0.09640556738258821, 3: 0.0, 4: 0.0, 5: 0.0, 6: 0.0, 7: 0.0, 8: 0.13641409416872172, 9: 0.0, 10: 0.0, 11: 0.0, 12: 0.0, 13: 0.053783073239899136, 14: 0.0, 15: 'X', 16: 'X', 17: 0.0, 18: 0.0}, 'Class Acc': {0: 0.8203122429171187, 1: 0.0100324756431673, 2: 0.13535540566316814, 3: 0.0, 4: 0.0, 5: 0.0, 6: 0.0, 7: 0.0, 8: 0.2166057117197989, 9: 0.0, 10: 0.0, 11: 0.0, 12: 0.0, 13: 0.10353045878539298, 14: 0.0, 15: 'X', 16: 'X', 17: 0.0, 18: 0.0}, 'Class Prec': {0: 0.5231324403133656, 1: 0.04429737480501666, 2: 0.2509481255435323, 3: 0.0, 4: 0.0, 5: 0.0, 6: 0.0, 7: 0.0, 8: 0.269256019300049, 9: 0.0, 10: 0.0, 11: 0.0, 12: 0.0, 13: 0.10066218366539806, 14: 0.0, 15: 'X', 16: 'X', 17: 0.0, 18: 0.0}}
QUI ARRIVA ALL'UPDATE
AGGREGATION: END OF THE ROUND
ROUND 3/3: Training 5 Clients...
CLIENT 1/5: erfurt3 RGB
Traceback (most recent call last):
  File "/home/utente/pycharm/plugins/python-ce/helpers/pydev/pydevd.py", line 2177, in main
    globals = debugger.run(setup['file'], None, None, is_module)
  File "/home/utente/pycharm/plugins/python-ce/helpers/pydev/pydevd.py", line 1489, in run
    return self._exec(is_module, entry_point_fn, module_name, file, globals, locals)
  File "/home/utente/pycharm/plugins/python-ce/helpers/pydev/pydevd.py", line 1496, in _exec
    pydev_imports.execfile(file, globals, locals)  # execute the script
  File "/home/utente/pycharm/plugins/python-ce/helpers/pydev/_pydev_imps/_pydev_execfile.py", line 18, in execfile
    exec(compile(contents+"\n", file, 'exec'), glob, loc)
  File "/home/utente/Scrivania/PROVA/LADD/src/run.py", line 53, in <module>
    run_experiment()
  File "/home/utente/Scrivania/PROVA/LADD/src/run.py", line 21, in run_experiment
    max_score = trainer.train(*trainer.train_args, **trainer.train_kwargs)
  File "/home/utente/Scrivania/PROVA/LADD/src/federated/trainers/oracle_trainer.py", line 136, in train
    return self.perform_fed_oracle_training(
  File "/home/utente/Scrivania/PROVA/LADD/src/federated/trainers/oracle_trainer.py", line 76, in perform_fed_oracle_training
    losses = self.server.train_clients(partial_metric=partial_train_metric)
  File "/home/utente/Scrivania/PROVA/LADD/src/federated/servers/oracle_server.py", line 97, in train_clients
    out = c.train(partial_metric, r=r)
  File "/home/utente/Scrivania/PROVA/LADD/src/clients/oracle_client.py", line 199, in train
    dict_all_iters_losses = self.run_epoch(epoch, optimizer, metric=partial_metric, r=r)
  File "/home/utente/Scrivania/PROVA/LADD/src/clients/oracle_client.py", line 169, in run_epoch
    self.__exec_epoch(optimizer, cur_epoch, metric, scheduler, plot_lr, dict_all_iters_losses,
  File "/home/utente/Scrivania/PROVA/LADD/src/clients/oracle_client.py", line 92, in __exec_epoch
    for cur_step, samples in enumerate(self.loader):
  File "/home/utente/anaconda3/envs/LADD/lib/python3.9/site-packages/torch/utils/data/dataloader.py", line 359, in __iter__
    return self._get_iterator()
  File "/home/utente/anaconda3/envs/LADD/lib/python3.9/site-packages/torch/utils/data/dataloader.py", line 305, in _get_iterator
    return _MultiProcessingDataLoaderIter(self)
  File "/home/utente/anaconda3/envs/LADD/lib/python3.9/site-packages/torch/utils/data/dataloader.py", line 918, in __init__
    w.start()
  File "/home/utente/anaconda3/envs/LADD/lib/python3.9/multiprocessing/process.py", line 121, in start
    self._popen = self._Popen(self)
  File "/home/utente/anaconda3/envs/LADD/lib/python3.9/multiprocessing/context.py", line 224, in _Popen
    return _default_context.get_context().Process._Popen(process_obj)
  File "/home/utente/anaconda3/envs/LADD/lib/python3.9/multiprocessing/context.py", line 277, in _Popen
    return Popen(process_obj)
  File "/home/utente/anaconda3/envs/LADD/lib/python3.9/multiprocessing/popen_fork.py", line 19, in __init__
    self._launch(process_obj)
  File "/home/utente/anaconda3/envs/LADD/lib/python3.9/multiprocessing/popen_fork.py", line 66, in _launch
    self.pid = os.fork()
  File "/home/utente/pycharm/plugins/python-ce/helpers/pydev/_pydev_bundle/pydev_monkey.py", line 641, in new_fork
    send_process_created_message()
  File "/home/utente/pycharm/plugins/python-ce/helpers/pydev/_pydev_bundle/pydev_monkey.py", line 649, in send_process_created_message
    debugger.send_process_created_message()
  File "/home/utente/pycharm/plugins/python-ce/helpers/pydev/pydevd.py", line 1051, in send_process_created_message
    self.writer.add_command(cmd)
  File "/home/utente/pycharm/plugins/python-ce/helpers/pydev/_pydevd_bundle/pydevd_comm.py", line 358, in add_command
    self.cmdQueue.put(cmd)
  File "/home/utente/anaconda3/envs/LADD/lib/python3.9/queue.py", line 150, in put
    self._put(item)
  File "/home/utente/anaconda3/envs/LADD/lib/python3.9/queue.py", line 214, in _put
    self.queue.append(item)
KeyboardInterrupt
During handling of the above exception, another exception occurred:
Traceback (most recent call last):
  File "/home/utente/pycharm/plugins/python-ce/helpers/pydev/pydevd.py", line 2195, in <module>
    main()
  File "/home/utente/pycharm/plugins/python-ce/helpers/pydev/pydevd.py", line 2179, in main
    handle_keyboard_interrupt()
  File "/home/utente/pycharm/plugins/python-ce/helpers/pydev/pydevd.py", line 1985, in handle_keyboard_interrupt
    if get_file_type(os.path.basename(filename)) or '_pydevd' in filename:
  File "/home/utente/anaconda3/envs/LADD/lib/python3.9/posixpath.py", line 140, in basename
    def basename(p):
KeyboardInterrupt
EPOCH 1: ended.
end
CLIENT 2/5: tubingen6 RGB