
Done.
Setting up the random seed for reproducibility...
Done.
dynamic_import - class_name:  OracleTrainer
Initializing model...
Done.
Initializing datasets...
Done.
Initializing clients...
dynamic_import - class_name:  OracleClient
clients_shared_args
clients_shared_args
clients_shared_args_HHA
clients_shared_args
clients_shared_args
clients_shared_args
clients_shared_args
clients_shared_args
clients_shared_args_HHA
clients_shared_args
clients_shared_args
clients_shared_args
clients_shared_args
clients_shared_args
clients_shared_args
clients_shared_args
clients_shared_args_HHA
clients_shared_args
clients_shared_args_HHA
clients_shared_args_HHA
clients_shared_args
clients_shared_args
clients_shared_args_HHA
clients_shared_args_HHA
clients_shared_args_HHA
clients_shared_args
clients_shared_args
clients_shared_args_HHA
clients_shared_args
clients_shared_args
clients_shared_args_HHA
clients_shared_args
clients_shared_args_HHA
clients_shared_args_HHA
clients_shared_args_HHA
clients_shared_args
clients_shared_args_HHA
clients_shared_args
clients_shared_args_HHA
clients_shared_args
clients_shared_args_HHA
clients_shared_args_HHA
clients_shared_args
clients_shared_args
clients_shared_args
clients_shared_args
clients_shared_args_HHA
clients_shared_args
clients_shared_args
clients_shared_args
clients_shared_args_HHA
clients_shared_args_HHA
clients_shared_args_HHA
clients_shared_args_HHA
clients_shared_args
clients_shared_args_HHA
clients_shared_args_HHA
clients_shared_args
clients_shared_args_HHA
clients_shared_args
clients_shared_args
clients_shared_args
clients_shared_args
clients_shared_args_HHA
clients_shared_args_HHA
clients_shared_args_HHA
clients_shared_args
clients_shared_args_HHA
clients_shared_args
clients_shared_args
clients_shared_args
clients_shared_args_HHA
clients_shared_args_HHA
clients_shared_args_HHA
clients_shared_args
clients_shared_args
clients_shared_args_HHA
clients_shared_args
clients_shared_args_HHA
clients_shared_args_HHA
clients_shared_args_HHA
clients_shared_args
clients_shared_args_HHA
clients_shared_args
clients_shared_args
clients_shared_args_HHA
clients_shared_args_HHA
clients_shared_args_HHA
clients_shared_args_HHA
clients_shared_args
clients_shared_args
clients_shared_args_HHA
clients_shared_args
clients_shared_args
clients_shared_args
clients_shared_args
clients_shared_args
clients_shared_args_HHA
clients_shared_args
clients_shared_args_HHA
clients_shared_args_HHA
clients_shared_args_HHA
clients_shared_args_HHA
clients_shared_args
clients_shared_args
clients_shared_args_HHA
clients_shared_args_HHA
clients_shared_args
clients_shared_args_HHA
clients_shared_args_HHA
clients_shared_args
clients_shared_args_HHA
clients_shared_args
clients_shared_args_HHA
clients_shared_args
clients_shared_args
clients_shared_args_HHA
clients_shared_args
clients_shared_args
clients_shared_args_HHA
clients_shared_args
clients_shared_args
clients_shared_args_HHA
clients_shared_args_HHA
clients_shared_args
clients_shared_args
clients_shared_args_HHA
clients_shared_args_HHA
clients_shared_args
clients_shared_args
clients_shared_args
clients_shared_args
clients_shared_args
clients_shared_args_HHA
clients_shared_args
clients_shared_args
clients_shared_args
clients_shared_args_HHA
clients_shared_args
clients_shared_args_HHA
clients_shared_args_HHA
clients_shared_args
clients_shared_args
clients_shared_args_HHA
clients_shared_args_HHA
Done.
Initializing server...
dynamic_import - class_name:  OracleServer
Running without server optimizer
Done.
Initialize return score, metrics, ckpt, ckpt step...
Setting up metrics...
Done.
Done.
Initializing optimizer and scheduler...
Done.
Generating sample ids for plots...
Done.
dynamic_import - class_name:  OracleClient
check:  {'client_id': 'all_target_train_data', 'dataset': <dataset.target.cityscapes.Cityscapes object at 0x7f1522f4a8b0>}
check 2:  [{'client_id': 'all_target_train_data', 'dataset': <dataset.target.cityscapes.Cityscapes object at 0x7f1522f4a8b0>}]
The experiment begins...
ROUND 1/2: Training 2 Clients...
SELECTED CLINETS HHA [<clients.oracle_client.OracleClient object at 0x7f1522d910a0>
 <clients.oracle_client.OracleClient object at 0x7f1522dd81c0>]
CLIENT 1/2: strasbourg7 HHA
EPOCH 1: ended.
CLIENT 2/2: ulm7 HHA
EPOCH 1: ended.
HHA AGGREGATION: END OF THE ROUND
ROUND 2/2: Training 2 Clients...
SELECTED CLINETS RGB [<clients.oracle_client.OracleClient object at 0x7f1522dad220>
 <clients.oracle_client.OracleClient object at 0x7f1522e24910>]
CLIENT 1/2: stuttgart1 RGB
EPOCH 1: ended.
CLIENT 2/2: stuttgart6 RGB
EPOCH 1: ended.
RGB AGGREGATION: END OF THE ROUND
Testing...
Client 1/1 - test_user HHA
Traceback (most recent call last):
  File "/home/utente/anaconda3/envs/LADD/lib/python3.9/site-packages/torch/utils/data/dataloader.py", line 990, in _try_get_data
    data = self._data_queue.get(timeout=timeout)
  File "/home/utente/anaconda3/envs/LADD/lib/python3.9/queue.py", line 180, in get
    self.not_empty.wait(remaining)
  File "/home/utente/anaconda3/envs/LADD/lib/python3.9/threading.py", line 316, in wait
    gotit = waiter.acquire(True, timeout)
  File "/home/utente/anaconda3/envs/LADD/lib/python3.9/site-packages/torch/utils/data/_utils/signal_handling.py", line 66, in handler
    _error_if_any_worker_fails()
RuntimeError: DataLoader worker (pid 18127) is killed by signal: Killed.
The above exception was the direct cause of the following exception:
Traceback (most recent call last):
  File "/home/utente/Scrivania/PROVA/LADD/src/run.py", line 49, in <module>
    run_experiment()
  File "/home/utente/Scrivania/PROVA/LADD/src/run.py", line 20, in run_experiment
