Done.
Setting up the random seed for reproducibility...
Done.
dynamic_import - class_name:  OracleTrainer
Initializing model...
Traceback (most recent call last):
  File "/home/utente/Scrivania/PROVA/LADD/src/run.py", line 49, in <module>
    run_experiment()
  File "/home/utente/Scrivania/PROVA/LADD/src/run.py", line 15, in run_experiment
    trainer = trainer_class(args, writer, device, rank, world_size)
  File "/home/utente/Scrivania/PROVA/LADD/src/federated/trainers/oracle_trainer.py", line 8, in __init__
    super().__init__(args, writer, device, rank, world_size)
  File "/home/utente/Scrivania/PROVA/LADD/src/federated/trainers/trainer.py", line 11, in __init__
    super().__init__(args, writer, device, rank, world_size)
  File "/home/utente/Scrivania/PROVA/LADD/src/general_trainer.py", line 40, in __init__
    self.model_rgb = self.model_init(args, device)
  File "/home/utente/Scrivania/PROVA/LADD/src/general_trainer.py", line 107, in model_init
    model = make_model(args)
  File "/home/utente/Scrivania/PROVA/LADD/src/utils/model_utils.py", line 95, in make_model
    return dict_model[args.model]['model'](args.num_classes, **dict_model[args.model]['kwargs'])
  File "/home/utente/Scrivania/PROVA/LADD/src/modules/deeplabv3.py", line 54, in deeplabv3_mobilenetv2
    model = _deeplabv3_mobilenetv2(backbone, num_classes)
  File "/home/utente/Scrivania/PROVA/LADD/src/modules/deeplabv3.py", line 22, in _deeplabv3_mobilenetv2
    backbone = create_feature_extractor(backbone, return_layers)
  File "/home/utente/anaconda3/envs/LADD/lib/python3.9/site-packages/torchvision/models/feature_extraction.py", line 498, in create_feature_extractor
    graph_module.recompile()
  File "/home/utente/anaconda3/envs/LADD/lib/python3.9/site-packages/torch/fx/graph_module.py", line 562, in recompile
    python_code = self._graph.python_code(root_module='self')
  File "/home/utente/anaconda3/envs/LADD/lib/python3.9/site-packages/torch/fx/graph.py", line 834, in python_code
    return self._python_code(root_module, namespace)
  File "/home/utente/anaconda3/envs/LADD/lib/python3.9/site-packages/torch/fx/graph.py", line 988, in _python_code
    emit_node(node)
  File "/home/utente/anaconda3/envs/LADD/lib/python3.9/site-packages/torch/fx/graph.py", line 968, in emit_node
    body.append(f'{repr(node)}{maybe_type_annotation} = '
  File "/home/utente/anaconda3/envs/LADD/lib/python3.9/site-packages/torch/fx/node.py", line 379, in __repr__
    return self._repr_fn(self)
  File "/home/utente/anaconda3/envs/LADD/lib/python3.9/site-packages/torch/fx/graph.py", line 818, in node_repr
    return namespace.create_name(n.name, n)
  File "/home/utente/anaconda3/envs/LADD/lib/python3.9/site-packages/torch/fx/graph.py", line 126, in create_name
    candidate = self._illegal_char_regex.sub('_', candidate)
KeyboardInterrupt
During handling of the above exception, another exception occurred:
Traceback (most recent call last):
  File "/home/utente/pycharm/plugins/python-ce/helpers/pydev/pydevd.py", line 2195, in <module>
    main()
  File "/home/utente/pycharm/plugins/python-ce/helpers/pydev/pydevd.py", line 2179, in main
    handle_keyboard_interrupt()
  File "/home/utente/pycharm/plugins/python-ce/helpers/pydev/pydevd.py", line 1997, in handle_keyboard_interrupt
    traceback.print_exception(type(value), value, tb, limit=limit)
  File "/home/utente/anaconda3/envs/LADD/lib/python3.9/traceback.py", line 103, in print_exception
    for line in TracebackException(
  File "/home/utente/anaconda3/envs/LADD/lib/python3.9/traceback.py", line 517, in __init__
    self.stack = StackSummary.extract(
  File "/home/utente/anaconda3/envs/LADD/lib/python3.9/traceback.py", line 366, in extract
    f.line
  File "/home/utente/anaconda3/envs/LADD/lib/python3.9/traceback.py", line 288, in line
    self._line = linecache.getline(self.filename, self.lineno).strip()
  File "/home/utente/anaconda3/envs/LADD/lib/python3.9/linecache.py", line 30, in getline
    lines = getlines(filename, module_globals)
  File "/home/utente/anaconda3/envs/LADD/lib/python3.9/linecache.py", line 46, in getlines
    return updatecache(filename, module_globals)
  File "/home/utente/anaconda3/envs/LADD/lib/python3.9/linecache.py", line 137, in updatecache
    lines = fp.readlines()
  File "/home/utente/anaconda3/envs/LADD/lib/python3.9/codecs.py", line 319, in decode
    def decode(self, input, final=False):
KeyboardInterrupt