Done.
Setting up the random seed for reproducibility...
Done.
dynamic_import - class_name:  OracleTrainer
Initializing model...
Done.
Initializing datasets...
__map_labels
__map_labels
__map_labels
__map_labels
__map_labels
__map_labels
__map_labels
__map_labels
__map_labels
__map_labels
__map_labels
__map_labels
__map_labels
__map_labels
__map_labels
__map_labels
__map_labels
__map_labels
__map_labels
__map_labels
__map_labels
__map_labels
__map_labels
__map_labels
__map_labels
__map_labels
__map_labels
__map_labels
__map_labels
__map_labels
__map_labels
__map_labels
__map_labels
__map_labels
__map_labels
__map_labels
__map_labels
__map_labels
__map_labels
__map_labels
__map_labels
__map_labels
__map_labels
__map_labels
__map_labels
__map_labels
__map_labels
__map_labels
__map_labels
__map_labels
__map_labels
__map_labels
__map_labels
__map_labels
__map_labels
__map_labels
__map_labels
__map_labels
__map_labels
__map_labels
__map_labels
__map_labels
__map_labels
__map_labels
__map_labels
__map_labels
__map_labels
__map_labels
__map_labels
__map_labels
__map_labels
__map_labels
__map_labels
__map_labels
__map_labels
__map_labels
__map_labels
__map_labels
__map_labels
__map_labels
__map_labels
__map_labels
__map_labels
__map_labels
__map_labels
__map_labels
__map_labels
__map_labels
__map_labels
__map_labels
__map_labels
__map_labels
__map_labels
__map_labels
__map_labels
__map_labels
__map_labels
__map_labels
__map_labels
__map_labels
__map_labels
__map_labels
__map_labels
__map_labels
__map_labels
__map_labels
__map_labels
__map_labels
__map_labels
__map_labels
__map_labels
__map_labels
__map_labels
__map_labels
__map_labels
__map_labels
__map_labels
__map_labels
__map_labels
__map_labels
__map_labels
__map_labels
__map_labels
__map_labels
__map_labels
__map_labels
__map_labels
__map_labels
__map_labels
__map_labels
__map_labels
__map_labels
__map_labels
__map_labels
__map_labels
__map_labels
__map_labels
__map_labels
__map_labels
__map_labels
__map_labels
__map_labels
__map_labels
__map_labels
__map_labels
__map_labels
Done.
Initializing clients...
dynamic_import - class_name:  OracleClient
Done.
Initializing server...
dynamic_import - class_name:  OracleServer
Running without server optimizer
Done.
Initialize return score, metrics, ckpt, ckpt step...
Setting up metrics...
Done.
Done.
Initializing optimizer and scheduler...
Done.
dynamic_import - class_name:  OracleClient
The experiment begins...
ROUND 1/6: Training 2 Clients...
CLIENT 1/2: erfurt5 MIX
__getitem__
_get_images
_apply_train_transform
__getitem__
_get_images
_apply_train_transform
__getitem__
_get_images
_apply_train_transform
__getitem__
_get_images
_apply_train_transform
Traceback (most recent call last):
  File "/home/utente/pycharm/plugins/python-ce/helpers/pydev/pydevd.py", line 2177, in main
    globals = debugger.run(setup['file'], None, None, is_module)
  File "/home/utente/pycharm/plugins/python-ce/helpers/pydev/pydevd.py", line 1489, in run
    return self._exec(is_module, entry_point_fn, module_name, file, globals, locals)
  File "/home/utente/pycharm/plugins/python-ce/helpers/pydev/pydevd.py", line 1496, in _exec
    pydev_imports.execfile(file, globals, locals)  # execute the script
  File "/home/utente/pycharm/plugins/python-ce/helpers/pydev/_pydev_imps/_pydev_execfile.py", line 18, in execfile
    exec(compile(contents+"\n", file, 'exec'), glob, loc)
  File "/home/utente/Scrivania/PROVA/LADD/src/run.py", line 53, in <module>
    run_experiment()
  File "/home/utente/Scrivania/PROVA/LADD/src/run.py", line 21, in run_experiment
    max_score = trainer.train(*trainer.train_args, **trainer.train_kwargs)
  File "/home/utente/Scrivania/PROVA/LADD/src/federated/trainers/oracle_trainer.py", line 136, in train
    return self.perform_fed_oracle_training(
  File "/home/utente/Scrivania/PROVA/LADD/src/federated/trainers/oracle_trainer.py", line 99, in perform_fed_oracle_training
    losses = self.server.train_clients(partial_metric=partial_train_metric)
  File "/home/utente/Scrivania/PROVA/LADD/src/federated/servers/oracle_server.py", line 113, in train_clients
    out = c.train(partial_metric, r=r)
  File "/home/utente/Scrivania/PROVA/LADD/src/clients/oracle_client.py", line 219, in train
    dict_all_iters_losses = self.run_epoch(epoch, optimizer, metric=partial_metric, r=r)
  File "/home/utente/Scrivania/PROVA/LADD/src/clients/oracle_client.py", line 189, in run_epoch
    self.__exec_epoch(optimizer, cur_epoch, metric, scheduler, plot_lr, dict_all_iters_losses,
  File "/home/utente/Scrivania/PROVA/LADD/src/clients/oracle_client.py", line 95, in __exec_epoch
    for cur_step, samples in enumerate(self.loader):
  File "/home/utente/anaconda3/envs/LADD/lib/python3.9/site-packages/torch/utils/data/dataloader.py", line 521, in __next__
    data = self._next_data()
  File "/home/utente/anaconda3/envs/LADD/lib/python3.9/site-packages/torch/utils/data/dataloader.py", line 1186, in _next_data
    idx, data = self._get_data()
  File "/home/utente/anaconda3/envs/LADD/lib/python3.9/site-packages/torch/utils/data/dataloader.py", line 1142, in _get_data
    success, data = self._try_get_data()
  File "/home/utente/anaconda3/envs/LADD/lib/python3.9/site-packages/torch/utils/data/dataloader.py", line 990, in _try_get_data
    data = self._data_queue.get(timeout=timeout)
  File "/home/utente/anaconda3/envs/LADD/lib/python3.9/queue.py", line 180, in get
    self.not_empty.wait(remaining)
  File "/home/utente/anaconda3/envs/LADD/lib/python3.9/threading.py", line 316, in wait
    gotit = waiter.acquire(True, timeout)
KeyboardInterrupt
During handling of the above exception, another exception occurred:
Traceback (most recent call last):
  File "/home/utente/pycharm/plugins/python-ce/helpers/pydev/_pydevd_bundle/pydevd_utils.py", line 268, in in_project_roots
    return filename_to_in_scope_cache[filename]
KeyError: '/home/utente/pycharm/plugins/python-ce/helpers/pydev/_pydev_imps/_pydev_execfile.py'
During handling of the above exception, another exception occurred:
Traceback (most recent call last):
  File "/home/utente/pycharm/plugins/python-ce/helpers/pydev/pydevd.py", line 2195, in <module>
    main()
  File "/home/utente/pycharm/plugins/python-ce/helpers/pydev/pydevd.py", line 2179, in main
    handle_keyboard_interrupt()
  File "/home/utente/pycharm/plugins/python-ce/helpers/pydev/pydevd.py", line 1972, in handle_keyboard_interrupt
    if debugger.in_project_scope(filename) and '_pydevd' not in filename:
  File "/home/utente/pycharm/plugins/python-ce/helpers/pydev/pydevd.py", line 612, in in_project_scope
    return pydevd_utils.in_project_roots(filename)
  File "/home/utente/pycharm/plugins/python-ce/helpers/pydev/_pydevd_bundle/pydevd_utils.py", line 283, in in_project_roots
    if root and filename.startswith(root):
KeyboardInterrupt