2023-06-14 15:01:25,743 INFO    MainThread:11399 [internal.py:wandb_internal():86] W&B internal server running at pid: 11399, started at: 2023-06-14 15:01:25.742674
2023-06-14 15:01:25,747 DEBUG   HandlerThread:11399 [handler.py:handle_request():126] handle_request: check_version
2023-06-14 15:01:25,747 INFO    WriterThread:11399 [datastore.py:open_for_write():77] open: /home/utente/Scrivania/PROVA/LADD/wandb/run-20230614_150124-1nlunnbw/run-1nlunnbw.wandb
2023-06-14 15:01:25,749 DEBUG   SenderThread:11399 [sender.py:send():182] send: header
2023-06-14 15:01:25,750 DEBUG   SenderThread:11399 [sender.py:send_request():196] send_request: check_version
2023-06-14 15:01:26,630 DEBUG   SenderThread:11399 [sender.py:send():182] send: run
2023-06-14 15:01:26,633 INFO    SenderThread:11399 [sender.py:_maybe_setup_resume():421] checking resume status for alessandro-fella-1/federated_cityscapes/1nlunnbw
2023-06-14 15:01:28,069 INFO    SenderThread:11399 [dir_watcher.py:__init__():169] watching files in: /home/utente/Scrivania/PROVA/LADD/wandb/run-20230614_150124-1nlunnbw/files
2023-06-14 15:01:28,070 INFO    SenderThread:11399 [sender.py:_start_run_threads():740] run started: 1nlunnbw with start time 1686747684
2023-06-14 15:01:28,070 DEBUG   SenderThread:11399 [sender.py:send():182] send: summary
2023-06-14 15:01:28,070 DEBUG   HandlerThread:11399 [handler.py:handle_request():126] handle_request: run_start
2023-06-14 15:01:28,071 INFO    SenderThread:11399 [sender.py:_save_file():873] saving file wandb-summary.json with policy end
2023-06-14 15:01:28,075 DEBUG   HandlerThread:11399 [meta.py:__init__():40] meta init
2023-06-14 15:01:28,075 DEBUG   HandlerThread:11399 [meta.py:__init__():54] meta init done
2023-06-14 15:01:28,076 DEBUG   HandlerThread:11399 [meta.py:probe():211] probe
2023-06-14 15:01:28,082 DEBUG   HandlerThread:11399 [meta.py:_setup_git():201] setup git
2023-06-14 15:01:28,099 DEBUG   HandlerThread:11399 [meta.py:_setup_git():208] setup git done
2023-06-14 15:01:28,099 DEBUG   HandlerThread:11399 [meta.py:_save_pip():58] save pip
2023-06-14 15:01:28,100 DEBUG   HandlerThread:11399 [meta.py:_save_pip():72] save pip done
2023-06-14 15:01:28,100 DEBUG   HandlerThread:11399 [meta.py:_save_conda():79] save conda
2023-06-14 15:01:29,074 INFO    Thread-13 :11399 [dir_watcher.py:_on_file_created():217] file/dir created: /home/utente/Scrivania/PROVA/LADD/wandb/run-20230614_150124-1nlunnbw/files/wandb-summary.json
2023-06-14 15:01:29,074 INFO    Thread-13 :11399 [dir_watcher.py:_on_file_created():217] file/dir created: /home/utente/Scrivania/PROVA/LADD/wandb/run-20230614_150124-1nlunnbw/files/requirements.txt
2023-06-14 15:01:29,075 INFO    Thread-13 :11399 [dir_watcher.py:_on_file_created():217] file/dir created: /home/utente/Scrivania/PROVA/LADD/wandb/run-20230614_150124-1nlunnbw/files/conda-environment.yaml
2023-06-14 15:01:30,070 INFO    Thread-13 :11399 [dir_watcher.py:_on_file_modified():230] file/dir modified: /home/utente/Scrivania/PROVA/LADD/wandb/run-20230614_150124-1nlunnbw/files/conda-environment.yaml
2023-06-14 15:01:30,119 DEBUG   HandlerThread:11399 [meta.py:_save_conda():87] save conda done
2023-06-14 15:01:30,119 DEBUG   HandlerThread:11399 [meta.py:probe():249] probe done
2023-06-14 15:01:30,227 DEBUG   SenderThread:11399 [sender.py:send():182] send: files
2023-06-14 15:01:30,227 INFO    SenderThread:11399 [sender.py:_save_file():873] saving file wandb-metadata.json with policy now
2023-06-14 15:01:30,237 DEBUG   HandlerThread:11399 [handler.py:handle_request():126] handle_request: stop_status
2023-06-14 15:01:30,238 DEBUG   SenderThread:11399 [sender.py:send_request():196] send_request: stop_status
2023-06-14 15:01:31,071 INFO    Thread-13 :11399 [dir_watcher.py:_on_file_created():217] file/dir created: /home/utente/Scrivania/PROVA/LADD/wandb/run-20230614_150124-1nlunnbw/files/wandb-metadata.json
2023-06-14 15:01:31,071 INFO    Thread-13 :11399 [dir_watcher.py:_on_file_created():217] file/dir created: /home/utente/Scrivania/PROVA/LADD/wandb/run-20230614_150124-1nlunnbw/files/output.log
2023-06-14 15:01:31,171 DEBUG   SenderThread:11399 [sender.py:send():182] send: metric
2023-06-14 15:01:31,171 DEBUG   SenderThread:11399 [sender.py:send():182] send: metric
2023-06-14 15:01:31,172 WARNING SenderThread:11399 [sender.py:send_metric():831] Seen metric with glob (shouldnt happen)
2023-06-14 15:01:31,172 DEBUG   SenderThread:11399 [sender.py:send():182] send: config
2023-06-14 15:01:31,712 INFO    Thread-16 :11399 [upload_job.py:push():137] Uploaded file /tmp/tmp8df5aodiwandb/21i91cvh-wandb-metadata.json
2023-06-14 15:01:34,072 INFO    Thread-13 :11399 [dir_watcher.py:_on_file_modified():230] file/dir modified: /home/utente/Scrivania/PROVA/LADD/wandb/run-20230614_150124-1nlunnbw/files/output.log
2023-06-14 15:01:36,073 INFO    Thread-13 :11399 [dir_watcher.py:_on_file_modified():230] file/dir modified: /home/utente/Scrivania/PROVA/LADD/wandb/run-20230614_150124-1nlunnbw/files/output.log
2023-06-14 15:01:40,075 INFO    Thread-13 :11399 [dir_watcher.py:_on_file_modified():230] file/dir modified: /home/utente/Scrivania/PROVA/LADD/wandb/run-20230614_150124-1nlunnbw/files/output.log
2023-06-14 15:01:42,076 INFO    Thread-13 :11399 [dir_watcher.py:_on_file_modified():230] file/dir modified: /home/utente/Scrivania/PROVA/LADD/wandb/run-20230614_150124-1nlunnbw/files/output.log
2023-06-14 15:01:48,403 DEBUG   SenderThread:11399 [sender.py:send():182] send: metric
2023-06-14 15:01:48,404 DEBUG   SenderThread:11399 [sender.py:send():182] send: metric
2023-06-14 15:01:48,404 WARNING SenderThread:11399 [sender.py:send_metric():831] Seen metric with glob (shouldnt happen)
2023-06-14 15:01:48,407 DEBUG   SenderThread:11399 [sender.py:send():182] send: metric
2023-06-14 15:01:48,408 DEBUG   SenderThread:11399 [sender.py:send():182] send: history
2023-06-14 15:01:48,408 DEBUG   SenderThread:11399 [sender.py:send():182] send: summary
2023-06-14 15:01:48,412 INFO    SenderThread:11399 [sender.py:_save_file():873] saving file wandb-summary.json with policy end
2023-06-14 15:01:48,412 DEBUG   SenderThread:11399 [sender.py:send():182] send: metric
2023-06-14 15:01:48,412 DEBUG   SenderThread:11399 [sender.py:send():182] send: metric
2023-06-14 15:01:48,412 WARNING SenderThread:11399 [sender.py:send_metric():831] Seen metric with glob (shouldnt happen)
2023-06-14 15:01:48,412 DEBUG   SenderThread:11399 [sender.py:send():182] send: metric
2023-06-14 15:01:48,412 DEBUG   SenderThread:11399 [sender.py:send():182] send: history
2023-06-14 15:01:48,413 DEBUG   SenderThread:11399 [sender.py:send():182] send: summary
2023-06-14 15:01:48,413 INFO    SenderThread:11399 [sender.py:_save_file():873] saving file wandb-summary.json with policy end
2023-06-14 15:01:48,622 DEBUG   HandlerThread:11399 [handler.py:handle_request():126] handle_request: stop_status
2023-06-14 15:01:48,622 DEBUG   SenderThread:11399 [sender.py:send_request():196] send_request: stop_status
2023-06-14 15:01:49,081 INFO    Thread-13 :11399 [dir_watcher.py:_on_file_modified():230] file/dir modified: /home/utente/Scrivania/PROVA/LADD/wandb/run-20230614_150124-1nlunnbw/files/wandb-summary.json
2023-06-14 15:01:49,081 INFO    Thread-13 :11399 [dir_watcher.py:_on_file_created():217] file/dir created: /home/utente/Scrivania/PROVA/LADD/wandb/run-20230614_150124-1nlunnbw/files/checkpoints/federated/cityscapes/multi_deeplabv3_r1_e1_cl3_heterogeneous_lr0.05_bs8_rs42_prova_pc_1nlunnbw.ckpt
2023-06-14 15:01:49,081 INFO    Thread-13 :11399 [dir_watcher.py:_on_file_created():217] file/dir created: /home/utente/Scrivania/PROVA/LADD/wandb/run-20230614_150124-1nlunnbw/files/checkpoints/federated
2023-06-14 15:01:49,081 INFO    Thread-13 :11399 [dir_watcher.py:_on_file_created():217] file/dir created: /home/utente/Scrivania/PROVA/LADD/wandb/run-20230614_150124-1nlunnbw/files/checkpoints/federated/cityscapes
2023-06-14 15:01:49,082 INFO    Thread-13 :11399 [dir_watcher.py:_on_file_created():217] file/dir created: /home/utente/Scrivania/PROVA/LADD/wandb/run-20230614_150124-1nlunnbw/files/checkpoints
2023-06-14 15:01:50,086 INFO    Thread-13 :11399 [dir_watcher.py:_on_file_modified():230] file/dir modified: /home/utente/Scrivania/PROVA/LADD/wandb/run-20230614_150124-1nlunnbw/files/output.log
2023-06-14 15:01:52,019 DEBUG   SenderThread:11399 [sender.py:send():182] send: files
2023-06-14 15:01:52,020 INFO    SenderThread:11399 [sender.py:_save_file():873] saving file checkpoints/federated/cityscapes/multi_deeplabv3_r1_e1_cl3_heterogeneous_lr0.05_bs8_rs42_prova_pc_1nlunnbw.ckpt with policy live
2023-06-14 15:01:56,717 DEBUG   SenderThread:11399 [sender.py:send():182] send: stats
2023-06-14 15:01:57,096 INFO    Thread-13 :11399 [dir_watcher.py:_on_file_modified():230] file/dir modified: /home/utente/Scrivania/PROVA/LADD/wandb/run-20230614_150124-1nlunnbw/files/config.yaml
2023-06-14 15:02:07,203 DEBUG   HandlerThread:11399 [handler.py:handle_request():126] handle_request: stop_status
2023-06-14 15:02:07,238 DEBUG   SenderThread:11399 [sender.py:send_request():196] send_request: stop_status
2023-06-14 15:02:15,013 INFO    Thread-17 :11399 [upload_job.py:push():137] Uploaded file /tmp/tmp8df5aodiwandb/3gyiygxm-checkpoints/federated/cityscapes/multi_deeplabv3_r1_e1_cl3_heterogeneous_lr0.05_bs8_rs42_prova_pc_1nlunnbw.ckpt
2023-06-14 15:02:24,988 DEBUG   HandlerThread:11399 [handler.py:handle_request():126] handle_request: stop_status
2023-06-14 15:02:25,030 DEBUG   SenderThread:11399 [sender.py:send_request():196] send_request: stop_status
2023-06-14 15:02:35,640 DEBUG   SenderThread:11399 [sender.py:send():182] send: stats
2023-06-14 15:02:41,770 DEBUG   HandlerThread:11399 [handler.py:handle_request():126] handle_request: stop_status
2023-06-14 15:02:41,832 DEBUG   SenderThread:11399 [sender.py:send_request():196] send_request: stop_status
2023-06-14 15:02:59,952 DEBUG   HandlerThread:11399 [handler.py:handle_request():126] handle_request: stop_status
2023-06-14 15:03:00,022 DEBUG   SenderThread:11399 [sender.py:send_request():196] send_request: stop_status
2023-06-14 15:03:17,889 DEBUG   SenderThread:11399 [sender.py:send():182] send: stats
2023-06-14 15:03:18,227 DEBUG   HandlerThread:11399 [handler.py:handle_request():126] handle_request: stop_status
2023-06-14 15:03:18,309 DEBUG   SenderThread:11399 [sender.py:send_request():196] send_request: stop_status
2023-06-14 15:03:34,744 DEBUG   HandlerThread:11399 [handler.py:handle_request():126] handle_request: stop_status
2023-06-14 15:03:34,923 DEBUG   SenderThread:11399 [sender.py:send_request():196] send_request: stop_status
2023-06-14 15:03:54,036 DEBUG   HandlerThread:11399 [handler.py:handle_request():126] handle_request: stop_status
2023-06-14 15:03:54,620 DEBUG   SenderThread:11399 [sender.py:send_request():196] send_request: stop_status
2023-06-14 15:04:25,894 DEBUG   HandlerThread:11399 [handler.py:handle_request():126] handle_request: stop_status
2023-06-14 15:04:27,140 DEBUG   SenderThread:11399 [sender.py:send_request():196] send_request: stop_status
2023-06-14 15:06:21,583 ERROR   SenderThread:11399 [retry.py:__call__():126] Retry attempt failed:
Traceback (most recent call last):
  File "/home/utente/anaconda3/envs/LADD/lib/python3.9/site-packages/urllib3/connectionpool.py", line 699, in urlopen
    httplib_response = self._make_request(
  File "/home/utente/anaconda3/envs/LADD/lib/python3.9/site-packages/urllib3/connectionpool.py", line 382, in _make_request
    self._validate_conn(conn)
  File "/home/utente/anaconda3/envs/LADD/lib/python3.9/site-packages/urllib3/connectionpool.py", line 1010, in _validate_conn
    conn.connect()
  File "/home/utente/anaconda3/envs/LADD/lib/python3.9/site-packages/urllib3/connection.py", line 416, in connect
    self.sock = ssl_wrap_socket(
  File "/home/utente/anaconda3/envs/LADD/lib/python3.9/site-packages/urllib3/util/ssl_.py", line 449, in ssl_wrap_socket
    ssl_sock = _ssl_wrap_socket_impl(
  File "/home/utente/anaconda3/envs/LADD/lib/python3.9/site-packages/urllib3/util/ssl_.py", line 493, in _ssl_wrap_socket_impl
    return ssl_context.wrap_socket(sock, server_hostname=server_hostname)
  File "/home/utente/anaconda3/envs/LADD/lib/python3.9/ssl.py", line 500, in wrap_socket
    return self.sslsocket_class._create(
  File "/home/utente/anaconda3/envs/LADD/lib/python3.9/ssl.py", line 1040, in _create
    self.do_handshake()
  File "/home/utente/anaconda3/envs/LADD/lib/python3.9/ssl.py", line 1309, in do_handshake
    self._sslobj.do_handshake()
ssl.SSLEOFError: EOF occurred in violation of protocol (_ssl.c:1129)

During handling of the above exception, another exception occurred:

Traceback (most recent call last):
  File "/home/utente/anaconda3/envs/LADD/lib/python3.9/site-packages/requests/adapters.py", line 440, in send
    resp = conn.urlopen(
  File "/home/utente/anaconda3/envs/LADD/lib/python3.9/site-packages/urllib3/connectionpool.py", line 755, in urlopen
    retries = retries.increment(
  File "/home/utente/anaconda3/envs/LADD/lib/python3.9/site-packages/urllib3/util/retry.py", line 574, in increment
    raise MaxRetryError(_pool, url, error or ResponseError(cause))
urllib3.exceptions.MaxRetryError: HTTPSConnectionPool(host='api.wandb.ai', port=443): Max retries exceeded with url: /graphql (Caused by SSLError(SSLEOFError(8, 'EOF occurred in violation of protocol (_ssl.c:1129)')))

During handling of the above exception, another exception occurred:

Traceback (most recent call last):
  File "/home/utente/anaconda3/envs/LADD/lib/python3.9/site-packages/wandb/sdk/lib/retry.py", line 102, in __call__
    result = self._call_fn(*args, **kwargs)
  File "/home/utente/anaconda3/envs/LADD/lib/python3.9/site-packages/wandb/sdk/internal/internal_api.py", line 130, in execute
    return self.client.execute(*args, **kwargs)
  File "/home/utente/anaconda3/envs/LADD/lib/python3.9/site-packages/wandb/vendor/gql-0.2.0/gql/client.py", line 52, in execute
    result = self._get_result(document, *args, **kwargs)
  File "/home/utente/anaconda3/envs/LADD/lib/python3.9/site-packages/wandb/vendor/gql-0.2.0/gql/client.py", line 60, in _get_result
    return self.transport.execute(document, *args, **kwargs)
  File "/home/utente/anaconda3/envs/LADD/lib/python3.9/site-packages/wandb/vendor/gql-0.2.0/gql/transport/requests.py", line 38, in execute
    request = requests.post(self.url, **post_args)
  File "/home/utente/anaconda3/envs/LADD/lib/python3.9/site-packages/requests/api.py", line 117, in post
    return request('post', url, data=data, json=json, **kwargs)
  File "/home/utente/anaconda3/envs/LADD/lib/python3.9/site-packages/requests/api.py", line 61, in request
    return session.request(method=method, url=url, **kwargs)
  File "/home/utente/anaconda3/envs/LADD/lib/python3.9/site-packages/requests/sessions.py", line 529, in request
    resp = self.send(prep, **send_kwargs)
  File "/home/utente/anaconda3/envs/LADD/lib/python3.9/site-packages/requests/sessions.py", line 645, in send
    r = adapter.send(request, **kwargs)
  File "/home/utente/anaconda3/envs/LADD/lib/python3.9/site-packages/requests/adapters.py", line 517, in send
    raise SSLError(e, request=request)
requests.exceptions.SSLError: HTTPSConnectionPool(host='api.wandb.ai', port=443): Max retries exceeded with url: /graphql (Caused by SSLError(SSLEOFError(8, 'EOF occurred in violation of protocol (_ssl.c:1129)')))
2023-06-14 15:07:04,400 DEBUG   SenderThread:11399 [sender.py:send():182] send: stats
2023-06-14 15:07:05,962 INFO    Thread-13 :11399 [dir_watcher.py:_on_file_modified():230] file/dir modified: /home/utente/Scrivania/PROVA/LADD/wandb/run-20230614_150124-1nlunnbw/files/output.log
2023-06-14 15:07:19,406 DEBUG   HandlerThread:11399 [handler.py:handle_request():126] handle_request: stop_status
2023-06-14 15:07:19,408 DEBUG   SenderThread:11399 [sender.py:send_request():196] send_request: stop_status
2023-06-14 15:07:22,635 DEBUG   SenderThread:11399 [sender.py:send():182] send: stats
2023-06-14 15:07:34,926 DEBUG   HandlerThread:11399 [handler.py:handle_request():126] handle_request: stop_status
2023-06-14 15:07:34,926 DEBUG   SenderThread:11399 [sender.py:send_request():196] send_request: stop_status
2023-06-14 15:07:50,332 DEBUG   HandlerThread:11399 [handler.py:handle_request():126] handle_request: stop_status
2023-06-14 15:07:50,333 DEBUG   SenderThread:11399 [sender.py:send_request():196] send_request: stop_status
2023-06-14 15:07:53,094 DEBUG   SenderThread:11399 [sender.py:send():182] send: stats
2023-06-14 15:08:05,587 DEBUG   HandlerThread:11399 [handler.py:handle_request():126] handle_request: stop_status
2023-06-14 15:08:05,587 DEBUG   SenderThread:11399 [sender.py:send_request():196] send_request: stop_status
2023-06-14 15:08:21,148 DEBUG   HandlerThread:11399 [handler.py:handle_request():126] handle_request: stop_status
2023-06-14 15:08:21,149 DEBUG   SenderThread:11399 [sender.py:send_request():196] send_request: stop_status
2023-06-14 15:08:23,523 DEBUG   SenderThread:11399 [sender.py:send():182] send: stats
2023-06-14 15:08:26,854 WARNING MainThread:11399 [internal.py:wandb_internal():145] Internal process interrupt: 1
2023-06-14 15:08:28,089 INFO    Thread-13 :11399 [dir_watcher.py:_on_file_modified():230] file/dir modified: /home/utente/Scrivania/PROVA/LADD/wandb/run-20230614_150124-1nlunnbw/files/output.log
2023-06-14 15:08:29,145 DEBUG   HandlerThread:11399 [handler.py:handle_request():126] handle_request: poll_exit
2023-06-14 15:08:29,146 DEBUG   SenderThread:11399 [sender.py:send():182] send: telemetry
2023-06-14 15:08:29,146 DEBUG   SenderThread:11399 [sender.py:send():182] send: exit
2023-06-14 15:08:29,147 INFO    SenderThread:11399 [sender.py:send_exit():291] handling exit code: 0
2023-06-14 15:08:29,148 INFO    SenderThread:11399 [sender.py:send_exit():293] handling runtime: 421
2023-06-14 15:08:29,149 INFO    SenderThread:11399 [sender.py:_save_file():873] saving file wandb-summary.json with policy end
2023-06-14 15:08:29,150 INFO    SenderThread:11399 [sender.py:send_exit():303] send defer
2023-06-14 15:08:29,150 DEBUG   SenderThread:11399 [sender.py:send_request():196] send_request: poll_exit
2023-06-14 15:08:29,152 DEBUG   HandlerThread:11399 [handler.py:handle_request():126] handle_request: defer
2023-06-14 15:08:29,153 INFO    HandlerThread:11399 [handler.py:handle_request_defer():143] handle defer: 0
2023-06-14 15:08:29,154 DEBUG   SenderThread:11399 [sender.py:send_request():196] send_request: defer
2023-06-14 15:08:29,154 INFO    SenderThread:11399 [sender.py:send_request_defer():312] handle sender defer: 0
2023-06-14 15:08:29,155 INFO    SenderThread:11399 [sender.py:transition_state():316] send defer: 1
2023-06-14 15:08:29,156 DEBUG   HandlerThread:11399 [handler.py:handle_request():126] handle_request: defer
2023-06-14 15:08:29,156 INFO    HandlerThread:11399 [handler.py:handle_request_defer():143] handle defer: 1
2023-06-14 15:08:29,223 DEBUG   SenderThread:11399 [sender.py:send_request():196] send_request: defer
2023-06-14 15:08:29,223 INFO    SenderThread:11399 [sender.py:send_request_defer():312] handle sender defer: 1
2023-06-14 15:08:29,224 INFO    SenderThread:11399 [sender.py:transition_state():316] send defer: 2
2023-06-14 15:08:29,225 DEBUG   HandlerThread:11399 [handler.py:handle_request():126] handle_request: defer
2023-06-14 15:08:29,225 DEBUG   SenderThread:11399 [sender.py:send():182] send: stats
2023-06-14 15:08:29,225 INFO    HandlerThread:11399 [handler.py:handle_request_defer():143] handle defer: 2
2023-06-14 15:08:29,226 DEBUG   SenderThread:11399 [sender.py:send_request():196] send_request: defer
2023-06-14 15:08:29,227 INFO    SenderThread:11399 [sender.py:send_request_defer():312] handle sender defer: 2
2023-06-14 15:08:29,227 INFO    SenderThread:11399 [sender.py:transition_state():316] send defer: 3
2023-06-14 15:08:29,227 DEBUG   HandlerThread:11399 [handler.py:handle_request():126] handle_request: defer
2023-06-14 15:08:29,227 INFO    HandlerThread:11399 [handler.py:handle_request_defer():143] handle defer: 3
2023-06-14 15:08:29,228 DEBUG   SenderThread:11399 [sender.py:send():182] send: summary
2023-06-14 15:08:29,229 INFO    SenderThread:11399 [sender.py:_save_file():873] saving file wandb-summary.json with policy end
2023-06-14 15:08:29,229 DEBUG   SenderThread:11399 [sender.py:send_request():196] send_request: defer
2023-06-14 15:08:29,230 INFO    SenderThread:11399 [sender.py:send_request_defer():312] handle sender defer: 3
2023-06-14 15:08:29,230 INFO    SenderThread:11399 [sender.py:transition_state():316] send defer: 4
2023-06-14 15:08:29,230 DEBUG   HandlerThread:11399 [handler.py:handle_request():126] handle_request: defer
2023-06-14 15:08:29,230 INFO    HandlerThread:11399 [handler.py:handle_request_defer():143] handle defer: 4
2023-06-14 15:08:29,231 DEBUG   SenderThread:11399 [sender.py:send_request():196] send_request: defer
2023-06-14 15:08:29,231 INFO    SenderThread:11399 [sender.py:send_request_defer():312] handle sender defer: 4
2023-06-14 15:08:29,257 DEBUG   HandlerThread:11399 [handler.py:handle_request():126] handle_request: poll_exit
2023-06-14 15:08:29,662 INFO    SenderThread:11399 [sender.py:transition_state():316] send defer: 5
2023-06-14 15:08:29,663 DEBUG   SenderThread:11399 [sender.py:send_request():196] send_request: poll_exit
2023-06-14 15:08:29,663 DEBUG   HandlerThread:11399 [handler.py:handle_request():126] handle_request: defer
2023-06-14 15:08:29,664 INFO    HandlerThread:11399 [handler.py:handle_request_defer():143] handle defer: 5
2023-06-14 15:08:29,664 DEBUG   SenderThread:11399 [sender.py:send_request():196] send_request: defer
2023-06-14 15:08:29,664 INFO    SenderThread:11399 [sender.py:send_request_defer():312] handle sender defer: 5
2023-06-14 15:08:29,664 INFO    SenderThread:11399 [dir_watcher.py:finish():283] shutting down directory watcher
2023-06-14 15:08:29,765 DEBUG   HandlerThread:11399 [handler.py:handle_request():126] handle_request: poll_exit
2023-06-14 15:08:30,092 INFO    SenderThread:11399 [dir_watcher.py:_on_file_modified():230] file/dir modified: /home/utente/Scrivania/PROVA/LADD/wandb/run-20230614_150124-1nlunnbw/files/wandb-summary.json
2023-06-14 15:08:30,092 INFO    SenderThread:11399 [dir_watcher.py:_on_file_modified():230] file/dir modified: /home/utente/Scrivania/PROVA/LADD/wandb/run-20230614_150124-1nlunnbw/files/output.log
2023-06-14 15:08:30,093 INFO    SenderThread:11399 [dir_watcher.py:_on_file_modified():230] file/dir modified: /home/utente/Scrivania/PROVA/LADD/wandb/run-20230614_150124-1nlunnbw/files/config.yaml
2023-06-14 15:08:30,094 INFO    SenderThread:11399 [dir_watcher.py:finish():313] scan: /home/utente/Scrivania/PROVA/LADD/wandb/run-20230614_150124-1nlunnbw/files
2023-06-14 15:08:30,094 INFO    SenderThread:11399 [dir_watcher.py:finish():327] scan save: /home/utente/Scrivania/PROVA/LADD/wandb/run-20230614_150124-1nlunnbw/files/config.yaml config.yaml
2023-06-14 15:08:30,094 INFO    SenderThread:11399 [dir_watcher.py:finish():327] scan save: /home/utente/Scrivania/PROVA/LADD/wandb/run-20230614_150124-1nlunnbw/files/requirements.txt requirements.txt
2023-06-14 15:08:30,095 INFO    SenderThread:11399 [dir_watcher.py:finish():327] scan save: /home/utente/Scrivania/PROVA/LADD/wandb/run-20230614_150124-1nlunnbw/files/output.log output.log
2023-06-14 15:08:30,095 INFO    SenderThread:11399 [dir_watcher.py:finish():327] scan save: /home/utente/Scrivania/PROVA/LADD/wandb/run-20230614_150124-1nlunnbw/files/wandb-summary.json wandb-summary.json
2023-06-14 15:08:30,096 INFO    SenderThread:11399 [dir_watcher.py:finish():327] scan save: /home/utente/Scrivania/PROVA/LADD/wandb/run-20230614_150124-1nlunnbw/files/conda-environment.yaml conda-environment.yaml
2023-06-14 15:08:30,096 INFO    SenderThread:11399 [dir_watcher.py:finish():327] scan save: /home/utente/Scrivania/PROVA/LADD/wandb/run-20230614_150124-1nlunnbw/files/wandb-metadata.json wandb-metadata.json
2023-06-14 15:08:30,135 INFO    SenderThread:11399 [dir_watcher.py:finish():327] scan save: /home/utente/Scrivania/PROVA/LADD/wandb/run-20230614_150124-1nlunnbw/files/checkpoints/federated/cityscapes/multi_deeplabv3_r1_e1_cl3_heterogeneous_lr0.05_bs8_rs42_prova_pc_1nlunnbw.ckpt checkpoints/federated/cityscapes/multi_deeplabv3_r1_e1_cl3_heterogeneous_lr0.05_bs8_rs42_prova_pc_1nlunnbw.ckpt
2023-06-14 15:08:30,138 INFO    SenderThread:11399 [sender.py:transition_state():316] send defer: 6
2023-06-14 15:08:30,138 DEBUG   SenderThread:11399 [sender.py:send_request():196] send_request: poll_exit
2023-06-14 15:08:30,158 DEBUG   HandlerThread:11399 [handler.py:handle_request():126] handle_request: defer
2023-06-14 15:08:30,159 INFO    HandlerThread:11399 [handler.py:handle_request_defer():143] handle defer: 6
2023-06-14 15:08:30,159 DEBUG   SenderThread:11399 [sender.py:send_request():196] send_request: defer
2023-06-14 15:08:30,159 INFO    SenderThread:11399 [sender.py:send_request_defer():312] handle sender defer: 6
2023-06-14 15:08:30,159 INFO    SenderThread:11399 [file_pusher.py:finish():177] shutting down file pusher
2023-06-14 15:08:30,241 DEBUG   HandlerThread:11399 [handler.py:handle_request():126] handle_request: poll_exit
2023-06-14 15:08:30,242 DEBUG   SenderThread:11399 [sender.py:send_request():196] send_request: poll_exit
2023-06-14 15:08:30,346 DEBUG   HandlerThread:11399 [handler.py:handle_request():126] handle_request: poll_exit
2023-06-14 15:08:30,347 DEBUG   SenderThread:11399 [sender.py:send_request():196] send_request: poll_exit
2023-06-14 15:08:30,464 DEBUG   HandlerThread:11399 [handler.py:handle_request():126] handle_request: poll_exit
2023-06-14 15:08:30,536 DEBUG   SenderThread:11399 [sender.py:send_request():196] send_request: poll_exit
2023-06-14 15:08:30,639 DEBUG   HandlerThread:11399 [handler.py:handle_request():126] handle_request: poll_exit
2023-06-14 15:08:30,640 DEBUG   SenderThread:11399 [sender.py:send_request():196] send_request: poll_exit
2023-06-14 15:08:30,744 DEBUG   HandlerThread:11399 [handler.py:handle_request():126] handle_request: poll_exit
2023-06-14 15:08:30,745 DEBUG   SenderThread:11399 [sender.py:send_request():196] send_request: poll_exit
2023-06-14 15:08:30,849 DEBUG   HandlerThread:11399 [handler.py:handle_request():126] handle_request: poll_exit
2023-06-14 15:08:30,850 DEBUG   SenderThread:11399 [sender.py:send_request():196] send_request: poll_exit
2023-06-14 15:08:30,953 DEBUG   HandlerThread:11399 [handler.py:handle_request():126] handle_request: poll_exit
2023-06-14 15:08:30,954 DEBUG   SenderThread:11399 [sender.py:send_request():196] send_request: poll_exit
2023-06-14 15:08:31,058 DEBUG   HandlerThread:11399 [handler.py:handle_request():126] handle_request: poll_exit
2023-06-14 15:08:31,059 DEBUG   SenderThread:11399 [sender.py:send_request():196] send_request: poll_exit
2023-06-14 15:08:31,163 DEBUG   HandlerThread:11399 [handler.py:handle_request():126] handle_request: poll_exit
2023-06-14 15:08:31,164 DEBUG   SenderThread:11399 [sender.py:send_request():196] send_request: poll_exit
2023-06-14 15:08:31,237 INFO    Thread-20 :11399 [upload_job.py:push():137] Uploaded file /home/utente/Scrivania/PROVA/LADD/wandb/run-20230614_150124-1nlunnbw/files/output.log
2023-06-14 15:08:31,238 INFO    Thread-18 :11399 [upload_job.py:push():137] Uploaded file /home/utente/Scrivania/PROVA/LADD/wandb/run-20230614_150124-1nlunnbw/files/config.yaml
2023-06-14 15:08:31,239 INFO    Thread-21 :11399 [upload_job.py:push():137] Uploaded file /home/utente/Scrivania/PROVA/LADD/wandb/run-20230614_150124-1nlunnbw/files/wandb-summary.json
2023-06-14 15:08:31,240 INFO    Thread-19 :11399 [upload_job.py:push():137] Uploaded file /home/utente/Scrivania/PROVA/LADD/wandb/run-20230614_150124-1nlunnbw/files/requirements.txt
2023-06-14 15:08:31,242 INFO    Thread-22 :11399 [upload_job.py:push():137] Uploaded file /home/utente/Scrivania/PROVA/LADD/wandb/run-20230614_150124-1nlunnbw/files/conda-environment.yaml
2023-06-14 15:08:31,267 DEBUG   HandlerThread:11399 [handler.py:handle_request():126] handle_request: poll_exit
2023-06-14 15:08:31,267 DEBUG   SenderThread:11399 [sender.py:send_request():196] send_request: poll_exit
2023-06-14 15:08:31,370 DEBUG   HandlerThread:11399 [handler.py:handle_request():126] handle_request: poll_exit
2023-06-14 15:08:31,371 DEBUG   SenderThread:11399 [sender.py:send_request():196] send_request: poll_exit
2023-06-14 15:08:31,444 INFO    Thread-12 :11399 [sender.py:transition_state():316] send defer: 7
2023-06-14 15:08:31,446 DEBUG   HandlerThread:11399 [handler.py:handle_request():126] handle_request: defer
2023-06-14 15:08:31,446 INFO    HandlerThread:11399 [handler.py:handle_request_defer():143] handle defer: 7
2023-06-14 15:08:31,447 DEBUG   SenderThread:11399 [sender.py:send_request():196] send_request: defer
2023-06-14 15:08:31,448 INFO    SenderThread:11399 [sender.py:send_request_defer():312] handle sender defer: 7
2023-06-14 15:08:31,474 DEBUG   HandlerThread:11399 [handler.py:handle_request():126] handle_request: poll_exit
2023-06-14 15:08:32,155 INFO    SenderThread:11399 [sender.py:transition_state():316] send defer: 8
2023-06-14 15:08:32,156 DEBUG   SenderThread:11399 [sender.py:send_request():196] send_request: poll_exit
2023-06-14 15:08:32,158 DEBUG   HandlerThread:11399 [handler.py:handle_request():126] handle_request: defer
2023-06-14 15:08:32,158 INFO    HandlerThread:11399 [handler.py:handle_request_defer():143] handle defer: 8
2023-06-14 15:08:32,159 DEBUG   SenderThread:11399 [sender.py:send_request():196] send_request: defer
2023-06-14 15:08:32,159 INFO    SenderThread:11399 [sender.py:send_request_defer():312] handle sender defer: 8
2023-06-14 15:08:32,160 INFO    SenderThread:11399 [sender.py:transition_state():316] send defer: 9
2023-06-14 15:08:32,162 DEBUG   HandlerThread:11399 [handler.py:handle_request():126] handle_request: defer
2023-06-14 15:08:32,163 INFO    HandlerThread:11399 [handler.py:handle_request_defer():143] handle defer: 9
2023-06-14 15:08:32,164 DEBUG   SenderThread:11399 [sender.py:send():182] send: final
2023-06-14 15:08:32,164 DEBUG   SenderThread:11399 [sender.py:send():182] send: footer
2023-06-14 15:08:32,164 DEBUG   SenderThread:11399 [sender.py:send_request():196] send_request: defer
2023-06-14 15:08:32,165 INFO    SenderThread:11399 [sender.py:send_request_defer():312] handle sender defer: 9
2023-06-14 15:08:32,260 DEBUG   HandlerThread:11399 [handler.py:handle_request():126] handle_request: poll_exit
2023-06-14 15:08:32,261 DEBUG   SenderThread:11399 [sender.py:send_request():196] send_request: poll_exit
2023-06-14 15:08:32,262 INFO    SenderThread:11399 [file_pusher.py:join():182] waiting for file pusher
2023-06-14 15:08:32,265 DEBUG   HandlerThread:11399 [handler.py:handle_request():126] handle_request: get_summary
2023-06-14 15:08:32,269 DEBUG   HandlerThread:11399 [handler.py:handle_request():126] handle_request: sampled_history
2023-06-14 15:08:32,273 DEBUG   HandlerThread:11399 [handler.py:handle_request():126] handle_request: shutdown
2023-06-14 15:08:32,273 INFO    HandlerThread:11399 [handler.py:finish():683] shutting down handler
2023-06-14 15:08:33,166 INFO    WriterThread:11399 [datastore.py:close():281] close: /home/utente/Scrivania/PROVA/LADD/wandb/run-20230614_150124-1nlunnbw/run-1nlunnbw.wandb
2023-06-14 15:08:33,263 INFO    SenderThread:11399 [sender.py:finish():979] shutting down sender
2023-06-14 15:08:33,263 INFO    SenderThread:11399 [file_pusher.py:finish():177] shutting down file pusher
2023-06-14 15:08:33,264 INFO    SenderThread:11399 [file_pusher.py:join():182] waiting for file pusher
2023-06-14 15:08:33,602 INFO    MainThread:11399 [internal.py:handle_exit():76] Internal process exited
