Done.
Setting up the random seed for reproducibility...
Done.
dynamic_import - class_name:  OracleTrainer
Initializing model...
Done.
Initializing datasets...
split_data[user] {'x': ['train/dusseldorf/dusseldorf_000186_000019_leftImg8bit.png', 'train/dusseldorf/dusseldorf_000195_000019_leftImg8bit.png', 'train/dusseldorf/dusseldorf_000040_000019_leftImg8bit.png', 'train/dusseldorf/dusseldorf_000065_000019_leftImg8bit.png', 'train/dusseldorf/dusseldorf_000200_000019_leftImg8bit.png', 'train/dusseldorf/dusseldorf_000076_000019_leftImg8bit.png', 'train/dusseldorf/dusseldorf_000042_000019_leftImg8bit.png', 'train/dusseldorf/dusseldorf_000100_000019_leftImg8bit.png', 'train/dusseldorf/dusseldorf_000188_000019_leftImg8bit.png', 'train/dusseldorf/dusseldorf_000096_000019_leftImg8bit.png', 'train/dusseldorf/dusseldorf_000158_000019_leftImg8bit.png', 'train/dusseldorf/dusseldorf_000023_000019_leftImg8bit.png', 'train/dusseldorf/dusseldorf_000145_000019_leftImg8bit.png', 'train/dusseldorf/dusseldorf_000072_000019_leftImg8bit.png', 'train/dusseldorf/dusseldorf_000104_000019_leftImg8bit.png', 'train/dusseldorf/dusseldorf_000142_000019_leftImg8bit.png', 'train/dusseldorf/dusseldorf_000060_000019_leftImg8bit.png', 'train/dusseldorf/dusseldorf_000125_000019_leftImg8bit.png', 'train/dusseldorf/dusseldorf_000027_000019_leftImg8bit.png', 'train/dusseldorf/dusseldorf_000098_000019_leftImg8bit.png', 'train/dusseldorf/dusseldorf_000211_000019_leftImg8bit.png', 'train/dusseldorf/dusseldorf_000138_000019_leftImg8bit.png', 'train/dusseldorf/dusseldorf_000061_000019_leftImg8bit.png', 'train/dusseldorf/dusseldorf_000190_000019_leftImg8bit.png', 'train/dusseldorf/dusseldorf_000182_000019_leftImg8bit.png', 'train/dusseldorf/dusseldorf_000084_000019_leftImg8bit.png', 'train/dusseldorf/dusseldorf_000034_000019_leftImg8bit.png'], 'y': ['train/dusseldorf/dusseldorf_000186_000019_gtFine_labelIds.png', 'train/dusseldorf/dusseldorf_000195_000019_gtFine_labelIds.png', 'train/dusseldorf/dusseldorf_000040_000019_gtFine_labelIds.png', 'train/dusseldorf/dusseldorf_000065_000019_gtFine_labelIds.png', 'train/dusseldorf/dusseldorf_000200_000019_gtFine_labelIds.png', 'train/dusseldorf/dusseldorf_000076_000019_gtFine_labelIds.png', 'train/dusseldorf/dusseldorf_000042_000019_gtFine_labelIds.png', 'train/dusseldorf/dusseldorf_000100_000019_gtFine_labelIds.png', 'train/dusseldorf/dusseldorf_000188_000019_gtFine_labelIds.png', 'train/dusseldorf/dusseldorf_000096_000019_gtFine_labelIds.png', 'train/dusseldorf/dusseldorf_000158_000019_gtFine_labelIds.png', 'train/dusseldorf/dusseldorf_000023_000019_gtFine_labelIds.png', 'train/dusseldorf/dusseldorf_000145_000019_gtFine_labelIds.png', 'train/dusseldorf/dusseldorf_000072_000019_gtFine_labelIds.png', 'train/dusseldorf/dusseldorf_000104_000019_gtFine_labelIds.png', 'train/dusseldorf/dusseldorf_000142_000019_gtFine_labelIds.png', 'train/dusseldorf/dusseldorf_000060_000019_gtFine_labelIds.png', 'train/dusseldorf/dusseldorf_000125_000019_gtFine_labelIds.png', 'train/dusseldorf/dusseldorf_000027_000019_gtFine_labelIds.png', 'train/dusseldorf/dusseldorf_000098_000019_gtFine_labelIds.png', 'train/dusseldorf/dusseldorf_000211_000019_gtFine_labelIds.png', 'train/dusseldorf/dusseldorf_000138_000019_gtFine_labelIds.png', 'train/dusseldorf/dusseldorf_000061_000019_gtFine_labelIds.png', 'train/dusseldorf/dusseldorf_000190_000019_gtFine_labelIds.png', 'train/dusseldorf/dusseldorf_000182_000019_gtFine_labelIds.png', 'train/dusseldorf/dusseldorf_000084_000019_gtFine_labelIds.png', 'train/dusseldorf/dusseldorf_000034_000019_gtFine_labelIds.png']}
words ['train/dusseldorf/dusseldorf_000186_000019_leftImg8bit_HHA.png', 'train/dusseldorf/dusseldorf_000195_000019_leftImg8bit_HHA.png', 'train/dusseldorf/dusseldorf_000040_000019_leftImg8bit_HHA.png', 'train/dusseldorf/dusseldorf_000065_000019_leftImg8bit_HHA.png', 'train/dusseldorf/dusseldorf_000200_000019_leftImg8bit_HHA.png', 'train/dusseldorf/dusseldorf_000076_000019_leftImg8bit_HHA.png', 'train/dusseldorf/dusseldorf_000042_000019_leftImg8bit_HHA.png', 'train/dusseldorf/dusseldorf_000100_000019_leftImg8bit_HHA.png', 'train/dusseldorf/dusseldorf_000188_000019_leftImg8bit_HHA.png', 'train/dusseldorf/dusseldorf_000096_000019_leftImg8bit_HHA.png', 'train/dusseldorf/dusseldorf_000158_000019_leftImg8bit_HHA.png', 'train/dusseldorf/dusseldorf_000023_000019_leftImg8bit_HHA.png', 'train/dusseldorf/dusseldorf_000145_000019_leftImg8bit_HHA.png', 'train/dusseldorf/dusseldorf_000072_000019_leftImg8bit_HHA.png', 'train/dusseldorf/dusseldorf_000104_000019_leftImg8bit_HHA.png', 'train/dusseldorf/dusseldorf_000142_000019_leftImg8bit_HHA.png', 'train/dusseldorf/dusseldorf_000060_000019_leftImg8bit_HHA.png', 'train/dusseldorf/dusseldorf_000125_000019_leftImg8bit_HHA.png', 'train/dusseldorf/dusseldorf_000027_000019_leftImg8bit_HHA.png', 'train/dusseldorf/dusseldorf_000098_000019_leftImg8bit_HHA.png', 'train/dusseldorf/dusseldorf_000211_000019_leftImg8bit_HHA.png', 'train/dusseldorf/dusseldorf_000138_000019_leftImg8bit_HHA.png', 'train/dusseldorf/dusseldorf_000061_000019_leftImg8bit_HHA.png', 'train/dusseldorf/dusseldorf_000190_000019_leftImg8bit_HHA.png', 'train/dusseldorf/dusseldorf_000182_000019_leftImg8bit_HHA.png', 'train/dusseldorf/dusseldorf_000084_000019_leftImg8bit_HHA.png', 'train/dusseldorf/dusseldorf_000034_000019_leftImg8bit_HHA.png']
Done.
Initializing clients...
dynamic_import - class_name:  OracleClient
Traceback (most recent call last):
  File "/home/utente/Scrivania/PROVA/LADD/src/run.py", line 49, in <module>
    run_experiment()
  File "/home/utente/Scrivania/PROVA/LADD/src/run.py", line 15, in run_experiment
    trainer = trainer_class(args, writer, device, rank, world_size)
  File "/home/utente/Scrivania/PROVA/LADD/src/federated/trainers/oracle_trainer.py", line 8, in __init__
    super().__init__(args, writer, device, rank, world_size)
  File "/home/utente/Scrivania/PROVA/LADD/src/federated/trainers/trainer.py", line 11, in __init__
    super().__init__(args, writer, device, rank, world_size)
  File "/home/utente/Scrivania/PROVA/LADD/src/general_trainer.py", line 61, in __init__
    self.__clients_setup()
  File "/home/utente/Scrivania/PROVA/LADD/src/general_trainer.py", line 145, in __clients_setup
    cl = client_class(**cl_args, batch_size=batch_size, test_user=split == 'test')
  File "/home/utente/Scrivania/PROVA/LADD/src/clients/oracle_client.py", line 16, in __init__
    super().__init__(args, client_id, dataset, model, writer, batch_size, world_size, rank, num_gpu,
  File "/home/utente/Scrivania/PROVA/LADD/src/clients/client.py", line 65, in __init__
    self.profiler_path = os.path.join('profiler', self.args.profiler_folder) if self.args.profiler_folder else None
  File "/home/utente/Scrivania/PROVA/LADD/src/clients/client.py", line 65, in __init__
    self.profiler_path = os.path.join('profiler', self.args.profiler_folder) if self.args.profiler_folder else None
  File "_pydevd_bundle/pydevd_cython.pyx", line 1589, in _pydevd_bundle.pydevd_cython.ThreadTracer.__call__
  File "_pydevd_bundle/pydevd_cython.pyx", line 929, in _pydevd_bundle.pydevd_cython.PyDBFrame.trace_dispatch
  File "_pydevd_bundle/pydevd_cython.pyx", line 920, in _pydevd_bundle.pydevd_cython.PyDBFrame.trace_dispatch
  File "_pydevd_bundle/pydevd_cython.pyx", line 317, in _pydevd_bundle.pydevd_cython.PyDBFrame.do_wait_suspend
  File "/home/utente/pycharm/plugins/python-ce/helpers/pydev/pydevd.py", line 1160, in do_wait_suspend
    self._do_wait_suspend(thread, frame, event, arg, suspend_type, from_this_thread)
  File "/home/utente/pycharm/plugins/python-ce/helpers/pydev/pydevd.py", line 1174, in _do_wait_suspend
    self.process_internal_commands()
  File "/home/utente/pycharm/plugins/python-ce/helpers/pydev/pydevd.py", line 828, in process_internal_commands
    self.notify_thread_created(thread_id, t, use_lock=False)
KeyboardInterrupt
During handling of the above exception, another exception occurred:
Traceback (most recent call last):
  File "/home/utente/pycharm/plugins/python-ce/helpers/pydev/pydevd.py", line 2195, in <module>
    main()
  File "/home/utente/pycharm/plugins/python-ce/helpers/pydev/pydevd.py", line 2179, in main
    handle_keyboard_interrupt()
  File "/home/utente/pycharm/plugins/python-ce/helpers/pydev/pydevd.py", line 1997, in handle_keyboard_interrupt
    traceback.print_exception(type(value), value, tb, limit=limit)
  File "/home/utente/anaconda3/envs/LADD/lib/python3.9/traceback.py", line 103, in print_exception
    for line in TracebackException(
  File "/home/utente/anaconda3/envs/LADD/lib/python3.9/traceback.py", line 517, in __init__
    self.stack = StackSummary.extract(
  File "/home/utente/anaconda3/envs/LADD/lib/python3.9/traceback.py", line 366, in extract
    f.line
  File "/home/utente/anaconda3/envs/LADD/lib/python3.9/traceback.py", line 288, in line
    self._line = linecache.getline(self.filename, self.lineno).strip()
  File "/home/utente/anaconda3/envs/LADD/lib/python3.9/linecache.py", line 30, in getline
    lines = getlines(filename, module_globals)
  File "/home/utente/anaconda3/envs/LADD/lib/python3.9/linecache.py", line 46, in getlines
    return updatecache(filename, module_globals)
  File "/home/utente/anaconda3/envs/LADD/lib/python3.9/linecache.py", line 137, in updatecache
    lines = fp.readlines()
  File "/home/utente/anaconda3/envs/LADD/lib/python3.9/codecs.py", line 319, in decode
    def decode(self, input, final=False):
KeyboardInterrupt